{"numTotalTestSuites":12,"numPassedTestSuites":12,"numFailedTestSuites":0,"numPendingTestSuites":0,"numTotalTests":63,"numPassedTests":63,"numFailedTests":0,"numPendingTests":0,"numTodoTests":0,"snapshot":{"added":0,"failure":false,"filesAdded":0,"filesRemoved":0,"filesRemovedList":[],"filesUnmatched":0,"filesUpdated":0,"matched":0,"total":0,"unchecked":0,"uncheckedKeysByFile":[],"unmatched":0,"updated":0,"didUpdate":false},"startTime":1783411992600,"success":true,"testResults":[{"assertionResults":[{"ancestorTitles":["AuthContext"],"fullName":"AuthContext provider exposes isAuthenticated as false initially","status":"passed","title":"provider exposes isAuthenticated as false initially","duration":86.51989999999978,"failureMessages":[],"meta":{},"tags":[]},{"ancestorTitles":["AuthContext"],"fullName":"AuthContext provider exposes availableProviders initially null","status":"passed","title":"provider exposes availableProviders initially null","duration":5.5052999999998065,"failureMessages":[],"meta":{},"tags":[]},{"ancestorTitles":["AuthContext"],"fullName":"AuthContext provider exposes superAdminEnabled as false initially","status":"passed","title":"provider exposes superAdminEnabled as false initially","duration":3.252400000000307,"failureMessages":[],"meta":{},"tags":[]},{"ancestorTitles":["AuthContext"],"fullName":"AuthContext provider exposes isSuperAdmin as false initially","status":"passed","title":"provider exposes isSuperAdmin as false initially","duration":3.9544999999998254,"failureMessages":[],"meta":{},"tags":[]},{"ancestorTitles":["AuthContext"],"fullName":"AuthContext setToken updates the token and recognizes super admin","status":"passed","title":"setToken updates the token and recognizes super admin","duration":7.58829999999989,"failureMessages":[],"meta":{},"tags":[]},{"ancestorTitles":["AuthContext"],"fullName":"AuthContext setToken with non-super-admin token sets isSuperAdmin to false","status":"passed","title":"setToken with non-super-admin token sets isSuperAdmin to false","duration":4.671599999999671,"failureMessages":[],"meta":{},"tags":[]},{"ancestorTitles":["AuthContext"],"fullName":"AuthContext setToken with expired token sets isAuthenticated to false","status":"passed","title":"setToken with expired token sets isAuthenticated to false","duration":4.81939999999986,"failureMessages":[],"meta":{},"tags":[]},{"ancestorTitles":["AuthContext"],"fullName":"AuthContext stores token in localStorage when setToken called","status":"passed","title":"stores token in localStorage when setToken called","duration":5.285000000000309,"failureMessages":[],"meta":{},"tags":[]},{"ancestorTitles":["AuthContext"],"fullName":"AuthContext logout clears tokens from storage","status":"passed","title":"logout clears tokens from storage","duration":3.8926000000001295,"failureMessages":[],"meta":{},"tags":[]},{"ancestorTitles":["AuthContext"],"fullName":"AuthContext logout clears token from state","status":"passed","title":"logout clears token from state","duration":1.953099999999722,"failureMessages":[],"meta":{},"tags":[]},{"ancestorTitles":["AuthContext"],"fullName":"AuthContext logout resets availableProviders to null","status":"passed","title":"logout resets availableProviders to null","duration":2.164800000000014,"failureMessages":[],"meta":{},"tags":[]},{"ancestorTitles":["AuthContext"],"fullName":"AuthContext logout resets superAdminEnabled to false","status":"passed","title":"logout resets superAdminEnabled to false","duration":2.8656999999998334,"failureMessages":[],"meta":{},"tags":[]},{"ancestorTitles":["AuthContext"],"fullName":"AuthContext super admin logout redirects to /login","status":"passed","title":"super admin logout redirects to /login","duration":3.0234999999997854,"failureMessages":[],"meta":{},"tags":[]},{"ancestorTitles":["AuthContext"],"fullName":"AuthContext non-super-admin logout redirects to Keycloak logout","status":"passed","title":"non-super-admin logout redirects to Keycloak logout","duration":3.439900000000307,"failureMessages":[],"meta":{},"tags":[]},{"ancestorTitles":["AuthContext"],"fullName":"AuthContext discovers providers and super admin status on mount","status":"passed","title":"discovers providers and super admin status on mount","duration":64.18719999999985,"failureMessages":[],"meta":{},"tags":[]},{"ancestorTitles":["AuthContext"],"fullName":"AuthContext handles failed provider discovery gracefully","status":"passed","title":"handles failed provider discovery gracefully","duration":2.871299999999792,"failureMessages":[],"meta":{},"tags":[]},{"ancestorTitles":["AuthContext"],"fullName":"AuthContext handles failed super admin status discovery gracefully","status":"passed","title":"handles failed super admin status discovery gracefully","duration":10.425600000000031,"failureMessages":[],"meta":{},"tags":[]},{"ancestorTitles":["AuthContext"],"fullName":"AuthContext maps multiple providers correctly","status":"passed","title":"maps multiple providers correctly","duration":76.59029999999984,"failureMessages":[],"meta":{},"tags":[]},{"ancestorTitles":["AuthContext"],"fullName":"AuthContext re-discovers providers when token changes","status":"passed","title":"re-discovers providers when token changes","duration":15.798999999999978,"failureMessages":[],"meta":{},"tags":[]},{"ancestorTitles":["AuthContext"],"fullName":"AuthContext detects is_super_admin from JWT claims","status":"passed","title":"detects is_super_admin from JWT claims","duration":1.7287999999998647,"failureMessages":[],"meta":{},"tags":[]},{"ancestorTitles":["AuthContext"],"fullName":"AuthContext detects normal user (not super admin) from JWT claims","status":"passed","title":"detects normal user (not super admin) from JWT claims","duration":1.419499999999971,"failureMessages":[],"meta":{},"tags":[]},{"ancestorTitles":["AuthContext"],"fullName":"AuthContext handles malformed JWT gracefully","status":"passed","title":"handles malformed JWT gracefully","duration":1.6617000000001099,"failureMessages":[],"meta":{},"tags":[]},{"ancestorTitles":["AuthContext"],"fullName":"AuthContext handles empty token gracefully","status":"passed","title":"handles empty token gracefully","duration":2.769600000000082,"failureMessages":[],"meta":{},"tags":[]}],"startTime":1783411996503,"endTime":1783411996820.7695,"status":"passed","message":"","name":"C:/Users/rhu/source/personal/coding-workspace/Parthenon/frontend/src/__tests__/AuthContext.test.tsx"},{"assertionResults":[{"ancestorTitles":["IdentityProvidersConfigPage"],"fullName":"IdentityProvidersConfigPage renders the page title","status":"passed","title":"renders the page title","duration":3173.7729999999997,"failureMessages":[],"meta":{},"tags":[]},{"ancestorTitles":["IdentityProvidersConfigPage"],"fullName":"IdentityProvidersConfigPage renders three tabs","status":"passed","title":"renders three tabs","duration":28.952500000000327,"failureMessages":[],"meta":{},"tags":[]},{"ancestorTitles":["IdentityProvidersConfigPage"],"fullName":"IdentityProvidersConfigPage shows user provider form by default (tab 0)","status":"passed","title":"shows user provider form by default (tab 0)","duration":21.090100000000348,"failureMessages":[],"meta":{},"tags":[]},{"ancestorTitles":["IdentityProvidersConfigPage"],"fullName":"IdentityProvidersConfigPage switches to agent provider tab","status":"passed","title":"switches to agent provider tab","duration":56.74120000000039,"failureMessages":[],"meta":{},"tags":[]},{"ancestorTitles":["IdentityProvidersConfigPage"],"fullName":"IdentityProvidersConfigPage shows Same as User toggle on agent tab","status":"passed","title":"shows Same as User toggle on agent tab","duration":48.179700000000594,"failureMessages":[],"meta":{},"tags":[]},{"ancestorTitles":["IdentityProvidersConfigPage"],"fullName":"IdentityProvidersConfigPage switches to General Settings tab","status":"passed","title":"switches to General Settings tab","duration":44.7537999999995,"failureMessages":[],"meta":{},"tags":[]},{"ancestorTitles":["IdentityProvidersConfigPage"],"fullName":"IdentityProvidersConfigPage General Settings tab hides user provider form","status":"passed","title":"General Settings tab hides user provider form","duration":31.608000000000175,"failureMessages":[],"meta":{},"tags":[]},{"ancestorTitles":["IdentityProvidersConfigPage"],"fullName":"IdentityProvidersConfigPage tab switching back to user tab shows form again","status":"passed","title":"tab switching back to user tab shows form again","duration":47.54240000000027,"failureMessages":[],"meta":{},"tags":[]},{"ancestorTitles":["IdentityProvidersConfigPage"],"fullName":"IdentityProvidersConfigPage triggers save on user provider form submission and shows success toast","status":"passed","title":"triggers save on user provider form submission and shows success toast","duration":47.58050000000003,"failureMessages":[],"meta":{},"tags":[]},{"ancestorTitles":["IdentityProvidersConfigPage"],"fullName":"IdentityProvidersConfigPage triggers save on agent provider form and shows success","status":"passed","title":"triggers save on agent provider form and shows success","duration":63.27139999999963,"failureMessages":[],"meta":{},"tags":[]},{"ancestorTitles":["IdentityProvidersConfigPage"],"fullName":"IdentityProvidersConfigPage shows error when save fails","status":"passed","title":"shows error when save fails","duration":35.85570000000007,"failureMessages":[],"meta":{},"tags":[]},{"ancestorTitles":["IdentityProvidersConfigPage"],"fullName":"IdentityProvidersConfigPage passes existing config data to user provider form","status":"passed","title":"passes existing config data to user provider form","duration":15.841400000000249,"failureMessages":[],"meta":{},"tags":[]},{"ancestorTitles":["IdentityProvidersConfigPage"],"fullName":"IdentityProvidersConfigPage passes existing config data to agent provider form","status":"passed","title":"passes existing config data to agent provider form","duration":43.32920000000013,"failureMessages":[],"meta":{},"tags":[]},{"ancestorTitles":["IdentityProvidersConfigPage"],"fullName":"IdentityProvidersConfigPage passes super admin status to SuperAdminConfigSection","status":"passed","title":"passes super admin status to SuperAdminConfigSection","duration":30.526300000000447,"failureMessages":[],"meta":{},"tags":[]},{"ancestorTitles":["IdentityProvidersConfigPage"],"fullName":"IdentityProvidersConfigPage handles empty providers gracefully","status":"passed","title":"handles empty providers gracefully","duration":22.54530000000068,"failureMessages":[],"meta":{},"tags":[]},{"ancestorTitles":["IdentityProvidersConfigPage"],"fullName":"IdentityProvidersConfigPage handles failed super admin status fetch gracefully","status":"passed","title":"handles failed super admin status fetch gracefully","duration":24.060999999999694,"failureMessages":[],"meta":{},"tags":[]},{"ancestorTitles":["IdentityProvidersConfigPage"],"fullName":"IdentityProvidersConfigPage shows loading spinner while fetching","status":"passed","title":"shows loading spinner while fetching","duration":3.1195999999999913,"failureMessages":[],"meta":{},"tags":[]}],"startTime":1783411996719,"endTime":1783412000459.1196,"status":"passed","message":"","name":"C:/Users/rhu/source/personal/coding-workspace/Parthenon/frontend/src/__tests__/IdentityProvidersConfigPage.test.tsx"},{"assertionResults":[{"ancestorTitles":["LoginPage - state rendering","super_admin_only state"],"fullName":"LoginPage - state rendering super_admin_only state shows super admin login form","status":"passed","title":"shows super admin login form","duration":3252.6884,"failureMessages":[],"meta":{},"tags":[]},{"ancestorTitles":["LoginPage - state rendering","super_admin_only state"],"fullName":"LoginPage - state rendering super_admin_only state renders username and password fields","status":"passed","title":"renders username and password fields","duration":29.456199999999626,"failureMessages":[],"meta":{},"tags":[]},{"ancestorTitles":["LoginPage - state rendering","super_admin_only state"],"fullName":"LoginPage - state rendering super_admin_only state has login button for super admin","status":"passed","title":"has login button for super admin","duration":33.740999999999985,"failureMessages":[],"meta":{},"tags":[]},{"ancestorTitles":["LoginPage - state rendering","super_admin_only state"],"fullName":"LoginPage - state rendering super_admin_only state does not show OIDC login button","status":"passed","title":"does not show OIDC login button","duration":4.516500000000633,"failureMessages":[],"meta":{},"tags":[]},{"ancestorTitles":["LoginPage - state rendering","oidc_only state"],"fullName":"LoginPage - state rendering oidc_only state shows OIDC login button","status":"passed","title":"shows OIDC login button","duration":23.629799999999705,"failureMessages":[],"meta":{},"tags":[]},{"ancestorTitles":["LoginPage - state rendering","oidc_only state"],"fullName":"LoginPage - state rendering oidc_only state does not show super admin form","status":"passed","title":"does not show super admin form","duration":7.273600000000442,"failureMessages":[],"meta":{},"tags":[]},{"ancestorTitles":["LoginPage - state rendering","oidc_only state"],"fullName":"LoginPage - state rendering oidc_only state calls login when OIDC button clicked","status":"passed","title":"calls login when OIDC button clicked","duration":26.747999999999593,"failureMessages":[],"meta":{},"tags":[]},{"ancestorTitles":["LoginPage - state rendering","both state"],"fullName":"LoginPage - state rendering both state shows OIDC login button first","status":"passed","title":"shows OIDC login button first","duration":42.30169999999998,"failureMessages":[],"meta":{},"tags":[]},{"ancestorTitles":["LoginPage - state rendering","both state"],"fullName":"LoginPage - state rendering both state shows divider with \"or\" text","status":"passed","title":"shows divider with \"or\" text","duration":31.953300000000127,"failureMessages":[],"meta":{},"tags":[]},{"ancestorTitles":["LoginPage - state rendering","both state"],"fullName":"LoginPage - state rendering both state shows \"Login as Super Admin\" toggle button","status":"passed","title":"shows \"Login as Super Admin\" toggle button","duration":31.263999999999214,"failureMessages":[],"meta":{},"tags":[]},{"ancestorTitles":["LoginPage - state rendering","both state"],"fullName":"LoginPage - state rendering both state reveals super admin form when toggle clicked","status":"passed","title":"reveals super admin form when toggle clicked","duration":48.097899999999754,"failureMessages":[],"meta":{},"tags":[]},{"ancestorTitles":["LoginPage - state rendering","both state"],"fullName":"LoginPage - state rendering both state shows back button when super admin form is revealed","status":"passed","title":"shows back button when super admin form is revealed","duration":62.841699999999946,"failureMessages":[],"meta":{},"tags":[]},{"ancestorTitles":["LoginPage - state rendering","both state"],"fullName":"LoginPage - state rendering both state hides super admin form when back button clicked","status":"passed","title":"hides super admin form when back button clicked","duration":50.51810000000023,"failureMessages":[],"meta":{},"tags":[]},{"ancestorTitles":["LoginPage - state rendering","setup_wizard state"],"fullName":"LoginPage - state rendering setup_wizard state shows setup wizard redirect","status":"passed","title":"shows setup wizard redirect","duration":28.179200000000492,"failureMessages":[],"meta":{},"tags":[]},{"ancestorTitles":["LoginPage - state rendering","setup_wizard state"],"fullName":"LoginPage - state rendering setup_wizard state navigates to setup when button clicked","status":"passed","title":"navigates to setup when button clicked","duration":34.122299999999996,"failureMessages":[],"meta":{},"tags":[]},{"ancestorTitles":["LoginPage - state rendering","super admin login form submission"],"fullName":"LoginPage - state rendering super admin login form submission calls super admin login API on form submit","status":"passed","title":"calls super admin login API on form submit","duration":62.9409999999998,"failureMessages":[],"meta":{},"tags":[]},{"ancestorTitles":["LoginPage - state rendering","super admin login form submission"],"fullName":"LoginPage - state rendering super admin login form submission navigates to dashboard on successful login","status":"passed","title":"navigates to dashboard on successful login","duration":59.58219999999983,"failureMessages":[],"meta":{},"tags":[]},{"ancestorTitles":["LoginPage - state rendering","super admin login form submission"],"fullName":"LoginPage - state rendering super admin login form submission stores token in localStorage on successful login","status":"passed","title":"stores token in localStorage on successful login","duration":79.25810000000001,"failureMessages":[],"meta":{},"tags":[]},{"ancestorTitles":["LoginPage - state rendering","super admin login form submission"],"fullName":"LoginPage - state rendering super admin login form submission sets token via authStore setToken on success","status":"passed","title":"sets token via authStore setToken on success","duration":108.97589999999946,"failureMessages":[],"meta":{},"tags":[]},{"ancestorTitles":["LoginPage - state rendering","super admin login form submission"],"fullName":"LoginPage - state rendering super admin login form submission displays error message on failed super admin login","status":"passed","title":"displays error message on failed super admin login","duration":106.08920000000035,"failureMessages":[],"meta":{},"tags":[]},{"ancestorTitles":["LoginPage - state rendering","super admin login form submission"],"fullName":"LoginPage - state rendering super admin login form submission does not navigate to dashboard on failed login","status":"passed","title":"does not navigate to dashboard on failed login","duration":82.35720000000038,"failureMessages":[],"meta":{},"tags":[]},{"ancestorTitles":["LoginPage - state rendering","super admin login form submission"],"fullName":"LoginPage - state rendering super admin login form submission login button is disabled when fields are empty","status":"passed","title":"login button is disabled when fields are empty","duration":62.547599999999875,"failureMessages":[],"meta":{},"tags":[]},{"ancestorTitles":["LoginPage - state rendering","loading spinner"],"fullName":"LoginPage - state rendering loading spinner shows loading spinner while discovering providers","status":"passed","title":"shows loading spinner while discovering providers","duration":2.749200000000201,"failureMessages":[],"meta":{},"tags":[]}],"startTime":1783411996766,"endTime":1783412001039.7493,"status":"passed","message":"","name":"C:/Users/rhu/source/personal/coding-workspace/Parthenon/frontend/src/__tests__/LoginPage.refined.test.tsx"}]}