{"numTotalTestSuites":2,"numPassedTestSuites":0,"numFailedTestSuites":2,"numPendingTestSuites":0,"numTotalTests":42,"numPassedTests":37,"numFailedTests":5,"numPendingTests":0,"numTodoTests":0,"snapshot":{"added":0,"failure":false,"filesAdded":0,"filesRemoved":0,"filesRemovedList":[],"filesUnmatched":0,"filesUpdated":0,"matched":0,"total":0,"unchecked":0,"uncheckedKeysByFile":[],"unmatched":0,"updated":0,"didUpdate":false},"startTime":1782038872653,"success":false,"testResults":[{"assertionResults":[{"ancestorTitles":["AgentTypeForm"],"fullName":"AgentTypeForm renders name field","status":"passed","title":"renders name field","duration":352.51800000000003,"failureMessages":[],"meta":{},"tags":[]},{"ancestorTitles":["AgentTypeForm"],"fullName":"AgentTypeForm renders system_instruction field","status":"passed","title":"renders system_instruction field","duration":109.64440000000013,"failureMessages":[],"meta":{},"tags":[]},{"ancestorTitles":["AgentTypeForm"],"fullName":"AgentTypeForm renders identity_id dropdown","status":"passed","title":"renders identity_id dropdown","duration":102.54899999999998,"failureMessages":[],"meta":{},"tags":[]},{"ancestorTitles":["AgentTypeForm"],"fullName":"AgentTypeForm renders role_id dropdown","status":"passed","title":"renders role_id dropdown","duration":103.46000000000004,"failureMessages":[],"meta":{},"tags":[]},{"ancestorTitles":["AgentTypeForm"],"fullName":"AgentTypeForm renders input_type dropdown with all three options","status":"passed","title":"renders input_type dropdown with all three options","duration":96.51869999999963,"failureMessages":[],"meta":{},"tags":[]},{"ancestorTitles":["AgentTypeForm"],"fullName":"AgentTypeForm renders output_type dropdown for non-conversation agents","status":"passed","title":"renders output_type dropdown for non-conversation agents","duration":105.50560000000041,"failureMessages":[],"meta":{},"tags":[]},{"ancestorTitles":["AgentTypeForm"],"fullName":"AgentTypeForm does NOT render old mode field","status":"passed","title":"does NOT render old mode field","duration":80.15220000000045,"failureMessages":[],"meta":{},"tags":[]},{"ancestorTitles":["AgentTypeForm"],"fullName":"AgentTypeForm does NOT render max_instances field","status":"passed","title":"does NOT render max_instances field","duration":57.826099999999315,"failureMessages":[],"meta":{},"tags":[]},{"ancestorTitles":["AgentTypeForm"],"fullName":"AgentTypeForm does NOT render sop_id field","status":"passed","title":"does NOT render sop_id field","duration":93.88819999999942,"failureMessages":[],"meta":{},"tags":[]},{"ancestorTitles":["AgentTypeForm"],"fullName":"AgentTypeForm shows input schema field when input_type is typed","status":"passed","title":"shows input schema field when input_type is typed","duration":115.95380000000023,"failureMessages":[],"meta":{},"tags":[]},{"ancestorTitles":["AgentTypeForm"],"fullName":"AgentTypeForm does NOT show input schema field for input_type=none","status":"passed","title":"does NOT show input schema field for input_type=none","duration":92.72089999999935,"failureMessages":[],"meta":{},"tags":[]},{"ancestorTitles":["AgentTypeForm"],"fullName":"AgentTypeForm does NOT show output_type field for input_type=conversation","status":"passed","title":"does NOT show output_type field for input_type=conversation","duration":76.84930000000077,"failureMessages":[],"meta":{},"tags":[]},{"ancestorTitles":["AgentTypeForm"],"fullName":"AgentTypeForm keeps the guardrail editor collapsed by default","status":"passed","title":"keeps the guardrail editor collapsed by default","duration":151.35779999999977,"failureMessages":[],"meta":{},"tags":[]},{"ancestorTitles":["AgentTypeForm"],"fullName":"AgentTypeForm switches the guardrail section copy for conversational agents","status":"passed","title":"switches the guardrail section copy for conversational agents","duration":94.75950000000012,"failureMessages":[],"meta":{},"tags":[]},{"ancestorTitles":["AgentTypeForm"],"fullName":"AgentTypeForm shows token enforcement controls for non-conversational agents","status":"passed","title":"shows token enforcement controls for non-conversational agents","duration":100.29160000000047,"failureMessages":[],"meta":{},"tags":[]},{"ancestorTitles":["AgentTypeForm"],"fullName":"AgentTypeForm renders model_id dropdown","status":"passed","title":"renders model_id dropdown","duration":57.6224000000002,"failureMessages":[],"meta":{},"tags":[]},{"ancestorTitles":["AgentTypeForm"],"fullName":"AgentTypeForm populates model_id dropdown from all model configs enabled_models","status":"passed","title":"populates model_id dropdown from all model configs enabled_models","duration":60.049299999999675,"failureMessages":[],"meta":{},"tags":[]},{"ancestorTitles":["AgentTypeForm"],"fullName":"AgentTypeForm shows empty state hint when no models are enabled across any config","status":"passed","title":"shows empty state hint when no models are enabled across any config","duration":55.884900000000016,"failureMessages":[],"meta":{},"tags":[]},{"ancestorTitles":["AgentTypeForm"],"fullName":"AgentTypeForm does NOT render model_config_id field","status":"passed","title":"does NOT render model_config_id field","duration":51.53980000000047,"failureMessages":[],"meta":{},"tags":[]},{"ancestorTitles":["AgentTypeForm"],"fullName":"AgentTypeForm does NOT render model_name sub-selector","status":"passed","title":"does NOT render model_name sub-selector","duration":61.742699999999786,"failureMessages":[],"meta":{},"tags":[]},{"ancestorTitles":["AgentTypeForm"],"fullName":"AgentTypeForm aggregates enabled_models from multiple configs into a single flat list","status":"passed","title":"aggregates enabled_models from multiple configs into a single flat list","duration":99.90249999999924,"failureMessages":[],"meta":{},"tags":[]},{"ancestorTitles":["AgentTypeForm"],"fullName":"AgentTypeForm renders identity selector before role selector in DOM order","status":"passed","title":"renders identity selector before role selector in DOM order","duration":84.86830000000009,"failureMessages":[],"meta":{},"tags":[]},{"ancestorTitles":["AgentTypeForm"],"fullName":"AgentTypeForm calls onChange with empty role_id when identity selection changes","status":"passed","title":"calls onChange with empty role_id when identity selection changes","duration":87.7480000000005,"failureMessages":[],"meta":{},"tags":[]},{"ancestorTitles":["AgentTypeForm"],"fullName":"AgentTypeForm role dropdown reflects available roles (API call fires for roles)","status":"passed","title":"role dropdown reflects available roles (API call fires for roles)","duration":78.64509999999973,"failureMessages":[],"meta":{},"tags":[]},{"ancestorTitles":["AgentTypeForm"],"fullName":"AgentTypeForm renders bindings section title","status":"passed","title":"renders bindings section title","duration":87.03720000000067,"failureMessages":[],"meta":{},"tags":[]},{"ancestorTitles":["AgentTypeForm"],"fullName":"AgentTypeForm shows empty state when no bindings configured","status":"failed","title":"shows empty state when no bindings configured","duration":5120.1926,"failureMessages":["Error: Unable to find an element with the text: agents.types.bindings.noBindings. This could be because the text is broken up by multiple elements. In this case, you can provide a function for your text matcher to make your matcher more flexible.\n\nIgnored nodes: comments, script, style\n\u001b[36m<body>\u001b[39m\n  \u001b[36m<div>\u001b[39m\n    \u001b[36m<div\u001b[39m\n      \u001b[33mclass\u001b[39m=\u001b[32m\"MuiBox-root css-yd8sa2\"\u001b[39m\n    \u001b[36m>\u001b[39m\n      \u001b[36m<div\u001b[39m\n        \u001b[33mclass\u001b[39m=\u001b[32m\"MuiFormControl-root MuiFormControl-fullWidth MuiTextField-root css-cmpglg-MuiFormControl-root-MuiTextField-root\"\u001b[39m\n      \u001b[36m>\u001b[39m\n        \u001b[36m<label\u001b[39m\n          \u001b[33mclass\u001b[39m=\u001b[32m\"MuiFormLabel-root MuiInputLabel-root MuiInputLabel-formControl MuiInputLabel-animated MuiInputLabel-outlined MuiFormLabel-colorPrimary Mui-required MuiInputLabel-root MuiInputLabel-formControl MuiInputLabel-animated MuiInputLabel-outlined css-19qnlrw-MuiFormLabel-root-MuiInputLabel-root\"\u001b[39m\n          \u001b[33mdata-shrink\u001b[39m=\u001b[32m\"false\"\u001b[39m\n          \u001b[33mfor\u001b[39m=\u001b[32m\"_r_d8_\"\u001b[39m\n          \u001b[33mid\u001b[39m=\u001b[32m\"_r_d8_-label\"\u001b[39m\n        \u001b[36m>\u001b[39m\n          \u001b[0mapp.name\u001b[0m\n          \u001b[36m<span\u001b[39m\n            \u001b[33maria-hidden\u001b[39m=\u001b[32m\"true\"\u001b[39m\n            \u001b[33mclass\u001b[39m=\u001b[32m\"MuiFormLabel-asterisk MuiInputLabel-asterisk css-1ljffdk-MuiFormLabel-asterisk\"\u001b[39m\n          \u001b[36m>\u001b[39m\n            \u001b[0m \u001b[0m\n            \u001b[0m*\u001b[0m\n          \u001b[36m</span>\u001b[39m\n        \u001b[36m</label>\u001b[39m\n        \u001b[36m<div\u001b[39m\n          \u001b[33mclass\u001b[39m=\u001b[32m\"MuiInputBase-root MuiOutlinedInput-root MuiInputBase-colorPrimary MuiInputBase-fullWidth MuiInputBase-formControl css-1blp12k-MuiInputBase-root-MuiOutlinedInput-root\"\u001b[39m\n        \u001b[36m>\u001b[39m\n          \u001b[36m<input\u001b[39m\n            \u001b[33maria-describedby\u001b[39m=\u001b[32m\"_r_d8_-helper-text\"\u001b[39m\n            \u001b[33maria-invalid\u001b[39m=\u001b[32m\"false\"\u001b[39m\n            \u001b[33mclass\u001b[39m=\u001b[32m\"MuiInputBase-input MuiOutlinedInput-input css-16wblaj-MuiInputBase-input-MuiOutlinedInput-input\"\u001b[39m\n            \u001b[33mid\u001b[39m=\u001b[32m\"_r_d8_\"\u001b[39m\n            \u001b[33mrequired\u001b[39m=\u001b[32m\"\"\u001b[39m\n            \u001b[33mtype\u001b[39m=\u001b[32m\"text\"\u001b[39m\n            \u001b[33mvalue\u001b[39m=\u001b[32m\"\"\u001b[39m\n          \u001b[36m/>\u001b[39m\n          \u001b[36m<fieldset\u001b[39m\n            \u001b[33maria-hidden\u001b[39m=\u001b[32m\"true\"\u001b[39m\n            \u001b[33mclass\u001b[39m=\u001b[32m\"MuiOutlinedInput-notchedOutline css-18p5xg2-MuiNotchedOutlined-root-MuiOutlinedInput-notchedOutline\"\u001b[39m\n          \u001b[36m>\u001b[39m\n            \u001b[36m<legend\u001b[39m\n              \u001b[33mclass\u001b[39m=\u001b[32m\"css-1n64csd-MuiNotchedOutlined-root\"\u001b[39m\n            \u001b[36m>\u001b[39m\n              \u001b[36m<span>\u001b[39m\n                \u001b[0mapp.name\u001b[0m\n                \u001b[0m \u001b[0m\n                \u001b[0m*\u001b[0m\n              \u001b[36m</span>\u001b[39m\n            \u001b[36m</legend>\u001b[39m\n          \u001b[36m</fieldset>\u001b[39m\n        \u001b[36m</div>\u001b[39m\n        \u001b[36m<p\u001b[39m\n          \u001b[33mclass\u001b[39m=\u001b[32m\"MuiFormHelperText-root MuiFormHelperText-sizeMedium MuiFormHelperText-contained Mui-required css-er619e-MuiFormHelperText-root\"\u001b[39m\n          \u001b[33mid\u001b[39m=\u001b[32m\"_r_d8_-helper-text\"\u001b[39m\n        \u001b[36m>\u001b[39m\n          \u001b[0magents.types.slugNameHint\u001b[0m\n        \u001b[36m</p>\u001b[39m\n      \u001b[36m</div>\u001b[39m\n      \u001b[36m<div\u001b[39m\n        \u001b[33mclass\u001b[39m=\u001b[32m\"MuiFormControl-root MuiFormControl-fullWidth MuiTextField-root css-cmpglg-MuiFormControl-root-MuiTextField-root\"\u001b[39m\n      \u001b[36m>\u001b[39m\n        \u001b[36m<label\u001b[39m\n          \u001b[33mclass\u001b[39m=\u001b[32m\"MuiFormLabel-root MuiInputLabel-root MuiInputLabel-formControl MuiInputLabel-animated MuiInputLabel-outlined MuiFormLabel-colorPrimary MuiInputLabel-root MuiInputLabel-formControl MuiInputLabel-animated MuiInputLabel-outlined css-19qnlrw-MuiFormLabel-root-MuiInputLabel-root\"\u001b[39m\n          \u001b[33mdata-shrink\u001b[39m=\u001b[32m\"false\"\u001b[39m\n          \u001b[33mfor\u001b[39m=\u001b[32m\"_r_d9_\"\u001b[39m\n          \u001b[33mid\u001b[39m=\u001b[32m\"_r_d9_-label\"\u001b[39m\n        \u001b[36m>\u001b[39m\n          \u001b[0mapp.description\u001b[0m\n        \u001b[36m</label>\u001b[39m\n        \u001b[36m<div\u001b[39m\n          \u001b[33mclass\u001b[39m=\u001b[32m\"MuiInputBase-root MuiOutlinedInput-root MuiInputBase-colorPrimary MuiInputBase-fullWidth MuiInputBase-formControl MuiInputBase-multiline css-zsp0bh-MuiInputBase-root-MuiOutlinedInput-root\"\u001b[39m\n        \u001b[36m>\u001b[39m\n          \u001b[36m<textarea\u001b[39m\n            \u001b[33maria-invalid\u001b[39m=\u001b[32m\"false\"\u001b[39m\n            \u001b[33mclass\u001b[39m=\u001b[32m\"MuiInputBase-input MuiOutlinedInput-input MuiInputBase-inputMultiline css-w4nesw-MuiInputBase-input-MuiOutlinedInput-input\"\u001b[39m\n            \u001b[33mid\u001b[39m=\u001b[32m\"_r_d9_\"\u001b[39m\n            \u001b[33mrows\u001b[39m=\u001b[32m\"2\"\u001b[39m\n            \u001b[33mstyle\u001b[39m=\u001b[32m\"height: 0px; overflow: hidden;\"\u001b[39m\n          \u001b[36m/>\u001b[39m\n          \u001b[36m<textarea\u001b[39m\n            \u001b[33maria-hidden\u001b[39m=\u001b[32m\"true\"\u001b[39m\n            \u001b[33mclass\u001b[39m=\u001b[32m\"MuiInputBase-input MuiOutlinedInput-input MuiInputBase-inputMultiline css-w4nesw-MuiInputBase-input-MuiOutlinedInput-input\"\u001b[39m\n            \u001b[33mreadonly\u001b[39m=\u001b[32m\"\"\u001b[39m\n            \u001b[33mstyle\u001b[39m=\u001b[32m\"visibility: hidden; position: absolute; overflow: hidden; height: 0px; top: 0px; left: 0px; transform: translateZ(0); padding-top: 0px; padding-bottom: 0px; width: 100%;\"\u001b[39m\n            \u001b[33mtabindex\u001b[39m=\u001b[32m\"-1\"\u001b[39m\n          \u001b[36m/>\u001b[39m\n          \u001b[36m<fieldset\u001b[39m\n            \u001b[33maria-hidden\u001b[39m=\u001b[32m\"true\"\u001b[39m\n            \u001b[33mclass\u001b[39m=\u001b[32m\"MuiOutlinedInput-notchedOutline css-18p5xg2-MuiNotchedOutlined-root-MuiOutlinedInput-notchedOutline\"\u001b[39m\n          \u001b[36m>\u001b[39m\n            \u001b[36m<legend\u001b[39m\n              \u001b[33mclass\u001b[39m=\u001b[32m\"css-1n64csd-MuiNotchedOutlined-root\"\u001b[39m\n            \u001b[36m>\u001b[39m\n              \u001b[36m<span>\u001b[39m\n                \u001b[0mapp.description\u001b[0m\n              \u001b[36m</span>\u001b[39m\n            \u001b[36m</legend>\u001b[39m\n          \u001b[36m</fieldset>\u001b[39m\n        \u001b[36m</div>\u001b[39m\n      \u001b[36m</div>\u001b[39m\n      \u001b[36m<div\u001b[39m\n        \u001b[33mclass\u001b[39m=\u001b[32m\"MuiFormControl-root MuiFormControl-fullWidth css-ytlejw-MuiFormControl-root\"\u001b[39m\n      \u001b[36m>\u001b[39m\n        \u001b[36m<label\u001b[39m\n          \u001b[33mclass\u001b[39m=\u001b[32m\"MuiFormLabel-root MuiInputLabel-root MuiInputLabel-formControl MuiInputLabel-animated MuiInputLabel-outlined MuiFormLabel-colorPrimary MuiInputLabel-root MuiInputLabel-formControl MuiInputLabel-animated MuiInputLabel-outlined css-19qnlrw-MuiFormLabel-root-MuiInputLabel-root\"\u001b[39m\n          \u001b[33mdata-shrink\u001b[39m=\u001b[32m\"false\"\u001b[39m\n        \u001b[36m>\u001b[39m\n          \u001b[0magents.types.identity\u001b[0m\n        \u001b[36m</label>\u001b[39m\n        \u001b[36m<div\u001b[39m\n          \u001b[33mclass\u001b[39m=\u001b[32m\"MuiInputBase-root MuiOutlinedInput-root MuiInputBase-colorPrimary MuiInputBase-formControl MuiSelect-root css-sc8y68-MuiInputBase-root-MuiOutlinedInput-root-MuiSelect-root\"\u001b[39m\n        \u001b[36m>\u001b[39m\n          \u001b[36m<div\u001b[39m\n            \u001b[33maria-expanded\u001b[39m=\u001b[32m\"false\"\u001b[39m\n            \u001b[33maria-haspopup\u001b[39m=\u001b[32m\"listbox\"\u001b[39m\n            \u001b[33mclass\u001b[39m=\u001b[32m\"MuiSelect-select MuiSelect-outlined MuiInputBase-input MuiOutlinedInput-input css-18jp67o-MuiNativeSelect-root-MuiSelect-select-MuiInputBase-input-MuiOutlinedInput-input\"\u001b[39m\n            \u001b[33mrole\u001b[39m=\u001b[32m\"combobox\"\u001b[39m\n            \u001b[33mtabindex\u001b[39m=\u001b[32m\"0\"\u001b[39m\n          \u001b[36m>\u001b[39m\n            \u001b[36m<span\u001b[39m\n              \u001b[33maria-hidden\u001b[39m=\u001b[32m\"true\"\u001b[39m\n              \u001b[33mclass\u001b[39m=\u001b[32m\"notranslate\"\u001b[39m\n            \u001b[36m>\u001b[39m\n              \u001b[0m​\u001b[0m\n            \u001b[36m</...\n    at Proxy.waitForWrapper (C:\\Users\\rhu\\source\\personal\\coding-workspace\\Parthenon\\frontend\\node_modules\\@testing-library\\dom\\dist\\wait-for.js:163:27)\n    at C:/Users/rhu/source/personal/coding-workspace/Parthenon/frontend/src/__tests__/AgentTypeForm.test.tsx:400:11\n    at runNextTicks (node:internal/process/task_queues:65:5)\n    at listOnTimeout (node:internal/timers:549:9)\n    at processTimers (node:internal/timers:523:7)\n    at file:///C:/Users/rhu/source/personal/coding-workspace/Parthenon/frontend/node_modules/@vitest/runner/dist/chunk-artifact.js:1903:20"],"meta":{},"tags":[]},{"ancestorTitles":["AgentTypeForm"],"fullName":"AgentTypeForm renders SOP bindings in the list","status":"failed","title":"renders SOP bindings in the list","duration":5120.0664000000015,"failureMessages":["Error: Found multiple elements with the text: Test SOP\n\nHere are the matching elements:\n\nIgnored nodes: comments, script, style\n\u001b[36m<div\u001b[39m\n  \u001b[33mclass\u001b[39m=\u001b[32m\"MuiTypography-root MuiTypography-body2 css-yqgrvf-MuiTypography-root\"\u001b[39m\n\u001b[36m>\u001b[39m\n  \u001b[36m<strong>\u001b[39m\n    \u001b[0mSOP:\u001b[0m\n  \u001b[36m</strong>\u001b[39m\n  \u001b[0m \u001b[0m\n  \u001b[0mTest SOP\u001b[0m\n\u001b[36m</div>\u001b[39m\n\nIgnored nodes: comments, script, style\n\u001b[36m<p\u001b[39m\n  \u001b[33mclass\u001b[39m=\u001b[32m\"MuiTypography-root MuiTypography-body2 css-ke6v4r-MuiTypography-root\"\u001b[39m\n\u001b[36m>\u001b[39m\n  \u001b[0mTest SOP\u001b[0m\n\u001b[36m</p>\u001b[39m\n\n(If this is intentional, then use the `*AllBy*` variant of the query (like `queryAllByText`, `getAllByText`, or `findAllByText`)).\n\nIgnored nodes: comments, script, style\n\u001b[36m<body>\u001b[39m\n  \u001b[36m<div>\u001b[39m\n    \u001b[36m<div\u001b[39m\n      \u001b[33mclass\u001b[39m=\u001b[32m\"MuiBox-root css-yd8sa2\"\u001b[39m\n    \u001b[36m>\u001b[39m\n      \u001b[36m<div\u001b[39m\n        \u001b[33mclass\u001b[39m=\u001b[32m\"MuiFormControl-root MuiFormControl-fullWidth MuiTextField-root css-cmpglg-MuiFormControl-root-MuiTextField-root\"\u001b[39m\n      \u001b[36m>\u001b[39m\n        \u001b[36m<label\u001b[39m\n          \u001b[33mclass\u001b[39m=\u001b[32m\"MuiFormLabel-root MuiInputLabel-root MuiInputLabel-formControl MuiInputLabel-animated MuiInputLabel-outlined MuiFormLabel-colorPrimary Mui-required MuiInputLabel-root MuiInputLabel-formControl MuiInputLabel-animated MuiInputLabel-outlined css-19qnlrw-MuiFormLabel-root-MuiInputLabel-root\"\u001b[39m\n          \u001b[33mdata-shrink\u001b[39m=\u001b[32m\"false\"\u001b[39m\n          \u001b[33mfor\u001b[39m=\u001b[32m\"_r_dp_\"\u001b[39m\n          \u001b[33mid\u001b[39m=\u001b[32m\"_r_dp_-label\"\u001b[39m\n        \u001b[36m>\u001b[39m\n          \u001b[0mapp.name\u001b[0m\n          \u001b[36m<span\u001b[39m\n            \u001b[33maria-hidden\u001b[39m=\u001b[32m\"true\"\u001b[39m\n            \u001b[33mclass\u001b[39m=\u001b[32m\"MuiFormLabel-asterisk MuiInputLabel-asterisk css-1ljffdk-MuiFormLabel-asterisk\"\u001b[39m\n          \u001b[36m>\u001b[39m\n            \u001b[0m \u001b[0m\n            \u001b[0m*\u001b[0m\n          \u001b[36m</span>\u001b[39m\n        \u001b[36m</label>\u001b[39m\n        \u001b[36m<div\u001b[39m\n          \u001b[33mclass\u001b[39m=\u001b[32m\"MuiInputBase-root MuiOutlinedInput-root MuiInputBase-colorPrimary MuiInputBase-fullWidth MuiInputBase-formControl css-1blp12k-MuiInputBase-root-MuiOutlinedInput-root\"\u001b[39m\n        \u001b[36m>\u001b[39m\n          \u001b[36m<input\u001b[39m\n            \u001b[33maria-describedby\u001b[39m=\u001b[32m\"_r_dp_-helper-text\"\u001b[39m\n            \u001b[33maria-invalid\u001b[39m=\u001b[32m\"false\"\u001b[39m\n            \u001b[33mclass\u001b[39m=\u001b[32m\"MuiInputBase-input MuiOutlinedInput-input css-16wblaj-MuiInputBase-input-MuiOutlinedInput-input\"\u001b[39m\n            \u001b[33mid\u001b[39m=\u001b[32m\"_r_dp_\"\u001b[39m\n            \u001b[33mrequired\u001b[39m=\u001b[32m\"\"\u001b[39m\n            \u001b[33mtype\u001b[39m=\u001b[32m\"text\"\u001b[39m\n            \u001b[33mvalue\u001b[39m=\u001b[32m\"\"\u001b[39m\n          \u001b[36m/>\u001b[39m\n          \u001b[36m<fieldset\u001b[39m\n            \u001b[33maria-hidden\u001b[39m=\u001b[32m\"true\"\u001b[39m\n            \u001b[33mclass\u001b[39m=\u001b[32m\"MuiOutlinedInput-notchedOutline css-18p5xg2-MuiNotchedOutlined-root-MuiOutlinedInput-notchedOutline\"\u001b[39m\n          \u001b[36m>\u001b[39m\n            \u001b[36m<legend\u001b[39m\n              \u001b[33mclass\u001b[39m=\u001b[32m\"css-1n64csd-MuiNotchedOutlined-root\"\u001b[39m\n            \u001b[36m>\u001b[39m\n              \u001b[36m<span>\u001b[39m\n                \u001b[0mapp.name\u001b[0m\n                \u001b[0m \u001b[0m\n                \u001b[0m*\u001b[0m\n              \u001b[36m</span>\u001b[39m\n            \u001b[36m</legend>\u001b[39m\n          \u001b[36m</fieldset>\u001b[39m\n        \u001b[36m</div>\u001b[39m\n        \u001b[36m<p\u001b[39m\n          \u001b[33mclass\u001b[39m=\u001b[32m\"MuiFormHelperText-root MuiFormHelperText-sizeMedium MuiFormHelperText-contained Mui-required css-er619e-MuiFormHelperText-root\"\u001b[39m\n          \u001b[33mid\u001b[39m=\u001b[32m\"_r_dp_-helper-text\"\u001b[39m\n        \u001b[36m>\u001b[39m\n          \u001b[0magents.types.slugNameHint\u001b[0m\n        \u001b[36m</p>\u001b[39m\n      \u001b[36m</div>\u001b[39m\n      \u001b[36m<div\u001b[39m\n        \u001b[33mclass\u001b[39m=\u001b[32m\"MuiFormControl-root MuiFormControl-fullWidth MuiTextField-root css-cmpglg-MuiFormControl-root-MuiTextField-root\"\u001b[39m\n      \u001b[36m>\u001b[39m\n        \u001b[36m<label\u001b[39m\n          \u001b[33mclass\u001b[39m=\u001b[32m\"MuiFormLabel-root MuiInputLabel-root MuiInputLabel-formControl MuiInputLabel-animated MuiInputLabel-outlined MuiFormLabel-colorPrimary MuiInputLabel-root MuiInputLabel-formControl MuiInputLabel-animated MuiInputLabel-outlined css-19qnlrw-MuiFormLabel-root-MuiInputLabel-root\"\u001b[39m\n          \u001b[33mdata-shrink\u001b[39m=\u001b[32m\"false\"\u001b[39m\n          \u001b[33mfor\u001b[39m=\u001b[32m\"_r_dq_\"\u001b[39m\n          \u001b[33mid\u001b[39m=\u001b[32m\"_r_dq_-label\"\u001b[39m\n        \u001b[36m>\u001b[39m\n          \u001b[0mapp.description\u001b[0m\n        \u001b[36m</label>\u001b[39m\n        \u001b[36m<div\u001b[39m\n          \u001b[33mclass\u001b[39m=\u001b[32m\"MuiInputBase-root MuiOutlinedInput-root MuiInputBase-colorPrimary MuiInputBase-fullWidth MuiInputBase-formControl MuiInputBase-multiline css-zsp0bh-MuiInputBase-root-MuiOutlinedInput-root\"\u001b[39m\n        \u001b[36m>\u001b[39m\n          \u001b[36m<textarea\u001b[39m\n            \u001b[33maria-invalid\u001b[39m=\u001b[32m\"false\"\u001b[39m\n            \u001b[33mclass\u001b[39m=\u001b[32m\"MuiInputBase-input MuiOutlinedInput-input MuiInputBase-inputMultiline css-w4nesw-MuiInputBase-input-MuiOutlinedInput-input\"\u001b[39m\n            \u001b[33mid\u001b[39m=\u001b[32m\"_r_dq_\"\u001b[39m\n            \u001b[33mrows\u001b[39m=\u001b[32m\"2\"\u001b[39m\n            \u001b[33mstyle\u001b[39m=\u001b[32m\"height: 0px; overflow: hidden;\"\u001b[39m\n          \u001b[36m/>\u001b[39m\n          \u001b[36m<textarea\u001b[39m\n            \u001b[33maria-hidden\u001b[39m=\u001b[32m\"true\"\u001b[39m\n            \u001b[33mclass\u001b[39m=\u001b[32m\"MuiInputBase-input MuiOutlinedInput-input MuiInputBase-inputMultiline css-w4nesw-MuiInputBase-input-MuiOutlinedInput-input\"\u001b[39m\n            \u001b[33mreadonly\u001b[39m=\u001b[32m\"\"\u001b[39m\n            \u001b[33mstyle\u001b[39m=\u001b[32m\"visibility: hidden; position: absolute; overflow: hidden; height: 0px; top: 0px; left: 0px; transform: translateZ(0); padding-top: 0px; padding-bottom: 0px; width: 100%;\"\u001b[39m\n            \u001b[33mtabindex\u001b[39m=\u001b[32m\"-1\"\u001b[39m\n          \u001b[36m/>\u001b[39m\n          \u001b[36m<fieldset\u001b[39m\n            \u001b[33maria-hidden\u001b[39m=\u001b[32m\"true\"\u001b[39m\n            \u001b[33mclass\u001b[39m=\u001b[32m\"MuiOutlinedInput-notchedOutline css-18p5xg2-MuiNotchedOutlined-root-MuiOutlinedInput-notchedOutline\"\u001b[39m\n          \u001b[36m>\u001b[39m\n            \u001b[36m<legend\u001b[39m\n              \u001b[33mclass\u001b[39m=\u001b[32m\"css-1n64csd-MuiNotchedOutlined-root\"\u001b[39m\n            \u001b[36m>\u001b[39m\n              \u001b[36m<span>\u001b[39m\n                \u001b[0mapp.description\u001b[0m\n              \u001b[36m</span>\u001b[39m\n            \u001b[36m</legend>\u001b[39m\n          \u001b[36m</fieldset>\u001b[39m\n        \u001b[36m</div>\u001b[39m\n      \u001b[36m</div>\u001b[39m\n      \u001b[36m<div\u001b[39m\n        \u001b[33mclass\u001b[39m=\u001b[32m\"MuiFormControl-root MuiFormControl-fullWidth css-ytlejw-MuiFormControl-root\"\u001b[39m\n      \u001b[36m>\u001b[39m\n        \u001b[36m<label\u001b[39m\n          \u001b[33mclass\u001b[39m=\u001b[32m\"MuiFormLabel-root MuiInputLabel-root MuiInputLabel-formControl MuiInputLabel-animated MuiInputLabel-outlined MuiFormLabel-colorPrimary MuiInputLabel-root MuiInputLabel-formControl MuiInputLabel-animated MuiInputLabel-outlined css-19qnlrw-MuiFormLabel-root-MuiInputLabel-root\"\u001b[39m\n          \u001b[33mdata-shrink\u001b[39m=\u001b[32m\"false\"\u001b[39m\n        \u001b[36m>\u001b[39m\n          \u001b[0magents.types.identity\u001b[0m\n        \u001b[36m</label>\u001b[39m\n        \u001b[36m<div\u001b[39m\n          \u001b[33mclass\u001b[39m=\u001b[32m\"MuiInputBase-root MuiOutlinedInput-root MuiInputBase-colorPrimary MuiInputBase-formControl MuiSelect-root css-sc8y68-MuiInputBase-root-MuiOutlinedInput-root-MuiSelect-root\"\u001b[39m\n        \u001b[36m>\u001b[39m\n          \u001b[36m<div\u001b[39m\n            \u001b[33maria-expanded\u001b[39m=\u001b[32m\"false\"\u001b[39m\n            \u001b[33maria-haspopup\u001b[39m=\u001b[32m\"listbox\"\u001b[39m\n            \u001b[33mclass\u001b[39m=\u001b[32m\"MuiSelect-select MuiSelect-outlined MuiInputBase-input MuiOutlinedInput-input css-18jp67o-MuiNativeSelect-root-MuiSelect-select-MuiInputBase-input-MuiOutlinedInput-input\"\u001b[39m\n            \u001b[33mrole\u001b[39m=\u001b[32m\"combobox\"\u001b[39m\n            \u001b[33mtabindex\u001b[39m=\u001b[32m\"0\"\u001b[39m\n          \u001b[36m>\u001b[39m\n            \u001b[36m<span\u001b[39m\n              \u001b[33maria-hidden\u001b[39m=\u001b[32m\"true\"\u001b[39m\n              \u001b[33mclass\u001b[39m=\u001b[32m\"notranslate\"\u001b[39m\n            \u001b[36m>\u001b[39m\n              \u001b[0m​\u001b[0m\n            \u001b[36m</...\n    at Proxy.waitForWrapper (C:\\Users\\rhu\\source\\personal\\coding-workspace\\Parthenon\\frontend\\node_modules\\@testing-library\\dom\\dist\\wait-for.js:163:27)\n    at C:/Users/rhu/source/personal/coding-workspace/Parthenon/frontend/src/__tests__/AgentTypeForm.test.tsx:421:11\n    at file:///C:/Users/rhu/source/personal/coding-workspace/Parthenon/frontend/node_modules/@vitest/runner/dist/chunk-artifact.js:1903:20"],"meta":{},"tags":[]},{"ancestorTitles":["AgentTypeForm"],"fullName":"AgentTypeForm renders skill bindings in the list","status":"failed","title":"renders skill bindings in the list","duration":5146.976599999998,"failureMessages":["Error: Found multiple elements with the text: Test Skill\n\nHere are the matching elements:\n\nIgnored nodes: comments, script, style\n\u001b[36m<div\u001b[39m\n  \u001b[33mclass\u001b[39m=\u001b[32m\"MuiTypography-root MuiTypography-body2 css-7ctihp-MuiTypography-root\"\u001b[39m\n\u001b[36m>\u001b[39m\n  \u001b[36m<strong>\u001b[39m\n    \u001b[0magents.types.bindings.typeSkill\u001b[0m\n    \u001b[0m:\u001b[0m\n  \u001b[36m</strong>\u001b[39m\n  \u001b[0m \u001b[0m\n  \u001b[0mTest Skill\u001b[0m\n\u001b[36m</div>\u001b[39m\n\nIgnored nodes: comments, script, style\n\u001b[36m<p\u001b[39m\n  \u001b[33mclass\u001b[39m=\u001b[32m\"MuiTypography-root MuiTypography-body2 css-ke6v4r-MuiTypography-root\"\u001b[39m\n\u001b[36m>\u001b[39m\n  \u001b[0mTest Skill\u001b[0m\n\u001b[36m</p>\u001b[39m\n\n(If this is intentional, then use the `*AllBy*` variant of the query (like `queryAllByText`, `getAllByText`, or `findAllByText`)).\n\nIgnored nodes: comments, script, style\n\u001b[36m<body>\u001b[39m\n  \u001b[36m<div>\u001b[39m\n    \u001b[36m<div\u001b[39m\n      \u001b[33mclass\u001b[39m=\u001b[32m\"MuiBox-root css-yd8sa2\"\u001b[39m\n    \u001b[36m>\u001b[39m\n      \u001b[36m<div\u001b[39m\n        \u001b[33mclass\u001b[39m=\u001b[32m\"MuiFormControl-root MuiFormControl-fullWidth MuiTextField-root css-cmpglg-MuiFormControl-root-MuiTextField-root\"\u001b[39m\n      \u001b[36m>\u001b[39m\n        \u001b[36m<label\u001b[39m\n          \u001b[33mclass\u001b[39m=\u001b[32m\"MuiFormLabel-root MuiInputLabel-root MuiInputLabel-formControl MuiInputLabel-animated MuiInputLabel-outlined MuiFormLabel-colorPrimary Mui-required MuiInputLabel-root MuiInputLabel-formControl MuiInputLabel-animated MuiInputLabel-outlined css-19qnlrw-MuiFormLabel-root-MuiInputLabel-root\"\u001b[39m\n          \u001b[33mdata-shrink\u001b[39m=\u001b[32m\"false\"\u001b[39m\n          \u001b[33mfor\u001b[39m=\u001b[32m\"_r_ee_\"\u001b[39m\n          \u001b[33mid\u001b[39m=\u001b[32m\"_r_ee_-label\"\u001b[39m\n        \u001b[36m>\u001b[39m\n          \u001b[0mapp.name\u001b[0m\n          \u001b[36m<span\u001b[39m\n            \u001b[33maria-hidden\u001b[39m=\u001b[32m\"true\"\u001b[39m\n            \u001b[33mclass\u001b[39m=\u001b[32m\"MuiFormLabel-asterisk MuiInputLabel-asterisk css-1ljffdk-MuiFormLabel-asterisk\"\u001b[39m\n          \u001b[36m>\u001b[39m\n            \u001b[0m \u001b[0m\n            \u001b[0m*\u001b[0m\n          \u001b[36m</span>\u001b[39m\n        \u001b[36m</label>\u001b[39m\n        \u001b[36m<div\u001b[39m\n          \u001b[33mclass\u001b[39m=\u001b[32m\"MuiInputBase-root MuiOutlinedInput-root MuiInputBase-colorPrimary MuiInputBase-fullWidth MuiInputBase-formControl css-1blp12k-MuiInputBase-root-MuiOutlinedInput-root\"\u001b[39m\n        \u001b[36m>\u001b[39m\n          \u001b[36m<input\u001b[39m\n            \u001b[33maria-describedby\u001b[39m=\u001b[32m\"_r_ee_-helper-text\"\u001b[39m\n            \u001b[33maria-invalid\u001b[39m=\u001b[32m\"false\"\u001b[39m\n            \u001b[33mclass\u001b[39m=\u001b[32m\"MuiInputBase-input MuiOutlinedInput-input css-16wblaj-MuiInputBase-input-MuiOutlinedInput-input\"\u001b[39m\n            \u001b[33mid\u001b[39m=\u001b[32m\"_r_ee_\"\u001b[39m\n            \u001b[33mrequired\u001b[39m=\u001b[32m\"\"\u001b[39m\n            \u001b[33mtype\u001b[39m=\u001b[32m\"text\"\u001b[39m\n            \u001b[33mvalue\u001b[39m=\u001b[32m\"\"\u001b[39m\n          \u001b[36m/>\u001b[39m\n          \u001b[36m<fieldset\u001b[39m\n            \u001b[33maria-hidden\u001b[39m=\u001b[32m\"true\"\u001b[39m\n            \u001b[33mclass\u001b[39m=\u001b[32m\"MuiOutlinedInput-notchedOutline css-18p5xg2-MuiNotchedOutlined-root-MuiOutlinedInput-notchedOutline\"\u001b[39m\n          \u001b[36m>\u001b[39m\n            \u001b[36m<legend\u001b[39m\n              \u001b[33mclass\u001b[39m=\u001b[32m\"css-1n64csd-MuiNotchedOutlined-root\"\u001b[39m\n            \u001b[36m>\u001b[39m\n              \u001b[36m<span>\u001b[39m\n                \u001b[0mapp.name\u001b[0m\n                \u001b[0m \u001b[0m\n                \u001b[0m*\u001b[0m\n              \u001b[36m</span>\u001b[39m\n            \u001b[36m</legend>\u001b[39m\n          \u001b[36m</fieldset>\u001b[39m\n        \u001b[36m</div>\u001b[39m\n        \u001b[36m<p\u001b[39m\n          \u001b[33mclass\u001b[39m=\u001b[32m\"MuiFormHelperText-root MuiFormHelperText-sizeMedium MuiFormHelperText-contained Mui-required css-er619e-MuiFormHelperText-root\"\u001b[39m\n          \u001b[33mid\u001b[39m=\u001b[32m\"_r_ee_-helper-text\"\u001b[39m\n        \u001b[36m>\u001b[39m\n          \u001b[0magents.types.slugNameHint\u001b[0m\n        \u001b[36m</p>\u001b[39m\n      \u001b[36m</div>\u001b[39m\n      \u001b[36m<div\u001b[39m\n        \u001b[33mclass\u001b[39m=\u001b[32m\"MuiFormControl-root MuiFormControl-fullWidth MuiTextField-root css-cmpglg-MuiFormControl-root-MuiTextField-root\"\u001b[39m\n      \u001b[36m>\u001b[39m\n        \u001b[36m<label\u001b[39m\n          \u001b[33mclass\u001b[39m=\u001b[32m\"MuiFormLabel-root MuiInputLabel-root MuiInputLabel-formControl MuiInputLabel-animated MuiInputLabel-outlined MuiFormLabel-colorPrimary MuiInputLabel-root MuiInputLabel-formControl MuiInputLabel-animated MuiInputLabel-outlined css-19qnlrw-MuiFormLabel-root-MuiInputLabel-root\"\u001b[39m\n          \u001b[33mdata-shrink\u001b[39m=\u001b[32m\"false\"\u001b[39m\n          \u001b[33mfor\u001b[39m=\u001b[32m\"_r_ef_\"\u001b[39m\n          \u001b[33mid\u001b[39m=\u001b[32m\"_r_ef_-label\"\u001b[39m\n        \u001b[36m>\u001b[39m\n          \u001b[0mapp.description\u001b[0m\n        \u001b[36m</label>\u001b[39m\n        \u001b[36m<div\u001b[39m\n          \u001b[33mclass\u001b[39m=\u001b[32m\"MuiInputBase-root MuiOutlinedInput-root MuiInputBase-colorPrimary MuiInputBase-fullWidth MuiInputBase-formControl MuiInputBase-multiline css-zsp0bh-MuiInputBase-root-MuiOutlinedInput-root\"\u001b[39m\n        \u001b[36m>\u001b[39m\n          \u001b[36m<textarea\u001b[39m\n            \u001b[33maria-invalid\u001b[39m=\u001b[32m\"false\"\u001b[39m\n            \u001b[33mclass\u001b[39m=\u001b[32m\"MuiInputBase-input MuiOutlinedInput-input MuiInputBase-inputMultiline css-w4nesw-MuiInputBase-input-MuiOutlinedInput-input\"\u001b[39m\n            \u001b[33mid\u001b[39m=\u001b[32m\"_r_ef_\"\u001b[39m\n            \u001b[33mrows\u001b[39m=\u001b[32m\"2\"\u001b[39m\n            \u001b[33mstyle\u001b[39m=\u001b[32m\"height: 0px; overflow: hidden;\"\u001b[39m\n          \u001b[36m/>\u001b[39m\n          \u001b[36m<textarea\u001b[39m\n            \u001b[33maria-hidden\u001b[39m=\u001b[32m\"true\"\u001b[39m\n            \u001b[33mclass\u001b[39m=\u001b[32m\"MuiInputBase-input MuiOutlinedInput-input MuiInputBase-inputMultiline css-w4nesw-MuiInputBase-input-MuiOutlinedInput-input\"\u001b[39m\n            \u001b[33mreadonly\u001b[39m=\u001b[32m\"\"\u001b[39m\n            \u001b[33mstyle\u001b[39m=\u001b[32m\"visibility: hidden; position: absolute; overflow: hidden; height: 0px; top: 0px; left: 0px; transform: translateZ(0); padding-top: 0px; padding-bottom: 0px; width: 100%;\"\u001b[39m\n            \u001b[33mtabindex\u001b[39m=\u001b[32m\"-1\"\u001b[39m\n          \u001b[36m/>\u001b[39m\n          \u001b[36m<fieldset\u001b[39m\n            \u001b[33maria-hidden\u001b[39m=\u001b[32m\"true\"\u001b[39m\n            \u001b[33mclass\u001b[39m=\u001b[32m\"MuiOutlinedInput-notchedOutline css-18p5xg2-MuiNotchedOutlined-root-MuiOutlinedInput-notchedOutline\"\u001b[39m\n          \u001b[36m>\u001b[39m\n            \u001b[36m<legend\u001b[39m\n              \u001b[33mclass\u001b[39m=\u001b[32m\"css-1n64csd-MuiNotchedOutlined-root\"\u001b[39m\n            \u001b[36m>\u001b[39m\n              \u001b[36m<span>\u001b[39m\n                \u001b[0mapp.description\u001b[0m\n              \u001b[36m</span>\u001b[39m\n            \u001b[36m</legend>\u001b[39m\n          \u001b[36m</fieldset>\u001b[39m\n        \u001b[36m</div>\u001b[39m\n      \u001b[36m</div>\u001b[39m\n      \u001b[36m<div\u001b[39m\n        \u001b[33mclass\u001b[39m=\u001b[32m\"MuiFormControl-root MuiFormControl-fullWidth css-ytlejw-MuiFormControl-root\"\u001b[39m\n      \u001b[36m>\u001b[39m\n        \u001b[36m<label\u001b[39m\n          \u001b[33mclass\u001b[39m=\u001b[32m\"MuiFormLabel-root MuiInputLabel-root MuiInputLabel-formControl MuiInputLabel-animated MuiInputLabel-outlined MuiFormLabel-colorPrimary MuiInputLabel-root MuiInputLabel-formControl MuiInputLabel-animated MuiInputLabel-outlined css-19qnlrw-MuiFormLabel-root-MuiInputLabel-root\"\u001b[39m\n          \u001b[33mdata-shrink\u001b[39m=\u001b[32m\"false\"\u001b[39m\n        \u001b[36m>\u001b[39m\n          \u001b[0magents.types.identity\u001b[0m\n        \u001b[36m</label>\u001b[39m\n        \u001b[36m<div\u001b[39m\n          \u001b[33mclass\u001b[39m=\u001b[32m\"MuiInputBase-root MuiOutlinedInput-root MuiInputBase-colorPrimary MuiInputBase-formControl MuiSelect-root css-sc8y68-MuiInputBase-root-MuiOutlinedInput-root-MuiSelect-root\"\u001b[39m\n        \u001b[36m>\u001b[39m\n          \u001b[36m<div\u001b[39m\n            \u001b[33maria-expanded\u001b[39m=\u001b[32m\"false\"\u001b[39m\n            \u001b[33maria-haspopup\u001b[39m=\u001b[32m\"listbox\"\u001b[39m\n            \u001b[33mclass\u001b[39m=\u001b[32m\"MuiSelect-select MuiSelect-outlined MuiInputBase-input MuiOutlinedInput-input css-18jp67o-MuiNativeSelect-root-MuiSelect-select-MuiInputBase-input-MuiOutlinedInput-input\"\u001b[39m\n            \u001b[33mrole\u001b[39m=\u001b[32m\"combobox\"\u001b[39m\n            \u001b[33mtabindex\u001b[39m=\u001b[32m\"0\"\u001b[39m\n          \u001b[36m>\u001b[39m\n            \u001b[36m<span\u001b[39m\n              \u001b[33maria-hidden\u001b[39m=\u001b[32m\"true\"\u001b[39m\n              \u001b[33mclass\u001b[39m=\u001b[32m\"notranslate\"\u001b[39m\n            \u001b[36m>\u001b[39m\n              \u001b[0m​\u001b[0m\n            \u001b[36m</...\n    at Proxy.waitForWrapper (C:\\Users\\rhu\\source\\personal\\coding-workspace\\Parthenon\\frontend\\node_modules\\@testing-library\\dom\\dist\\wait-for.js:163:27)\n    at C:/Users/rhu/source/personal/coding-workspace/Parthenon/frontend/src/__tests__/AgentTypeForm.test.tsx:443:11\n    at file:///C:/Users/rhu/source/personal/coding-workspace/Parthenon/frontend/node_modules/@vitest/runner/dist/chunk-artifact.js:1903:20"],"meta":{},"tags":[]},{"ancestorTitles":["AgentTypeForm"],"fullName":"AgentTypeForm add binding button is disabled when no role selected","status":"passed","title":"add binding button is disabled when no role selected","duration":212.0011999999988,"failureMessages":[],"meta":{},"tags":[]},{"ancestorTitles":["AgentTypeForm"],"fullName":"AgentTypeForm remove binding handler fires onChange","status":"failed","title":"remove binding handler fires onChange","duration":5101.552399999997,"failureMessages":["Error: Found multiple elements with the text: SOP One\n\nHere are the matching elements:\n\nIgnored nodes: comments, script, style\n\u001b[36m<div\u001b[39m\n  \u001b[33mclass\u001b[39m=\u001b[32m\"MuiTypography-root MuiTypography-body2 css-yqgrvf-MuiTypography-root\"\u001b[39m\n\u001b[36m>\u001b[39m\n  \u001b[36m<strong>\u001b[39m\n    \u001b[0mSOP:\u001b[0m\n  \u001b[36m</strong>\u001b[39m\n  \u001b[0m \u001b[0m\n  \u001b[0mSOP One\u001b[0m\n\u001b[36m</div>\u001b[39m\n\nIgnored nodes: comments, script, style\n\u001b[36m<p\u001b[39m\n  \u001b[33mclass\u001b[39m=\u001b[32m\"MuiTypography-root MuiTypography-body2 css-ke6v4r-MuiTypography-root\"\u001b[39m\n\u001b[36m>\u001b[39m\n  \u001b[0mSOP One\u001b[0m\n\u001b[36m</p>\u001b[39m\n\n(If this is intentional, then use the `*AllBy*` variant of the query (like `queryAllByText`, `getAllByText`, or `findAllByText`)).\n\nIgnored nodes: comments, script, style\n\u001b[36m<body>\u001b[39m\n  \u001b[36m<div>\u001b[39m\n    \u001b[36m<div\u001b[39m\n      \u001b[33mclass\u001b[39m=\u001b[32m\"MuiBox-root css-yd8sa2\"\u001b[39m\n    \u001b[36m>\u001b[39m\n      \u001b[36m<div\u001b[39m\n        \u001b[33mclass\u001b[39m=\u001b[32m\"MuiFormControl-root MuiFormControl-fullWidth MuiTextField-root css-cmpglg-MuiFormControl-root-MuiTextField-root\"\u001b[39m\n      \u001b[36m>\u001b[39m\n        \u001b[36m<label\u001b[39m\n          \u001b[33mclass\u001b[39m=\u001b[32m\"MuiFormLabel-root MuiInputLabel-root MuiInputLabel-formControl MuiInputLabel-animated MuiInputLabel-outlined MuiFormLabel-colorPrimary Mui-required MuiInputLabel-root MuiInputLabel-formControl MuiInputLabel-animated MuiInputLabel-outlined css-19qnlrw-MuiFormLabel-root-MuiInputLabel-root\"\u001b[39m\n          \u001b[33mdata-shrink\u001b[39m=\u001b[32m\"false\"\u001b[39m\n          \u001b[33mfor\u001b[39m=\u001b[32m\"_r_g5_\"\u001b[39m\n          \u001b[33mid\u001b[39m=\u001b[32m\"_r_g5_-label\"\u001b[39m\n        \u001b[36m>\u001b[39m\n          \u001b[0mapp.name\u001b[0m\n          \u001b[36m<span\u001b[39m\n            \u001b[33maria-hidden\u001b[39m=\u001b[32m\"true\"\u001b[39m\n            \u001b[33mclass\u001b[39m=\u001b[32m\"MuiFormLabel-asterisk MuiInputLabel-asterisk css-1ljffdk-MuiFormLabel-asterisk\"\u001b[39m\n          \u001b[36m>\u001b[39m\n            \u001b[0m \u001b[0m\n            \u001b[0m*\u001b[0m\n          \u001b[36m</span>\u001b[39m\n        \u001b[36m</label>\u001b[39m\n        \u001b[36m<div\u001b[39m\n          \u001b[33mclass\u001b[39m=\u001b[32m\"MuiInputBase-root MuiOutlinedInput-root MuiInputBase-colorPrimary MuiInputBase-fullWidth MuiInputBase-formControl css-1blp12k-MuiInputBase-root-MuiOutlinedInput-root\"\u001b[39m\n        \u001b[36m>\u001b[39m\n          \u001b[36m<input\u001b[39m\n            \u001b[33maria-describedby\u001b[39m=\u001b[32m\"_r_g5_-helper-text\"\u001b[39m\n            \u001b[33maria-invalid\u001b[39m=\u001b[32m\"false\"\u001b[39m\n            \u001b[33mclass\u001b[39m=\u001b[32m\"MuiInputBase-input MuiOutlinedInput-input css-16wblaj-MuiInputBase-input-MuiOutlinedInput-input\"\u001b[39m\n            \u001b[33mid\u001b[39m=\u001b[32m\"_r_g5_\"\u001b[39m\n            \u001b[33mrequired\u001b[39m=\u001b[32m\"\"\u001b[39m\n            \u001b[33mtype\u001b[39m=\u001b[32m\"text\"\u001b[39m\n            \u001b[33mvalue\u001b[39m=\u001b[32m\"\"\u001b[39m\n          \u001b[36m/>\u001b[39m\n          \u001b[36m<fieldset\u001b[39m\n            \u001b[33maria-hidden\u001b[39m=\u001b[32m\"true\"\u001b[39m\n            \u001b[33mclass\u001b[39m=\u001b[32m\"MuiOutlinedInput-notchedOutline css-18p5xg2-MuiNotchedOutlined-root-MuiOutlinedInput-notchedOutline\"\u001b[39m\n          \u001b[36m>\u001b[39m\n            \u001b[36m<legend\u001b[39m\n              \u001b[33mclass\u001b[39m=\u001b[32m\"css-1n64csd-MuiNotchedOutlined-root\"\u001b[39m\n            \u001b[36m>\u001b[39m\n              \u001b[36m<span>\u001b[39m\n                \u001b[0mapp.name\u001b[0m\n                \u001b[0m \u001b[0m\n                \u001b[0m*\u001b[0m\n              \u001b[36m</span>\u001b[39m\n            \u001b[36m</legend>\u001b[39m\n          \u001b[36m</fieldset>\u001b[39m\n        \u001b[36m</div>\u001b[39m\n        \u001b[36m<p\u001b[39m\n          \u001b[33mclass\u001b[39m=\u001b[32m\"MuiFormHelperText-root MuiFormHelperText-sizeMedium MuiFormHelperText-contained Mui-required css-er619e-MuiFormHelperText-root\"\u001b[39m\n          \u001b[33mid\u001b[39m=\u001b[32m\"_r_g5_-helper-text\"\u001b[39m\n        \u001b[36m>\u001b[39m\n          \u001b[0magents.types.slugNameHint\u001b[0m\n        \u001b[36m</p>\u001b[39m\n      \u001b[36m</div>\u001b[39m\n      \u001b[36m<div\u001b[39m\n        \u001b[33mclass\u001b[39m=\u001b[32m\"MuiFormControl-root MuiFormControl-fullWidth MuiTextField-root css-cmpglg-MuiFormControl-root-MuiTextField-root\"\u001b[39m\n      \u001b[36m>\u001b[39m\n        \u001b[36m<label\u001b[39m\n          \u001b[33mclass\u001b[39m=\u001b[32m\"MuiFormLabel-root MuiInputLabel-root MuiInputLabel-formControl MuiInputLabel-animated MuiInputLabel-outlined MuiFormLabel-colorPrimary MuiInputLabel-root MuiInputLabel-formControl MuiInputLabel-animated MuiInputLabel-outlined css-19qnlrw-MuiFormLabel-root-MuiInputLabel-root\"\u001b[39m\n          \u001b[33mdata-shrink\u001b[39m=\u001b[32m\"false\"\u001b[39m\n          \u001b[33mfor\u001b[39m=\u001b[32m\"_r_g6_\"\u001b[39m\n          \u001b[33mid\u001b[39m=\u001b[32m\"_r_g6_-label\"\u001b[39m\n        \u001b[36m>\u001b[39m\n          \u001b[0mapp.description\u001b[0m\n        \u001b[36m</label>\u001b[39m\n        \u001b[36m<div\u001b[39m\n          \u001b[33mclass\u001b[39m=\u001b[32m\"MuiInputBase-root MuiOutlinedInput-root MuiInputBase-colorPrimary MuiInputBase-fullWidth MuiInputBase-formControl MuiInputBase-multiline css-zsp0bh-MuiInputBase-root-MuiOutlinedInput-root\"\u001b[39m\n        \u001b[36m>\u001b[39m\n          \u001b[36m<textarea\u001b[39m\n            \u001b[33maria-invalid\u001b[39m=\u001b[32m\"false\"\u001b[39m\n            \u001b[33mclass\u001b[39m=\u001b[32m\"MuiInputBase-input MuiOutlinedInput-input MuiInputBase-inputMultiline css-w4nesw-MuiInputBase-input-MuiOutlinedInput-input\"\u001b[39m\n            \u001b[33mid\u001b[39m=\u001b[32m\"_r_g6_\"\u001b[39m\n            \u001b[33mrows\u001b[39m=\u001b[32m\"2\"\u001b[39m\n            \u001b[33mstyle\u001b[39m=\u001b[32m\"height: 0px; overflow: hidden;\"\u001b[39m\n          \u001b[36m/>\u001b[39m\n          \u001b[36m<textarea\u001b[39m\n            \u001b[33maria-hidden\u001b[39m=\u001b[32m\"true\"\u001b[39m\n            \u001b[33mclass\u001b[39m=\u001b[32m\"MuiInputBase-input MuiOutlinedInput-input MuiInputBase-inputMultiline css-w4nesw-MuiInputBase-input-MuiOutlinedInput-input\"\u001b[39m\n            \u001b[33mreadonly\u001b[39m=\u001b[32m\"\"\u001b[39m\n            \u001b[33mstyle\u001b[39m=\u001b[32m\"visibility: hidden; position: absolute; overflow: hidden; height: 0px; top: 0px; left: 0px; transform: translateZ(0); padding-top: 0px; padding-bottom: 0px; width: 100%;\"\u001b[39m\n            \u001b[33mtabindex\u001b[39m=\u001b[32m\"-1\"\u001b[39m\n          \u001b[36m/>\u001b[39m\n          \u001b[36m<fieldset\u001b[39m\n            \u001b[33maria-hidden\u001b[39m=\u001b[32m\"true\"\u001b[39m\n            \u001b[33mclass\u001b[39m=\u001b[32m\"MuiOutlinedInput-notchedOutline css-18p5xg2-MuiNotchedOutlined-root-MuiOutlinedInput-notchedOutline\"\u001b[39m\n          \u001b[36m>\u001b[39m\n            \u001b[36m<legend\u001b[39m\n              \u001b[33mclass\u001b[39m=\u001b[32m\"css-1n64csd-MuiNotchedOutlined-root\"\u001b[39m\n            \u001b[36m>\u001b[39m\n              \u001b[36m<span>\u001b[39m\n                \u001b[0mapp.description\u001b[0m\n              \u001b[36m</span>\u001b[39m\n            \u001b[36m</legend>\u001b[39m\n          \u001b[36m</fieldset>\u001b[39m\n        \u001b[36m</div>\u001b[39m\n      \u001b[36m</div>\u001b[39m\n      \u001b[36m<div\u001b[39m\n        \u001b[33mclass\u001b[39m=\u001b[32m\"MuiFormControl-root MuiFormControl-fullWidth css-ytlejw-MuiFormControl-root\"\u001b[39m\n      \u001b[36m>\u001b[39m\n        \u001b[36m<label\u001b[39m\n          \u001b[33mclass\u001b[39m=\u001b[32m\"MuiFormLabel-root MuiInputLabel-root MuiInputLabel-formControl MuiInputLabel-animated MuiInputLabel-outlined MuiFormLabel-colorPrimary MuiInputLabel-root MuiInputLabel-formControl MuiInputLabel-animated MuiInputLabel-outlined css-19qnlrw-MuiFormLabel-root-MuiInputLabel-root\"\u001b[39m\n          \u001b[33mdata-shrink\u001b[39m=\u001b[32m\"false\"\u001b[39m\n        \u001b[36m>\u001b[39m\n          \u001b[0magents.types.identity\u001b[0m\n        \u001b[36m</label>\u001b[39m\n        \u001b[36m<div\u001b[39m\n          \u001b[33mclass\u001b[39m=\u001b[32m\"MuiInputBase-root MuiOutlinedInput-root MuiInputBase-colorPrimary MuiInputBase-formControl MuiSelect-root css-sc8y68-MuiInputBase-root-MuiOutlinedInput-root-MuiSelect-root\"\u001b[39m\n        \u001b[36m>\u001b[39m\n          \u001b[36m<div\u001b[39m\n            \u001b[33maria-expanded\u001b[39m=\u001b[32m\"false\"\u001b[39m\n            \u001b[33maria-haspopup\u001b[39m=\u001b[32m\"listbox\"\u001b[39m\n            \u001b[33mclass\u001b[39m=\u001b[32m\"MuiSelect-select MuiSelect-outlined MuiInputBase-input MuiOutlinedInput-input css-18jp67o-MuiNativeSelect-root-MuiSelect-select-MuiInputBase-input-MuiOutlinedInput-input\"\u001b[39m\n            \u001b[33mrole\u001b[39m=\u001b[32m\"combobox\"\u001b[39m\n            \u001b[33mtabindex\u001b[39m=\u001b[32m\"0\"\u001b[39m\n          \u001b[36m>\u001b[39m\n            \u001b[36m<span\u001b[39m\n              \u001b[33maria-hidden\u001b[39m=\u001b[32m\"true\"\u001b[39m\n              \u001b[33mclass\u001b[39m=\u001b[32m\"notranslate\"\u001b[39m\n            \u001b[36m>\u001b[39m\n              \u001b[0m​\u001b[0m\n            \u001b[36m</...\n    at Proxy.waitForWrapper (C:\\Users\\rhu\\source\\personal\\coding-workspace\\Parthenon\\frontend\\node_modules\\@testing-library\\dom\\dist\\wait-for.js:163:27)\n    at C:/Users/rhu/source/personal/coding-workspace/Parthenon/frontend/src/__tests__/AgentTypeForm.test.tsx:489:11\n    at file:///C:/Users/rhu/source/personal/coding-workspace/Parthenon/frontend/node_modules/@vitest/runner/dist/chunk-artifact.js:1903:20"],"meta":{},"tags":[]},{"ancestorTitles":["AgentTypeForm"],"fullName":"AgentTypeForm reorder buttons work","status":"passed","title":"reorder buttons work","duration":181.79079999999885,"failureMessages":[],"meta":{},"tags":[]},{"ancestorTitles":["AgentTypeForm"],"fullName":"AgentTypeForm does NOT render old primary_sop_id field","status":"passed","title":"does NOT render old primary_sop_id field","duration":86.23880000000281,"failureMessages":[],"meta":{},"tags":[]},{"ancestorTitles":["AgentTypeForm"],"fullName":"AgentTypeForm renders output data type selector dropdown","status":"passed","title":"renders output data type selector dropdown","duration":93.19090000000142,"failureMessages":[],"meta":{},"tags":[]},{"ancestorTitles":["AgentTypeForm"],"fullName":"AgentTypeForm renders data type hint text","status":"passed","title":"renders data type hint text","duration":87.1265999999996,"failureMessages":[],"meta":{},"tags":[]},{"ancestorTitles":["AgentTypeForm"],"fullName":"AgentTypeForm shows data type options and calls onChange when selected","status":"passed","title":"shows data type options and calls onChange when selected","duration":184.8552000000018,"failureMessages":[],"meta":{},"tags":[]},{"ancestorTitles":["AgentTypeForm"],"fullName":"AgentTypeForm default output_type is typed and data type dropdown is visible","status":"passed","title":"default output_type is typed and data type dropdown is visible","duration":79.42289999999775,"failureMessages":[],"meta":{},"tags":[]},{"ancestorTitles":["AgentTypeForm"],"fullName":"AgentTypeForm hides data type dropdown when output_type is markdown","status":"passed","title":"hides data type dropdown when output_type is markdown","duration":62.665499999999156,"failureMessages":[],"meta":{},"tags":[]},{"ancestorTitles":["AgentTypeForm"],"fullName":"AgentTypeForm does not show data type dropdown when output_type is auto (legacy)","status":"passed","title":"does not show data type dropdown when output_type is auto (legacy)","duration":64.57460000000356,"failureMessages":[],"meta":{},"tags":[]},{"ancestorTitles":["AgentTypeForm"],"fullName":"AgentTypeForm hides entire output section for conversational agents","status":"passed","title":"hides entire output section for conversational agents","duration":64.90060000000085,"failureMessages":[],"meta":{},"tags":[]},{"ancestorTitles":["AgentTypeForm"],"fullName":"AgentTypeForm clears output_data_type_id when switching from typed to markdown","status":"passed","title":"clears output_data_type_id when switching from typed to markdown","duration":102.96519999999873,"failureMessages":[],"meta":{},"tags":[]},{"ancestorTitles":["AgentTypeForm"],"fullName":"AgentTypeForm keeps output_data_type_id when switching typed → typed (no-op)","status":"failed","title":"keeps output_data_type_id when switching typed → typed (no-op)","duration":5151.272399999998,"failureMessages":["AssertionError: expected \"vi.fn()\" to be called with arguments: [ ObjectContaining{…} ]\n\nNumber of calls: 0\n\n\nIgnored nodes: comments, script, style\n\u001b[36m<html>\u001b[39m\n  \u001b[36m<head>\u001b[39m\n    \u001b[36m<meta\u001b[39m\n      \u001b[33mcontent\u001b[39m=\u001b[32m\"\"\u001b[39m\n      \u001b[33mname\u001b[39m=\u001b[32m\"emotion-insertion-point\"\u001b[39m\n    \u001b[36m/>\u001b[39m\n  \u001b[36m</head>\u001b[39m\n  \u001b[36m<body\u001b[39m\n    \u001b[33mstyle\u001b[39m=\u001b[32m\"\"\u001b[39m\n  \u001b[36m>\u001b[39m\n    \u001b[36m<div>\u001b[39m\n      \u001b[36m<div\u001b[39m\n        \u001b[33mclass\u001b[39m=\u001b[32m\"MuiBox-root css-yd8sa2\"\u001b[39m\n      \u001b[36m>\u001b[39m\n        \u001b[36m<div\u001b[39m\n          \u001b[33mclass\u001b[39m=\u001b[32m\"MuiFormControl-root MuiFormControl-fullWidth MuiTextField-root css-cmpglg-MuiFormControl-root-MuiTextField-root\"\u001b[39m\n        \u001b[36m>\u001b[39m\n          \u001b[36m<label\u001b[39m\n            \u001b[33mclass\u001b[39m=\u001b[32m\"MuiFormLabel-root MuiInputLabel-root MuiInputLabel-formControl MuiInputLabel-animated MuiInputLabel-outlined MuiFormLabel-colorPrimary Mui-required MuiInputLabel-root MuiInputLabel-formControl MuiInputLabel-animated MuiInputLabel-outlined css-19qnlrw-MuiFormLabel-root-MuiInputLabel-root\"\u001b[39m\n            \u001b[33mdata-shrink\u001b[39m=\u001b[32m\"false\"\u001b[39m\n            \u001b[33mfor\u001b[39m=\u001b[32m\"_r_m7_\"\u001b[39m\n            \u001b[33mid\u001b[39m=\u001b[32m\"_r_m7_-label\"\u001b[39m\n          \u001b[36m>\u001b[39m\n            \u001b[0mapp.name\u001b[0m\n            \u001b[36m<span\u001b[39m\n              \u001b[33maria-hidden\u001b[39m=\u001b[32m\"true\"\u001b[39m\n              \u001b[33mclass\u001b[39m=\u001b[32m\"MuiFormLabel-asterisk MuiInputLabel-asterisk css-1ljffdk-MuiFormLabel-asterisk\"\u001b[39m\n            \u001b[36m>\u001b[39m\n              \u001b[0m \u001b[0m\n              \u001b[0m*\u001b[0m\n            \u001b[36m</span>\u001b[39m\n          \u001b[36m</label>\u001b[39m\n          \u001b[36m<div\u001b[39m\n            \u001b[33mclass\u001b[39m=\u001b[32m\"MuiInputBase-root MuiOutlinedInput-root MuiInputBase-colorPrimary MuiInputBase-fullWidth MuiInputBase-formControl css-1blp12k-MuiInputBase-root-MuiOutlinedInput-root\"\u001b[39m\n          \u001b[36m>\u001b[39m\n            \u001b[36m<input\u001b[39m\n              \u001b[33maria-describedby\u001b[39m=\u001b[32m\"_r_m7_-helper-text\"\u001b[39m\n              \u001b[33maria-invalid\u001b[39m=\u001b[32m\"false\"\u001b[39m\n              \u001b[33mclass\u001b[39m=\u001b[32m\"MuiInputBase-input MuiOutlinedInput-input css-16wblaj-MuiInputBase-input-MuiOutlinedInput-input\"\u001b[39m\n              \u001b[33mid\u001b[39m=\u001b[32m\"_r_m7_\"\u001b[39m\n              \u001b[33mrequired\u001b[39m=\u001b[32m\"\"\u001b[39m\n              \u001b[33mtype\u001b[39m=\u001b[32m\"text\"\u001b[39m\n              \u001b[33mvalue\u001b[39m=\u001b[32m\"\"\u001b[39m\n            \u001b[36m/>\u001b[39m\n            \u001b[36m<fieldset\u001b[39m\n              \u001b[33maria-hidden\u001b[39m=\u001b[32m\"true\"\u001b[39m\n              \u001b[33mclass\u001b[39m=\u001b[32m\"MuiOutlinedInput-notchedOutline css-18p5xg2-MuiNotchedOutlined-root-MuiOutlinedInput-notchedOutline\"\u001b[39m\n            \u001b[36m>\u001b[39m\n              \u001b[36m<legend\u001b[39m\n                \u001b[33mclass\u001b[39m=\u001b[32m\"css-1n64csd-MuiNotchedOutlined-root\"\u001b[39m\n              \u001b[36m>\u001b[39m\n                \u001b[36m<span>\u001b[39m\n                  \u001b[0mapp.name\u001b[0m\n                  \u001b[0m \u001b[0m\n                  \u001b[0m*\u001b[0m\n                \u001b[36m</span>\u001b[39m\n              \u001b[36m</legend>\u001b[39m\n            \u001b[36m</fieldset>\u001b[39m\n          \u001b[36m</div>\u001b[39m\n          \u001b[36m<p\u001b[39m\n            \u001b[33mclass\u001b[39m=\u001b[32m\"MuiFormHelperText-root MuiFormHelperText-sizeMedium MuiFormHelperText-contained Mui-required css-er619e-MuiFormHelperText-root\"\u001b[39m\n            \u001b[33mid\u001b[39m=\u001b[32m\"_r_m7_-helper-text\"\u001b[39m\n          \u001b[36m>\u001b[39m\n            \u001b[0magents.types.slugNameHint\u001b[0m\n          \u001b[36m</p>\u001b[39m\n        \u001b[36m</div>\u001b[39m\n        \u001b[36m<div\u001b[39m\n          \u001b[33mclass\u001b[39m=\u001b[32m\"MuiFormControl-root MuiFormControl-fullWidth MuiTextField-root css-cmpglg-MuiFormControl-root-MuiTextField-root\"\u001b[39m\n        \u001b[36m>\u001b[39m\n          \u001b[36m<label\u001b[39m\n            \u001b[33mclass\u001b[39m=\u001b[32m\"MuiFormLabel-root MuiInputLabel-root MuiInputLabel-formControl MuiInputLabel-animated MuiInputLabel-outlined MuiFormLabel-colorPrimary MuiInputLabel-root MuiInputLabel-formControl MuiInputLabel-animated MuiInputLabel-outlined css-19qnlrw-MuiFormLabel-root-MuiInputLabel-root\"\u001b[39m\n            \u001b[33mdata-shrink\u001b[39m=\u001b[32m\"false\"\u001b[39m\n            \u001b[33mfor\u001b[39m=\u001b[32m\"_r_m8_\"\u001b[39m\n            \u001b[33mid\u001b[39m=\u001b[32m\"_r_m8_-label\"\u001b[39m\n          \u001b[36m>\u001b[39m\n            \u001b[0mapp.description\u001b[0m\n          \u001b[36m</label>\u001b[39m\n          \u001b[36m<div\u001b[39m\n            \u001b[33mclass\u001b[39m=\u001b[32m\"MuiInputBase-root MuiOutlinedInput-root MuiInputBase-colorPrimary MuiInputBase-fullWidth MuiInputBase-formControl MuiInputBase-multiline css-zsp0bh-MuiInputBase-root-MuiOutlinedInput-root\"\u001b[39m\n          \u001b[36m>\u001b[39m\n            \u001b[36m<textarea\u001b[39m\n              \u001b[33maria-invalid\u001b[39m=\u001b[32m\"false\"\u001b[39m\n              \u001b[33mclass\u001b[39m=\u001b[32m\"MuiInputBase-input MuiOutlinedInput-input MuiInputBase-inputMultiline css-w4nesw-MuiInputBase-input-MuiOutlinedInput-input\"\u001b[39m\n              \u001b[33mid\u001b[39m=\u001b[32m\"_r_m8_\"\u001b[39m\n              \u001b[33mrows\u001b[39m=\u001b[32m\"2\"\u001b[39m\n              \u001b[33mstyle\u001b[39m=\u001b[32m\"height: 0px; overflow: hidden;\"\u001b[39m\n            \u001b[36m/>\u001b[39m\n            \u001b[36m<textarea\u001b[39m\n              \u001b[33maria-hidden\u001b[39m=\u001b[32m\"true\"\u001b[39m\n              \u001b[33mclass\u001b[39m=\u001b[32m\"MuiInputBase-input MuiOutlinedInput-input MuiInputBase-inputMultiline css-w4nesw-MuiInputBase-input-MuiOutlinedInput-input\"\u001b[39m\n              \u001b[33mreadonly\u001b[39m=\u001b[32m\"\"\u001b[39m\n              \u001b[33mstyle\u001b[39m=\u001b[32m\"visibility: hidden; position: absolute; overflow: hidden; height: 0px; top: 0px; left: 0px; transform: translateZ(0); padding-top: 0px; padding-bottom: 0px; width: 100%;\"\u001b[39m\n              \u001b[33mtabindex\u001b[39m=\u001b[32m\"-1\"\u001b[39m\n            \u001b[36m/>\u001b[39m\n            \u001b[36m<fieldset\u001b[39m\n              \u001b[33maria-hidden\u001b[39m=\u001b[32m\"true\"\u001b[39m\n              \u001b[33mclass\u001b[39m=\u001b[32m\"MuiOutlinedInput-notchedOutline css-18p5xg2-MuiNotchedOutlined-root-MuiOutlinedInput-notchedOutline\"\u001b[39m\n            \u001b[36m>\u001b[39m\n              \u001b[36m<legend\u001b[39m\n                \u001b[33mclass\u001b[39m=\u001b[32m\"css-1n64csd-MuiNotchedOutlined-root\"\u001b[39m\n              \u001b[36m>\u001b[39m\n                \u001b[36m<span>\u001b[39m\n                  \u001b[0mapp.description\u001b[0m\n                \u001b[36m</span>\u001b[39m\n              \u001b[36m</legend>\u001b[39m\n            \u001b[36m</fieldset>\u001b[39m\n          \u001b[36m</div>\u001b[39m\n        \u001b[36m</div>\u001b[39m\n        \u001b[36m<div\u001b[39m\n          \u001b[33mclass\u001b[39m=\u001b[32m\"MuiFormControl-root MuiFormControl-fullWidth css-ytlejw-MuiFormControl-root\"\u001b[39m\n        \u001b[36m>\u001b[39m\n          \u001b[36m<label\u001b[39m\n            \u001b[33mclass\u001b[39m=\u001b[32m\"MuiFormLabel-root MuiInputLabel-root MuiInputLabel-formControl MuiInputLabel-animated MuiInputLabel-outlined MuiFormLabel-colorPrimary MuiInputLabel-root MuiInputLabel-formControl MuiInputLabel-animated MuiInputLabel-outlined css-19qnlrw-MuiFormLabel-root-MuiInputLabel-root\"\u001b[39m\n            \u001b[33mdata-shrink\u001b[39m=\u001b[32m\"false\"\u001b[39m\n          \u001b[36m>\u001b[39m\n            \u001b[0magents.types.identity\u001b[0m\n          \u001b[36m</label>\u001b[39m\n          \u001b[36m<div\u001b[39m\n            \u001b[33mclass\u001b[39m=\u001b[32m\"MuiInputBase-root MuiOutlinedInput-root MuiInputBase-colorPrimary MuiInputBase-formControl MuiSelect-root css-sc8y68-MuiInputBase-root-MuiOutlinedInput-root-MuiSelect-root\"\u001b[39m\n          \u001b[36m>\u001b[39m\n            \u001b[36m<div\u001b[39m\n              \u001b[33maria-expanded\u001b[39m=\u001b[32m\"false\"\u001b[39m\n              \u001b[33maria-haspopup\u001b[39m=\u001b[32m\"listbox\"\u001b[39m\n              \u001b[33mclass\u001b[39m=\u001b[32m\"MuiSelect-select MuiSelect-out...\n    at Proxy.<anonymous> (file:///C:/Users/rhu/source/personal/coding-workspace/Parthenon/frontend/node_modules/@vitest/expect/dist/index.js:1487:10)\n    at Proxy.<anonymous> (file:///C:/Users/rhu/source/personal/coding-workspace/Parthenon/frontend/node_modules/@vitest/expect/dist/index.js:1156:15)\n    at Proxy.methodWrapper (file:///C:/Users/rhu/source/personal/coding-workspace/Parthenon/frontend/node_modules/chai/index.js:1700:25)\n    at C:/Users/rhu/source/personal/coding-workspace/Parthenon/frontend/src/__tests__/AgentTypeForm.test.tsx:742:24\n    at runWithExpensiveErrorDiagnosticsDisabled (C:\\Users\\rhu\\source\\personal\\coding-workspace\\Parthenon\\frontend\\node_modules\\@testing-library\\dom\\dist\\config.js:47:12)\n    at checkCallback (C:\\Users\\rhu\\source\\personal\\coding-workspace\\Parthenon\\frontend\\node_modules\\@testing-library\\dom\\dist\\wait-for.js:124:77)\n    at Timeout.checkRealTimersCallback (C:\\Users\\rhu\\source\\personal\\coding-workspace\\Parthenon\\frontend\\node_modules\\@testing-library\\dom\\dist\\wait-for.js:118:16)\n    at listOnTimeout (node:internal/timers:588:17)\n    at processTimers (node:internal/timers:523:7)"],"meta":{},"tags":[]},{"ancestorTitles":["AgentTypeForm"],"fullName":"AgentTypeForm output type selector only shows typed and markdown options","status":"passed","title":"output type selector only shows typed and markdown options","duration":105.32710000000225,"failureMessages":[],"meta":{},"tags":[]}],"startTime":1782038877947,"endTime":1782038907372.3271,"status":"failed","message":"","name":"C:/Users/rhu/source/personal/coding-workspace/Parthenon/frontend/src/__tests__/AgentTypeForm.test.tsx"}]}