{"numTotalTestSuites":2,"numPassedTestSuites":2,"numFailedTestSuites":0,"numPendingTestSuites":0,"numTotalTests":2,"numPassedTests":2,"numFailedTests":0,"numPendingTests":0,"numTodoTests":0,"snapshot":{"added":0,"failure":false,"filesAdded":0,"filesRemoved":0,"filesRemovedList":[],"filesUnmatched":0,"filesUpdated":0,"matched":0,"total":0,"unchecked":0,"uncheckedKeysByFile":[],"unmatched":0,"updated":0,"didUpdate":false},"startTime":1783051740070,"success":true,"testResults":[{"assertionResults":[{"ancestorTitles":["system tool naming"],"fullName":"system tool naming keeps legacy save_result canonicalization for backward compatibility","status":"passed","title":"keeps legacy save_result canonicalization for backward compatibility","duration":1.754399999999805,"failureMessages":[],"meta":{},"tags":[]},{"ancestorTitles":["system tool naming"],"fullName":"system tool naming does not remap save_data/get_data/get_output in frontend naming helper","status":"passed","title":"does not remap save_data/get_data/get_output in frontend naming helper","duration":0.48090000000001965,"failureMessages":[],"meta":{},"tags":[]}],"startTime":1783051743644,"endTime":1783051743646.481,"status":"passed","message":"","name":"C:/Users/rhu/source/personal/coding-workspace/Parthenon/frontend/src/__tests__/system-tools-naming.test.ts"}]}