{"numTotalTestSuites":2,"numPassedTestSuites":2,"numFailedTestSuites":0,"numPendingTestSuites":0,"numTotalTests":2,"numPassedTests":2,"numFailedTests":0,"numPendingTests":0,"numTodoTests":0,"snapshot":{"added":0,"failure":false,"filesAdded":0,"filesRemoved":0,"filesRemovedList":[],"filesUnmatched":0,"filesUpdated":0,"matched":0,"total":0,"unchecked":0,"uncheckedKeysByFile":[],"unmatched":0,"updated":0,"didUpdate":false},"startTime":1780054131032,"success":true,"testResults":[{"assertionResults":[{"ancestorTitles":["AgentExecutionDetailsDialog"],"fullName":"AgentExecutionDetailsDialog focuses execution logs tab by default when dialog opens","status":"passed","title":"focuses execution logs tab by default when dialog opens","duration":189.3136999999997,"failureMessages":[],"meta":{},"tags":[]},{"ancestorTitles":["AgentExecutionDetailsDialog"],"fullName":"AgentExecutionDetailsDialog auto-scrolls to latest execution log entry when stream appends","status":"passed","title":"auto-scrolls to latest execution log entry when stream appends","duration":40.07970000000023,"failureMessages":[],"meta":{},"tags":[]}],"startTime":1780054135701,"endTime":1780054135930.0796,"status":"passed","message":"","name":"C:/Users/rhu/source/personal/coding-workspace/Parthenon/frontend/src/__tests__/AgentExecutionDetailsDialog.test.tsx"}]}