{"numTotalTestSuites":283,"numPassedTestSuites":283,"numFailedTestSuites":0,"numPendingTestSuites":0,"numTotalTests":994,"numPassedTests":976,"numFailedTests":0,"numPendingTests":18,"numTodoTests":0,"snapshot":{"added":0,"failure":false,"filesAdded":0,"filesRemoved":0,"filesRemovedList":[],"filesUnmatched":0,"filesUpdated":0,"matched":0,"total":0,"unchecked":0,"uncheckedKeysByFile":[],"unmatched":0,"updated":0,"didUpdate":false},"startTime":1782908910928,"success":true,"testResults":[{"assertionResults":[{"ancestorTitles":["AccessRequestsPage"],"fullName":"AccessRequestsPage renders without crashing","status":"passed","title":"renders without crashing","duration":14746.289800000002,"failureMessages":[],"meta":{},"tags":[]},{"ancestorTitles":["AccessRequestsPage"],"fullName":"AccessRequestsPage renders tabs for pending and my requests","status":"passed","title":"renders tabs for pending and my requests","duration":206.62859999999637,"failureMessages":[],"meta":{},"tags":[]},{"ancestorTitles":["MyRequestsTab — group-optional behaviour"],"fullName":"MyRequestsTab — group-optional behaviour renders informational alert (not group list) when useGroups returns empty array","status":"passed","title":"renders informational alert (not group list) when useGroups returns empty array","duration":330.25129999999626,"failureMessages":[],"meta":{},"tags":[]},{"ancestorTitles":["MyRequestsTab — group-optional behaviour"],"fullName":"MyRequestsTab — group-optional behaviour renders group selection list when useGroups returns non-empty data","status":"passed","title":"renders group selection list when useGroups returns non-empty data","duration":208.31580000000395,"failureMessages":[],"meta":{},"tags":[]},{"ancestorTitles":["PendingRequestsTab — group-optional behaviour"],"fullName":"PendingRequestsTab — group-optional behaviour renders \"Unassigned\" chip for a request with no group_id","status":"passed","title":"renders \"Unassigned\" chip for a request with no group_id","duration":324.9427999999971,"failureMessages":[],"meta":{},"tags":[]},{"ancestorTitles":["PendingRequestsTab — group-optional behaviour"],"fullName":"PendingRequestsTab — group-optional behaviour approve dialog renders group dropdown when approveTarget.group_id is absent","status":"passed","title":"approve dialog renders group dropdown when approveTarget.group_id is absent","duration":540.0106000000014,"failureMessages":[],"meta":{},"tags":[]}],"startTime":1782908972437,"endTime":1782908988795.0105,"status":"passed","message":"","name":"C:/Users/rhu/source/personal/coding-workspace/Parthenon/frontend/src/__tests__/AccessRequestsPage.test.tsx"},{"assertionResults":[{"ancestorTitles":["AddGuardrailForm - period filter"],"fullName":"AddGuardrailForm - period filter offers all four periods when the model has no guardrails","status":"passed","title":"offers all four periods when the model has no guardrails","duration":14495.254699999998,"failureMessages":[],"meta":{},"tags":[]},{"ancestorTitles":["AddGuardrailForm - period filter"],"fullName":"AddGuardrailForm - period filter filters the period select to only periods not yet configured on the model","status":"passed","title":"filters the period select to only periods not yet configured on the model","duration":216.81910000000062,"failureMessages":[],"meta":{},"tags":[]},{"ancestorTitles":["AddGuardrailForm - submit behaviour"],"fullName":"AddGuardrailForm - submit behaviour submits a single per-period create call with terminate-default and k-default","status":"passed","title":"submits a single per-period create call with terminate-default and k-default","duration":843.5046000000002,"failureMessages":[],"meta":{},"tags":[]},{"ancestorTitles":["AddGuardrailForm - submit behaviour"],"fullName":"AddGuardrailForm - submit behaviour shows a validation error when no period is selected","status":"passed","title":"shows a validation error when no period is selected","duration":260.7514999999985,"failureMessages":[],"meta":{},"tags":[]},{"ancestorTitles":["AddGuardrailForm - submit behaviour"],"fullName":"AddGuardrailForm - submit behaviour shows a validation error when no limit is entered","status":"passed","title":"shows a validation error when no limit is entered","duration":557.7147000000041,"failureMessages":[],"meta":{},"tags":[]},{"ancestorTitles":["AddGuardrailForm - error rendering"],"fullName":"AddGuardrailForm - error rendering surfaces a 403 permission-denied error via PermissionDeniedAlert","status":"passed","title":"surfaces a 403 permission-denied error via PermissionDeniedAlert","duration":561.5734999999986,"failureMessages":[],"meta":{},"tags":[]}],"startTime":1782908934740,"endTime":1782908951676.5735,"status":"passed","message":"","name":"C:/Users/rhu/source/personal/coding-workspace/Parthenon/frontend/src/__tests__/AddGuardrailForm.test.tsx"},{"assertionResults":[{"ancestorTitles":["AddStatementDialog"],"fullName":"AddStatementDialog resource type dropdown is populated from useResourceTypes data","status":"passed","title":"resource type dropdown is populated from useResourceTypes data","duration":14843.072499999998,"failureMessages":[],"meta":{},"tags":[]},{"ancestorTitles":["AddStatementDialog"],"fullName":"AddStatementDialog Effect dropdown contains Allow and Deny options","status":"passed","title":"Effect dropdown contains Allow and Deny options","duration":178.76870000000054,"failureMessages":[],"meta":{},"tags":[]},{"ancestorTitles":["AddStatementDialog"],"fullName":"AddStatementDialog Save button is disabled when resource type or actions are empty","status":"passed","title":"Save button is disabled when resource type or actions are empty","duration":276.723699999995,"failureMessages":[],"meta":{},"tags":[]},{"ancestorTitles":["AddStatementDialog"],"fullName":"AddStatementDialog Add Tag Condition button is present","status":"passed","title":"Add Tag Condition button is present","duration":207.84799999999814,"failureMessages":[],"meta":{},"tags":[]},{"ancestorTitles":["AddStatementDialog"],"fullName":"AddStatementDialog Cancel button calls onClose","status":"passed","title":"Cancel button calls onClose","duration":280.60089999999764,"failureMessages":[],"meta":{},"tags":[]},{"ancestorTitles":["AddStatementDialog"],"fullName":"AddStatementDialog API error is shown inline (Dialog Error Handling Standard)","status":"passed","title":"API error is shown inline (Dialog Error Handling Standard)","duration":199.85800000000017,"failureMessages":[],"meta":{},"tags":[]},{"ancestorTitles":["AddStatementDialog"],"fullName":"AddStatementDialog form resets when dialog is reopened","status":"passed","title":"form resets when dialog is reopened","duration":161.7291000000041,"failureMessages":[],"meta":{},"tags":[]},{"ancestorTitles":["AddStatementDialog"],"fullName":"AddStatementDialog renders resource IDs section with Add Resource ID button","status":"passed","title":"renders resource IDs section with Add Resource ID button","duration":280.30889999999636,"failureMessages":[],"meta":{},"tags":[]},{"ancestorTitles":["AddStatementDialog"],"fullName":"AddStatementDialog Add Resource ID button is disabled when no resource type selected","status":"passed","title":"Add Resource ID button is disabled when no resource type selected","duration":331.03570000000036,"failureMessages":[],"meta":{},"tags":[]},{"ancestorTitles":["AddStatementDialog"],"fullName":"AddStatementDialog populates all form fields in edit mode from editingPolicy prop","status":"passed","title":"populates all form fields in edit mode from editingPolicy prop","duration":403.606200000002,"failureMessages":[],"meta":{},"tags":[]},{"ancestorTitles":["AddStatementDialog"],"fullName":"AddStatementDialog calls useUpdatePolicyStatement (not create) when saving in edit mode","status":"passed","title":"calls useUpdatePolicyStatement (not create) when saving in edit mode","duration":427.65789999999834,"failureMessages":[],"meta":{},"tags":[]}],"startTime":1782908936920,"endTime":1782908954512.658,"status":"passed","message":"","name":"C:/Users/rhu/source/personal/coding-workspace/Parthenon/frontend/src/__tests__/AddStatementDialog.test.tsx"},{"assertionResults":[{"ancestorTitles":["AgentExecutionDetailsDialog"],"fullName":"AgentExecutionDetailsDialog focuses execution logs tab by default when dialog opens","status":"passed","title":"focuses execution logs tab by default when dialog opens","duration":389.7579000000005,"failureMessages":[],"meta":{},"tags":[]},{"ancestorTitles":["AgentExecutionDetailsDialog"],"fullName":"AgentExecutionDetailsDialog auto-scrolls to latest execution log entry when stream appends","status":"passed","title":"auto-scrolls to latest execution log entry when stream appends","duration":97.17029999999795,"failureMessages":[],"meta":{},"tags":[]}],"startTime":1782909063455,"endTime":1782909063942.1704,"status":"passed","message":"","name":"C:/Users/rhu/source/personal/coding-workspace/Parthenon/frontend/src/__tests__/AgentExecutionDetailsDialog.test.tsx"},{"assertionResults":[{"ancestorTitles":["AgentIdentityDialog"],"fullName":"AgentIdentityDialog renders create dialog title","status":"passed","title":"renders create dialog title","duration":16991.6906,"failureMessages":[],"meta":{},"tags":[]},{"ancestorTitles":["AgentIdentityDialog"],"fullName":"AgentIdentityDialog renders OAuth instructions and Sign In as Agent button","status":"passed","title":"renders OAuth instructions and Sign In as Agent button","duration":41.53849999999511,"failureMessages":[],"meta":{},"tags":[]},{"ancestorTitles":["AgentIdentityDialog"],"fullName":"AgentIdentityDialog renders OAuth note about bootstrap config","status":"passed","title":"renders OAuth note about bootstrap config","duration":47.56339999999909,"failureMessages":[],"meta":{},"tags":[]},{"ancestorTitles":["AgentIdentityDialog"],"fullName":"AgentIdentityDialog calls GET authorize endpoint when Sign In as Agent button is clicked","status":"passed","title":"calls GET authorize endpoint when Sign In as Agent button is clicked","duration":84.92829999999958,"failureMessages":[],"meta":{},"tags":[]},{"ancestorTitles":["AgentIdentityDialog"],"fullName":"AgentIdentityDialog calls onSaved and onClose when OAuth success message is received","status":"passed","title":"calls onSaved and onClose when OAuth success message is received","duration":69.23669999999402,"failureMessages":[],"meta":{},"tags":[]},{"ancestorTitles":["AgentIdentityDialog"],"fullName":"AgentIdentityDialog shows error when OAuth error message is received","status":"passed","title":"shows error when OAuth error message is received","duration":123.12960000000021,"failureMessages":[],"meta":{},"tags":[]}],"startTime":1782908978715,"endTime":1782908996074.1296,"status":"passed","message":"","name":"C:/Users/rhu/source/personal/coding-workspace/Parthenon/frontend/src/__tests__/AgentIdentityDialog.test.tsx"},{"assertionResults":[{"ancestorTitles":["AgentIdentityListPage"],"fullName":"AgentIdentityListPage renders the page heading","status":"passed","title":"renders the page heading","duration":15049.587000000003,"failureMessages":[],"meta":{},"tags":[]},{"ancestorTitles":["AgentIdentityListPage"],"fullName":"AgentIdentityListPage renders identity names from API data","status":"passed","title":"renders identity names from API data","duration":518.0754000000015,"failureMessages":[],"meta":{},"tags":[]},{"ancestorTitles":["AgentIdentityListPage"],"fullName":"AgentIdentityListPage renders realm_name column","status":"passed","title":"renders realm_name column","duration":384.26460000000225,"failureMessages":[],"meta":{},"tags":[]},{"ancestorTitles":["AgentIdentityListPage"],"fullName":"AgentIdentityListPage renders realm_username column","status":"passed","title":"renders realm_username column","duration":420.0717000000004,"failureMessages":[],"meta":{},"tags":[]},{"ancestorTitles":["AgentIdentityListPage"],"fullName":"AgentIdentityListPage renders realm values for each identity row","status":"passed","title":"renders realm values for each identity row","duration":396.05020000000513,"failureMessages":[],"meta":{},"tags":[]},{"ancestorTitles":["AgentIdentityListPage"],"fullName":"AgentIdentityListPage renders status chips","status":"passed","title":"renders status chips","duration":548.8549999999959,"failureMessages":[],"meta":{},"tags":[]},{"ancestorTitles":["AgentIdentityListPage"],"fullName":"AgentIdentityListPage renders token active chip when token_expires_at is in the future","status":"passed","title":"renders token active chip when token_expires_at is in the future","duration":302.4354000000021,"failureMessages":[],"meta":{},"tags":[]},{"ancestorTitles":["AgentIdentityListPage"],"fullName":"AgentIdentityListPage renders no-token indicator when token_expires_at is null","status":"passed","title":"renders no-token indicator when token_expires_at is null","duration":244.66219999999885,"failureMessages":[],"meta":{},"tags":[]},{"ancestorTitles":["AgentIdentityListPage"],"fullName":"AgentIdentityListPage renders OAuth section column header","status":"skipped","title":"renders OAuth section column header","failureMessages":[],"meta":{},"tags":[]},{"ancestorTitles":["AgentIdentityListPage"],"fullName":"AgentIdentityListPage renders Add Identity button","status":"passed","title":"renders Add Identity button","duration":117.5205999999962,"failureMessages":[],"meta":{},"tags":[]},{"ancestorTitles":["AgentIdentityListPage"],"fullName":"AgentIdentityListPage opens AgentIdentityDialog when Add Identity is clicked","status":"passed","title":"opens AgentIdentityDialog when Add Identity is clicked","duration":813.6473000000042,"failureMessages":[],"meta":{},"tags":[]},{"ancestorTitles":["AgentIdentityListPage — conditional action buttons"],"fullName":"AgentIdentityListPage — conditional action buttons shows green refresh button when refresh token is valid","status":"passed","title":"shows green refresh button when refresh token is valid","duration":157.49520000000484,"failureMessages":[],"meta":{},"tags":[]},{"ancestorTitles":["AgentIdentityListPage — conditional action buttons"],"fullName":"AgentIdentityListPage — conditional action buttons shows red reauth button when refresh token is invalid","status":"passed","title":"shows red reauth button when refresh token is invalid","duration":198.2600999999995,"failureMessages":[],"meta":{},"tags":[]},{"ancestorTitles":["AgentIdentityListPage — conditional action buttons"],"fullName":"AgentIdentityListPage — conditional action buttons refresh button calls refresh-token endpoint","status":"passed","title":"refresh button calls refresh-token endpoint","duration":395.85570000000007,"failureMessages":[],"meta":{},"tags":[]},{"ancestorTitles":["AgentIdentityListPage — conditional action buttons"],"fullName":"AgentIdentityListPage — conditional action buttons reauth button calls reauth-url endpoint and opens popup","status":"passed","title":"reauth button calls reauth-url endpoint and opens popup","duration":573.7842000000019,"failureMessages":[],"meta":{},"tags":[]}],"startTime":1782908933830,"endTime":1782908953952.7842,"status":"passed","message":"","name":"C:/Users/rhu/source/personal/coding-workspace/Parthenon/frontend/src/__tests__/AgentIdentityListPage.test.tsx"},{"assertionResults":[{"ancestorTitles":["AgentIdentityViewDialog"],"fullName":"AgentIdentityViewDialog shows loading spinner while identity is fetching","status":"passed","title":"shows loading spinner while identity is fetching","duration":16294.093799999999,"failureMessages":[],"meta":{},"tags":[]},{"ancestorTitles":["AgentIdentityViewDialog"],"fullName":"AgentIdentityViewDialog renders identity name and realm when loaded","status":"passed","title":"renders identity name and realm when loaded","duration":127.8856999999989,"failureMessages":[],"meta":{},"tags":[]},{"ancestorTitles":["AgentIdentityViewDialog"],"fullName":"AgentIdentityViewDialog renders Edit button","status":"passed","title":"renders Edit button","duration":79.4713000000047,"failureMessages":[],"meta":{},"tags":[]},{"ancestorTitles":["AgentIdentityViewDialog"],"fullName":"AgentIdentityViewDialog clicking Edit closes dialog and navigates to /agents/identities","status":"passed","title":"clicking Edit closes dialog and navigates to /agents/identities","duration":103.48949999999604,"failureMessages":[],"meta":{},"tags":[]},{"ancestorTitles":["AgentIdentityViewDialog"],"fullName":"AgentIdentityViewDialog Close button calls onClose","status":"passed","title":"Close button calls onClose","duration":88.96770000000106,"failureMessages":[],"meta":{},"tags":[]},{"ancestorTitles":["AgentIdentityViewDialog"],"fullName":"AgentIdentityViewDialog shows PermissionDeniedAlert when identity fetch fails","status":"passed","title":"shows PermissionDeniedAlert when identity fetch fails","duration":90.22389999999723,"failureMessages":[],"meta":{},"tags":[]},{"ancestorTitles":["AgentIdentityViewDialog"],"fullName":"AgentIdentityViewDialog does not fetch when identityId is null","status":"passed","title":"does not fetch when identityId is null","duration":22.999100000000908,"failureMessages":[],"meta":{},"tags":[]}],"startTime":1782908978714,"endTime":1782908995521.999,"status":"passed","message":"","name":"C:/Users/rhu/source/personal/coding-workspace/Parthenon/frontend/src/__tests__/AgentIdentityViewDialog.test.tsx"},{"assertionResults":[{"ancestorTitles":["AgentInstanceDashboardPage runtime-control scenarios"],"fullName":"AgentInstanceDashboardPage runtime-control scenarios shows loading progress before sessions request resolves","status":"passed","title":"shows loading progress before sessions request resolves","duration":15381.122100000004,"failureMessages":[],"meta":{},"tags":[]},{"ancestorTitles":["AgentInstanceDashboardPage runtime-control scenarios"],"fullName":"AgentInstanceDashboardPage runtime-control scenarios shows permission error alert when sessions query fails","status":"passed","title":"shows permission error alert when sessions query fails","duration":385.04060000000027,"failureMessages":[],"meta":{},"tags":[]},{"ancestorTitles":["AgentInstanceDashboardPage runtime-control scenarios"],"fullName":"AgentInstanceDashboardPage runtime-control scenarios renders conversation title column and opens execution details dialog","status":"passed","title":"renders conversation title column and opens execution details dialog","duration":417.2575999999972,"failureMessages":[],"meta":{},"tags":[]}],"startTime":1782908978028,"endTime":1782908994212.2576,"status":"passed","message":"","name":"C:/Users/rhu/source/personal/coding-workspace/Parthenon/frontend/src/__tests__/AgentInstanceDashboard.runtime-control.test.tsx"},{"assertionResults":[{"ancestorTitles":["AgentInstanceDashboardPage"],"fullName":"AgentInstanceDashboardPage renders all instances from the API in the table","status":"passed","title":"renders all instances from the API in the table","duration":15658.3789,"failureMessages":[],"meta":{},"tags":[]},{"ancestorTitles":["AgentInstanceDashboardPage"],"fullName":"AgentInstanceDashboardPage renders status chip for each instance row","status":"passed","title":"renders status chip for each instance row","duration":399.3093999999983,"failureMessages":[],"meta":{},"tags":[]},{"ancestorTitles":["AgentInstanceDashboardPage"],"fullName":"AgentInstanceDashboardPage renders submitted timestamp column","status":"passed","title":"renders submitted timestamp column","duration":411.0933999999979,"failureMessages":[],"meta":{},"tags":[]},{"ancestorTitles":["AgentInstanceDashboardPage"],"fullName":"AgentInstanceDashboardPage renders completedAt column header","status":"passed","title":"renders completedAt column header","duration":308.82420000000275,"failureMessages":[],"meta":{},"tags":[]},{"ancestorTitles":["AgentInstanceDashboardPage"],"fullName":"AgentInstanceDashboardPage shows status filter dropdown","status":"passed","title":"shows status filter dropdown","duration":111.88910000000033,"failureMessages":[],"meta":{},"tags":[]},{"ancestorTitles":["AgentInstanceDashboardPage"],"fullName":"AgentInstanceDashboardPage passes status query param when status filter is set","status":"passed","title":"passes status query param when status filter is set","duration":140.20040000000154,"failureMessages":[],"meta":{},"tags":[]},{"ancestorTitles":["AgentInstanceDashboardPage"],"fullName":"AgentInstanceDashboardPage shows time range filter inputs","status":"passed","title":"shows time range filter inputs","duration":138.69540000000416,"failureMessages":[],"meta":{},"tags":[]},{"ancestorTitles":["AgentInstanceDashboardPage"],"fullName":"AgentInstanceDashboardPage shows empty state when no instances match filters","status":"passed","title":"shows empty state when no instances match filters","duration":232.82479999999487,"failureMessages":[],"meta":{},"tags":[]},{"ancestorTitles":["AgentInstanceDashboardPage"],"fullName":"AgentInstanceDashboardPage clicking instance row navigates to detail page","status":"passed","title":"clicking instance row navigates to detail page","duration":1704.6324999999997,"failureMessages":[],"meta":{},"tags":[]},{"ancestorTitles":["AgentInstanceDashboardPage"],"fullName":"AgentInstanceDashboardPage shows clear filters button when filters are active","status":"passed","title":"shows clear filters button when filters are active","duration":410.4253000000026,"failureMessages":[],"meta":{},"tags":[]}],"startTime":1782908933762,"endTime":1782908953279.4253,"status":"passed","message":"","name":"C:/Users/rhu/source/personal/coding-workspace/Parthenon/frontend/src/__tests__/AgentInstanceDashboard.test.tsx"},{"assertionResults":[{"ancestorTitles":["AgentManagementPage"],"fullName":"AgentManagementPage renders the page heading","status":"passed","title":"renders the page heading","duration":16507.499499999998,"failureMessages":[],"meta":{},"tags":[]},{"ancestorTitles":["AgentManagementPage"],"fullName":"AgentManagementPage renders the agent type from mock data","status":"passed","title":"renders the agent type from mock data","duration":134.69720000000234,"failureMessages":[],"meta":{},"tags":[]},{"ancestorTitles":["AgentManagementPage"],"fullName":"AgentManagementPage renders input_type chip for agent type","status":"passed","title":"renders input_type chip for agent type","duration":169.72270000000572,"failureMessages":[],"meta":{},"tags":[]},{"ancestorTitles":["AgentManagementPage"],"fullName":"AgentManagementPage does not render old mode or max_instances fields","status":"passed","title":"does not render old mode or max_instances fields","duration":158.63880000000063,"failureMessages":[],"meta":{},"tags":[]},{"ancestorTitles":["AgentManagementPage"],"fullName":"AgentManagementPage renders Create Agent Type button","status":"passed","title":"renders Create Agent Type button","duration":474.03459999999905,"failureMessages":[],"meta":{},"tags":[]},{"ancestorTitles":["AgentManagementPage"],"fullName":"AgentManagementPage opens dialog when Create Agent Type is clicked","status":"passed","title":"opens dialog when Create Agent Type is clicked","duration":1707.3902999999991,"failureMessages":[],"meta":{},"tags":[]},{"ancestorTitles":["AgentManagementPage"],"fullName":"AgentManagementPage renders Launch (PlayArrow) button per agent type row","status":"passed","title":"renders Launch (PlayArrow) button per agent type row","duration":194.80340000000433,"failureMessages":[],"meta":{},"tags":[]},{"ancestorTitles":["AgentManagementPage"],"fullName":"AgentManagementPage opens AgentJobLaunchDialog when Launch is clicked","status":"passed","title":"opens AgentJobLaunchDialog when Launch is clicked","duration":435.50799999999435,"failureMessages":[],"meta":{},"tags":[]},{"ancestorTitles":["AgentManagementPage"],"fullName":"AgentManagementPage opens ConversationDialog when Launch is clicked for conversation agent","status":"passed","title":"opens ConversationDialog when Launch is clicked for conversation agent","duration":317.3309999999983,"failureMessages":[],"meta":{},"tags":[]},{"ancestorTitles":["AgentManagementPage"],"fullName":"AgentManagementPage renders Edit button per agent type row","status":"passed","title":"renders Edit button per agent type row","duration":202.0769999999975,"failureMessages":[],"meta":{},"tags":[]},{"ancestorTitles":["AgentManagementPage — post-save navigation"],"fullName":"AgentManagementPage — post-save navigation opens AgentTypeDetailsDialog after successful create (agent has plan)","status":"passed","title":"opens AgentTypeDetailsDialog after successful create (agent has plan)","duration":2874.193299999999,"failureMessages":[],"meta":{},"tags":[]},{"ancestorTitles":["AgentManagementPage — post-save navigation"],"fullName":"AgentManagementPage — post-save navigation opens AgentTypeDetailsDialog after save even without a plan","status":"passed","title":"opens AgentTypeDetailsDialog after save even without a plan","duration":2389.1087999999945,"failureMessages":[],"meta":{},"tags":[]},{"ancestorTitles":["AgentManagementPage — role and identity columns"],"fullName":"AgentManagementPage — role and identity columns renders Role column header","status":"passed","title":"renders Role column header","duration":103.42259999999806,"failureMessages":[],"meta":{},"tags":[]},{"ancestorTitles":["AgentManagementPage — role and identity columns"],"fullName":"AgentManagementPage — role and identity columns renders Identity column header","status":"passed","title":"renders Identity column header","duration":114.27709999999934,"failureMessages":[],"meta":{},"tags":[]},{"ancestorTitles":["AgentManagementPage — role and identity columns"],"fullName":"AgentManagementPage — role and identity columns shows dash in Role column when role_id is null","status":"passed","title":"shows dash in Role column when role_id is null","duration":75.56489999999758,"failureMessages":[],"meta":{},"tags":[]},{"ancestorTitles":["AgentManagementPage — role and identity columns"],"fullName":"AgentManagementPage — role and identity columns renders Data Type column header","status":"passed","title":"renders Data Type column header","duration":123.79320000000007,"failureMessages":[],"meta":{},"tags":[]},{"ancestorTitles":["AgentManagementPage — role and identity columns"],"fullName":"AgentManagementPage — role and identity columns shows data type name in Data Type column when agent has one assigned","status":"passed","title":"shows data type name in Data Type column when agent has one assigned","duration":115.29599999999482,"failureMessages":[],"meta":{},"tags":[]},{"ancestorTitles":["AgentManagementPage — role and identity columns"],"fullName":"AgentManagementPage — role and identity columns shows dash in Data Type column when no data type is assigned","status":"passed","title":"shows dash in Data Type column when no data type is assigned","duration":79.91319999999541,"failureMessages":[],"meta":{},"tags":[]},{"ancestorTitles":["AgentManagementPage — role and identity columns"],"fullName":"AgentManagementPage — role and identity columns shows role name in Role column when resolved from API","status":"passed","title":"shows role name in Role column when resolved from API","duration":137.97189999999682,"failureMessages":[],"meta":{},"tags":[]},{"ancestorTitles":["AgentManagementPage — row click opens AgentTypeDetailsDialog"],"fullName":"AgentManagementPage — row click opens AgentTypeDetailsDialog opens a dialog when an agent type row is clicked","status":"passed","title":"opens a dialog when an agent type row is clicked","duration":212.18570000000182,"failureMessages":[],"meta":{},"tags":[]},{"ancestorTitles":["AgentManagementPage — row click opens AgentTypeDetailsDialog"],"fullName":"AgentManagementPage — row click opens AgentTypeDetailsDialog passes the correct agentTypeId to AgentTypeDetailsDialog on row click","status":"passed","title":"passes the correct agentTypeId to AgentTypeDetailsDialog on row click","duration":208.86839999999938,"failureMessages":[],"meta":{},"tags":[]},{"ancestorTitles":["AgentManagementPage — row click opens AgentTypeDetailsDialog"],"fullName":"AgentManagementPage — row click opens AgentTypeDetailsDialog action buttons (Launch, Edit) do not open details dialog due to stopPropagation","status":"passed","title":"action buttons (Launch, Edit) do not open details dialog due to stopPropagation","duration":532.3883999999962,"failureMessages":[],"meta":{},"tags":[]},{"ancestorTitles":["AgentManagementPage — Default SOP field available for all input types"],"fullName":"AgentManagementPage — Default SOP field available for all input types SOP/Skill Bindings section is visible in create dialog for typed-input agent","status":"passed","title":"SOP/Skill Bindings section is visible in create dialog for typed-input agent","duration":551.9946000000054,"failureMessages":[],"meta":{},"tags":[]}],"startTime":1782908933815,"endTime":1782908961637.9946,"status":"passed","message":"","name":"C:/Users/rhu/source/personal/coding-workspace/Parthenon/frontend/src/__tests__/AgentManagementPage.test.tsx"},{"assertionResults":[{"ancestorTitles":["AgentOAuthCallbackPage"],"fullName":"AgentOAuthCallbackPage renders a loading spinner while processing","status":"passed","title":"renders a loading spinner while processing","duration":10504.9698,"failureMessages":[],"meta":{},"tags":[]},{"ancestorTitles":["AgentOAuthCallbackPage"],"fullName":"AgentOAuthCallbackPage posts AGENT_OAUTH_SUCCESS to opener when callback succeeds","status":"passed","title":"posts AGENT_OAUTH_SUCCESS to opener when callback succeeds","duration":50.691100000000006,"failureMessages":[],"meta":{},"tags":[]},{"ancestorTitles":["AgentOAuthCallbackPage"],"fullName":"AgentOAuthCallbackPage posts AGENT_OAUTH_ERROR when IdP returns an error param","status":"passed","title":"posts AGENT_OAUTH_ERROR when IdP returns an error param","duration":25.684300000000803,"failureMessages":[],"meta":{},"tags":[]},{"ancestorTitles":["AgentOAuthCallbackPage"],"fullName":"AgentOAuthCallbackPage posts AGENT_OAUTH_ERROR when code or state params are missing","status":"passed","title":"posts AGENT_OAUTH_ERROR when code or state params are missing","duration":16.550100000000384,"failureMessages":[],"meta":{},"tags":[]},{"ancestorTitles":["AgentOAuthCallbackPage"],"fullName":"AgentOAuthCallbackPage posts AGENT_OAUTH_ERROR when backend callback API fails","status":"passed","title":"posts AGENT_OAUTH_ERROR when backend callback API fails","duration":86.16179999999804,"failureMessages":[],"meta":{},"tags":[]}],"startTime":1782909006354,"endTime":1782909017040.1619,"status":"passed","message":"","name":"C:/Users/rhu/source/personal/coding-workspace/Parthenon/frontend/src/__tests__/AgentOAuthCallbackPage.test.tsx"},{"assertionResults":[{"ancestorTitles":["AgentOutputDetailDrawer"],"fullName":"AgentOutputDetailDrawer renders nothing when output is null","status":"passed","title":"renders nothing when output is null","duration":29.0499000000018,"failureMessages":[],"meta":{},"tags":[]},{"ancestorTitles":["AgentOutputDetailDrawer"],"fullName":"AgentOutputDetailDrawer renders output detail when open with valid output","status":"passed","title":"renders output detail when open with valid output","duration":317.96630000000005,"failureMessages":[],"meta":{},"tags":[]},{"ancestorTitles":["AgentOutputDetailDrawer"],"fullName":"AgentOutputDetailDrawer renders validation error status for error outputs","status":"passed","title":"renders validation error status for error outputs","duration":89.63130000000092,"failureMessages":[],"meta":{},"tags":[]},{"ancestorTitles":["AgentOutputDetailDrawer"],"fullName":"AgentOutputDetailDrawer shows raw output fallback for validation errors","status":"passed","title":"shows raw output fallback for validation errors","duration":48.27100000000064,"failureMessages":[],"meta":{},"tags":[]},{"ancestorTitles":["AgentOutputDetailDrawer"],"fullName":"AgentOutputDetailDrawer shows close button","status":"passed","title":"shows close button","duration":55.61650000000009,"failureMessages":[],"meta":{},"tags":[]}],"startTime":1782909043799,"endTime":1782909044340.6165,"status":"passed","message":"","name":"C:/Users/rhu/source/personal/coding-workspace/Parthenon/frontend/src/__tests__/AgentOutputDetailDrawer.test.tsx"},{"assertionResults":[{"ancestorTitles":["AgentOutputsPage"],"fullName":"AgentOutputsPage renders the page title","status":"passed","title":"renders the page title","duration":17485.4213,"failureMessages":[],"meta":{},"tags":[]},{"ancestorTitles":["AgentOutputsPage"],"fullName":"AgentOutputsPage renders export CSV button","status":"passed","title":"renders export CSV button","duration":124.97329999999783,"failureMessages":[],"meta":{},"tags":[]},{"ancestorTitles":["AgentOutputsPage"],"fullName":"AgentOutputsPage renders data type filter selector","status":"passed","title":"renders data type filter selector","duration":130.41689999999653,"failureMessages":[],"meta":{},"tags":[]},{"ancestorTitles":["AgentOutputsPage"],"fullName":"AgentOutputsPage renders agent type filter selector","status":"passed","title":"renders agent type filter selector","duration":213.35809999999765,"failureMessages":[],"meta":{},"tags":[]},{"ancestorTitles":["AgentOutputsPage"],"fullName":"AgentOutputsPage renders output entries with data type names","status":"passed","title":"renders output entries with data type names","duration":695.4028000000035,"failureMessages":[],"meta":{},"tags":[]},{"ancestorTitles":["AgentOutputsPage"],"fullName":"AgentOutputsPage renders output entries with agent type names","status":"passed","title":"renders output entries with agent type names","duration":310.33580000000075,"failureMessages":[],"meta":{},"tags":[]},{"ancestorTitles":["AgentOutputsPage"],"fullName":"AgentOutputsPage shows validation status chips for outputs","status":"passed","title":"shows validation status chips for outputs","duration":280.8177999999971,"failureMessages":[],"meta":{},"tags":[]},{"ancestorTitles":["AgentOutputsPage"],"fullName":"AgentOutputsPage shows empty state when no outputs","status":"passed","title":"shows empty state when no outputs","duration":266.8275999999969,"failureMessages":[],"meta":{},"tags":[]},{"ancestorTitles":["AgentOutputsPage"],"fullName":"AgentOutputsPage shows loading spinner while fetching","status":"passed","title":"shows loading spinner while fetching","duration":112.20900000000256,"failureMessages":[],"meta":{},"tags":[]}],"startTime":1782908935287,"endTime":1782908954908.209,"status":"passed","message":"","name":"C:/Users/rhu/source/personal/coding-workspace/Parthenon/frontend/src/__tests__/AgentOutputsPage.test.tsx"},{"assertionResults":[{"ancestorTitles":["AgentRoleDialog"],"fullName":"AgentRoleDialog renders create dialog title when editRole is null","status":"passed","title":"renders create dialog title when editRole is null","duration":15213.8972,"failureMessages":[],"meta":{},"tags":[]},{"ancestorTitles":["AgentRoleDialog"],"fullName":"AgentRoleDialog renders edit dialog title when editRole is provided","status":"passed","title":"renders edit dialog title when editRole is provided","duration":483.22839999999997,"failureMessages":[],"meta":{},"tags":[]},{"ancestorTitles":["AgentRoleDialog"],"fullName":"AgentRoleDialog pre-populates name field when editing","status":"passed","title":"pre-populates name field when editing","duration":301.2321000000011,"failureMessages":[],"meta":{},"tags":[]},{"ancestorTitles":["AgentRoleDialog"],"fullName":"AgentRoleDialog clears dialogError on open","status":"passed","title":"clears dialogError on open","duration":482.2057999999961,"failureMessages":[],"meta":{},"tags":[]},{"ancestorTitles":["AgentRoleDialog"],"fullName":"AgentRoleDialog calls onSaved after successful create","status":"passed","title":"calls onSaved after successful create","duration":703.4019000000044,"failureMessages":[],"meta":{},"tags":[]},{"ancestorTitles":["AgentRoleDialog"],"fullName":"AgentRoleDialog shows PermissionDeniedAlert when API call fails with 403","status":"passed","title":"shows PermissionDeniedAlert when API call fails with 403","duration":744.4110999999975,"failureMessages":[],"meta":{},"tags":[]},{"ancestorTitles":["AgentRoleDialog"],"fullName":"AgentRoleDialog Save button remains enabled when preview fetch fails","status":"passed","title":"Save button remains enabled when preview fetch fails","duration":278.5971999999965,"failureMessages":[],"meta":{},"tags":[]},{"ancestorTitles":["AgentRoleDialog"],"fullName":"AgentRoleDialog shows allowed agent type preview hint in create mode","status":"passed","title":"shows allowed agent type preview hint in create mode","duration":264.5274999999965,"failureMessages":[],"meta":{},"tags":[]},{"ancestorTitles":["AgentRoleDialog"],"fullName":"AgentRoleDialog renders allowed agent type preview chips for selected SOPs in edit mode","status":"passed","title":"renders allowed agent type preview chips for selected SOPs in edit mode","duration":927.8659000000043,"failureMessages":[],"meta":{},"tags":[]},{"ancestorTitles":["AgentRoleDialog"],"fullName":"AgentRoleDialog requests allowed agent types using the selected SOP ids","status":"passed","title":"requests allowed agent types using the selected SOP ids","duration":862.2229000000007,"failureMessages":[],"meta":{},"tags":[]},{"ancestorTitles":["AgentRoleDialog"],"fullName":"AgentRoleDialog shows the empty allowed agent type state when the preview response is empty","status":"passed","title":"shows the empty allowed agent type state when the preview response is empty","duration":199.70120000000315,"failureMessages":[],"meta":{},"tags":[]},{"ancestorTitles":["AgentRoleDialog"],"fullName":"AgentRoleDialog refreshes the allowed agent type preview when SOP selection changes","status":"passed","title":"refreshes the allowed agent type preview when SOP selection changes","duration":1299.5080000000016,"failureMessages":[],"meta":{},"tags":[]},{"ancestorTitles":["AgentRoleDialog"],"fullName":"AgentRoleDialog shows MCP session assignment hint when no SOPs/Skills are selected","status":"passed","title":"shows MCP session assignment hint when no SOPs/Skills are selected","duration":205.64080000000104,"failureMessages":[],"meta":{},"tags":[]},{"ancestorTitles":["AgentRoleDialog"],"fullName":"AgentRoleDialog disables save button when required MCP server lacks session assignment","status":"passed","title":"disables save button when required MCP server lacks session assignment","duration":1021.2525999999998,"failureMessages":[],"meta":{},"tags":[]},{"ancestorTitles":["AgentRoleDialog"],"fullName":"AgentRoleDialog displays passthrough badge for servers with passthrough sessions","status":"passed","title":"displays passthrough badge for servers with passthrough sessions","duration":773.3649000000005,"failureMessages":[],"meta":{},"tags":[]},{"ancestorTitles":["AgentRoleDialog"],"fullName":"AgentRoleDialog enables save after selecting sessions for all required servers","status":"passed","title":"enables save after selecting sessions for all required servers","duration":1078.536,"failureMessages":[],"meta":{},"tags":[]},{"ancestorTitles":["AgentRoleDialog"],"fullName":"AgentRoleDialog creates role and assigns sessions in create mode","status":"passed","title":"creates role and assigns sessions in create mode","duration":751.1612999999998,"failureMessages":[],"meta":{},"tags":[]},{"ancestorTitles":["AgentRoleDialog"],"fullName":"AgentRoleDialog handles system tool exclusion in required servers computation","status":"passed","title":"handles system tool exclusion in required servers computation","duration":325.4233999999997,"failureMessages":[],"meta":{},"tags":[]}],"startTime":1782908933961,"endTime":1782908959879.4233,"status":"passed","message":"","name":"C:/Users/rhu/source/personal/coding-workspace/Parthenon/frontend/src/__tests__/AgentRoleDialog.test.tsx"},{"assertionResults":[{"ancestorTitles":["AgentRoleListPage"],"fullName":"AgentRoleListPage renders the page heading","status":"passed","title":"renders the page heading","duration":15579.1307,"failureMessages":[],"meta":{},"tags":[]},{"ancestorTitles":["AgentRoleListPage"],"fullName":"AgentRoleListPage renders role names from API data","status":"passed","title":"renders role names from API data","duration":289.3192999999992,"failureMessages":[],"meta":{},"tags":[]},{"ancestorTitles":["AgentRoleListPage"],"fullName":"AgentRoleListPage renders SOP count chips for each role","status":"passed","title":"renders SOP count chips for each role","duration":168.07790000000023,"failureMessages":[],"meta":{},"tags":[]},{"ancestorTitles":["AgentRoleListPage"],"fullName":"AgentRoleListPage renders Add Role button","status":"passed","title":"renders Add Role button","duration":91.59069999999701,"failureMessages":[],"meta":{},"tags":[]},{"ancestorTitles":["AgentRoleListPage"],"fullName":"AgentRoleListPage opens AgentRoleDialog when Add Role is clicked","status":"passed","title":"opens AgentRoleDialog when Add Role is clicked","duration":869.0601000000024,"failureMessages":[],"meta":{},"tags":[]},{"ancestorTitles":["AgentRoleListPage"],"fullName":"AgentRoleListPage shows loading state","status":"passed","title":"shows loading state","duration":61.78199999999924,"failureMessages":[],"meta":{},"tags":[]}],"startTime":1782908980224,"endTime":1782908997283.782,"status":"passed","message":"","name":"C:/Users/rhu/source/personal/coding-workspace/Parthenon/frontend/src/__tests__/AgentRoleListPage.test.tsx"},{"assertionResults":[{"ancestorTitles":["AgentRoleViewDialog"],"fullName":"AgentRoleViewDialog shows loading spinner while role is fetching","status":"passed","title":"shows loading spinner while role is fetching","duration":14409.932699999998,"failureMessages":[],"meta":{},"tags":[]},{"ancestorTitles":["AgentRoleViewDialog"],"fullName":"AgentRoleViewDialog renders role name and description when loaded","status":"passed","title":"renders role name and description when loaded","duration":185.34360000000015,"failureMessages":[],"meta":{},"tags":[]},{"ancestorTitles":["AgentRoleViewDialog"],"fullName":"AgentRoleViewDialog renders SOP count chip when sop_ids are populated","status":"passed","title":"renders SOP count chip when sop_ids are populated","duration":212.33299999999872,"failureMessages":[],"meta":{},"tags":[]},{"ancestorTitles":["AgentRoleViewDialog"],"fullName":"AgentRoleViewDialog renders Edit button enabled when role is loaded","status":"passed","title":"renders Edit button enabled when role is loaded","duration":165.6218000000008,"failureMessages":[],"meta":{},"tags":[]},{"ancestorTitles":["AgentRoleViewDialog"],"fullName":"AgentRoleViewDialog Edit button is disabled before role data loads","status":"passed","title":"Edit button is disabled before role data loads","duration":58.3495000000039,"failureMessages":[],"meta":{},"tags":[]},{"ancestorTitles":["AgentRoleViewDialog"],"fullName":"AgentRoleViewDialog clicking Edit opens AgentRoleDialog in edit mode","status":"passed","title":"clicking Edit opens AgentRoleDialog in edit mode","duration":202.84769999999844,"failureMessages":[],"meta":{},"tags":[]},{"ancestorTitles":["AgentRoleViewDialog"],"fullName":"AgentRoleViewDialog Close button calls onClose","status":"passed","title":"Close button calls onClose","duration":66.35409999999683,"failureMessages":[],"meta":{},"tags":[]},{"ancestorTitles":["AgentRoleViewDialog"],"fullName":"AgentRoleViewDialog shows PermissionDeniedAlert when role fetch fails","status":"passed","title":"shows PermissionDeniedAlert when role fetch fails","duration":75.51920000000246,"failureMessages":[],"meta":{},"tags":[]},{"ancestorTitles":["AgentRoleViewDialog"],"fullName":"AgentRoleViewDialog does not fetch when roleId is null","status":"passed","title":"does not fetch when roleId is null","duration":27.788300000000163,"failureMessages":[],"meta":{},"tags":[]}],"startTime":1782908977537,"endTime":1782908992942.7883,"status":"passed","message":"","name":"C:/Users/rhu/source/personal/coding-workspace/Parthenon/frontend/src/__tests__/AgentRoleViewDialog.test.tsx"},{"assertionResults":[{"ancestorTitles":["AgentJobLaunchDialog"],"fullName":"AgentJobLaunchDialog renders launch button for input_type=none (no input fields)","status":"passed","title":"renders launch button for input_type=none (no input fields)","duration":18506.152899999997,"failureMessages":[],"meta":{},"tags":[]},{"ancestorTitles":["AgentJobLaunchDialog"],"fullName":"AgentJobLaunchDialog renders JSON input area for input_type=typed","status":"skipped","title":"renders JSON input area for input_type=typed","failureMessages":[],"meta":{},"tags":[]},{"ancestorTitles":["AgentJobLaunchDialog"],"fullName":"AgentJobLaunchDialog renders message textarea for input_type=conversation","status":"passed","title":"renders message textarea for input_type=conversation","duration":224.47869999999966,"failureMessages":[],"meta":{},"tags":[]},{"ancestorTitles":["AgentJobLaunchDialog"],"fullName":"AgentJobLaunchDialog calls onLaunched with session ID on successful submit","status":"passed","title":"calls onLaunched with session ID on successful submit","duration":89.41879999999946,"failureMessages":[],"meta":{},"tags":[]},{"ancestorTitles":["AgentJobLaunchDialog"],"fullName":"AgentJobLaunchDialog shows PermissionDeniedAlert when API call fails","status":"passed","title":"shows PermissionDeniedAlert when API call fails","duration":102.97750000000087,"failureMessages":[],"meta":{},"tags":[]},{"ancestorTitles":["AgentJobLaunchDialog"],"fullName":"AgentJobLaunchDialog clears error on dialog open","status":"passed","title":"clears error on dialog open","duration":46.01630000000296,"failureMessages":[],"meta":{},"tags":[]}],"startTime":1782908977258,"endTime":1782908996227.0164,"status":"passed","message":"","name":"C:/Users/rhu/source/personal/coding-workspace/Parthenon/frontend/src/__tests__/AgentSessionLaunchDialog.test.tsx"},{"assertionResults":[{"ancestorTitles":["AgentJobPage"],"fullName":"AgentJobPage shows loading spinner initially","status":"passed","title":"shows loading spinner initially","duration":13234.9034,"failureMessages":[],"meta":{},"tags":[]},{"ancestorTitles":["AgentJobPage"],"fullName":"AgentJobPage shows queued status chip for queued session","status":"passed","title":"shows queued status chip for queued session","duration":213.97750000000087,"failureMessages":[],"meta":{},"tags":[]},{"ancestorTitles":["AgentJobPage"],"fullName":"AgentJobPage shows completed status and result for completed session","status":"passed","title":"shows completed status and result for completed session","duration":68.85360000000219,"failureMessages":[],"meta":{},"tags":[]},{"ancestorTitles":["AgentJobPage"],"fullName":"AgentJobPage shows error message for failed session","status":"passed","title":"shows error message for failed session","duration":65.15270000000237,"failureMessages":[],"meta":{},"tags":[]},{"ancestorTitles":["AgentJobPage"],"fullName":"AgentJobPage sets up polling interval for non-terminal session","status":"passed","title":"sets up polling interval for non-terminal session","duration":41.294700000002194,"failureMessages":[],"meta":{},"tags":[]},{"ancestorTitles":["AgentJobPage"],"fullName":"AgentJobPage shows live stream status label while non-conversation session is running","status":"passed","title":"shows live stream status label while non-conversation session is running","duration":59.58499999999913,"failureMessages":[],"meta":{},"tags":[]},{"ancestorTitles":["AgentJobPage"],"fullName":"AgentJobPage stops polling when session reaches completed status","status":"passed","title":"stops polling when session reaches completed status","duration":85.81910000000062,"failureMessages":[],"meta":{},"tags":[]},{"ancestorTitles":["AgentJobPage"],"fullName":"AgentJobPage clears polling interval on unmount","status":"passed","title":"clears polling interval on unmount","duration":46.52490000000034,"failureMessages":[],"meta":{},"tags":[]},{"ancestorTitles":["AgentJobPage"],"fullName":"AgentJobPage renders chat interface for conversational agent session","status":"passed","title":"renders chat interface for conversational agent session","duration":270.3702999999987,"failureMessages":[],"meta":{},"tags":[]},{"ancestorTitles":["AgentJobPage"],"fullName":"AgentJobPage renders message history in chat interface for conversational agent","status":"passed","title":"renders message history in chat interface for conversational agent","duration":149.41449999999895,"failureMessages":[],"meta":{},"tags":[]}],"startTime":1782909008796,"endTime":1782909023032.4146,"status":"passed","message":"","name":"C:/Users/rhu/source/personal/coding-workspace/Parthenon/frontend/src/__tests__/AgentSessionPage.test.tsx"},{"assertionResults":[{"ancestorTitles":["AgentTypeDetailsDialog"],"fullName":"AgentTypeDetailsDialog shows loading spinner when data is loading","status":"passed","title":"shows loading spinner when data is loading","duration":18225.8118,"failureMessages":[],"meta":{},"tags":[]},{"ancestorTitles":["AgentTypeDetailsDialog"],"fullName":"AgentTypeDetailsDialog shows dialog title key when agent type is not loaded yet","status":"passed","title":"shows dialog title key when agent type is not loaded yet","duration":63.67630000000645,"failureMessages":[],"meta":{},"tags":[]},{"ancestorTitles":["AgentTypeDetailsDialog"],"fullName":"AgentTypeDetailsDialog renders agent type name in dialog title after loading","status":"passed","title":"renders agent type name in dialog title after loading","duration":256.50770000000193,"failureMessages":[],"meta":{},"tags":[]},{"ancestorTitles":["AgentTypeDetailsDialog"],"fullName":"AgentTypeDetailsDialog renders Details tab with correct field values","status":"passed","title":"renders Details tab with correct field values","duration":141.17079999999987,"failureMessages":[],"meta":{},"tags":[]},{"ancestorTitles":["AgentTypeDetailsDialog"],"fullName":"AgentTypeDetailsDialog renders three tabs","status":"passed","title":"renders three tabs","duration":203.67789999999513,"failureMessages":[],"meta":{},"tags":[]},{"ancestorTitles":["AgentTypeDetailsDialog"],"fullName":"AgentTypeDetailsDialog keeps Start Chat action visible when switching tabs for conversation agents","status":"passed","title":"keeps Start Chat action visible when switching tabs for conversation agents","duration":625.4485999999961,"failureMessages":[],"meta":{},"tags":[]},{"ancestorTitles":["AgentTypeDetailsDialog"],"fullName":"AgentTypeDetailsDialog shows no-plan placeholder on Agent Preview tab when plan is null","status":"passed","title":"shows no-plan placeholder on Agent Preview tab when plan is null","duration":193.95850000000064,"failureMessages":[],"meta":{},"tags":[]},{"ancestorTitles":["AgentTypeDetailsDialog"],"fullName":"AgentTypeDetailsDialog shows plan content on Agent Preview tab when plan is populated","status":"passed","title":"shows plan content on Agent Preview tab when plan is populated","duration":292.4213000000018,"failureMessages":[],"meta":{},"tags":[]},{"ancestorTitles":["AgentTypeDetailsDialog"],"fullName":"AgentTypeDetailsDialog shows regenerate plan button on Agent Preview tab","status":"passed","title":"shows regenerate plan button on Agent Preview tab","duration":259.8657999999996,"failureMessages":[],"meta":{},"tags":[]},{"ancestorTitles":["AgentTypeDetailsDialog"],"fullName":"AgentTypeDetailsDialog shows a stale plan warning when the role has newer updates","status":"passed","title":"shows a stale plan warning when the role has newer updates","duration":351.2811999999976,"failureMessages":[],"meta":{},"tags":[]},{"ancestorTitles":["AgentTypeDetailsDialog"],"fullName":"AgentTypeDetailsDialog calls the regenerate-plan endpoint when the button is clicked","status":"passed","title":"calls the regenerate-plan endpoint when the button is clicked","duration":383.10929999999644,"failureMessages":[],"meta":{},"tags":[]},{"ancestorTitles":["AgentTypeDetailsDialog"],"fullName":"AgentTypeDetailsDialog shows session list on Execution Logs tab","status":"passed","title":"shows session list on Execution Logs tab","duration":407.70009999999456,"failureMessages":[],"meta":{},"tags":[]},{"ancestorTitles":["AgentTypeDetailsDialog"],"fullName":"AgentTypeDetailsDialog shows empty state on Execution Logs tab when no sessions","status":"passed","title":"shows empty state on Execution Logs tab when no sessions","duration":303.08400000000256,"failureMessages":[],"meta":{},"tags":[]},{"ancestorTitles":["AgentTypeDetailsDialog"],"fullName":"AgentTypeDetailsDialog identity field shows dash when identity_id is null","status":"passed","title":"identity field shows dash when identity_id is null","duration":140.55319999999483,"failureMessages":[],"meta":{},"tags":[]},{"ancestorTitles":["AgentTypeDetailsDialog"],"fullName":"AgentTypeDetailsDialog clicking identity name opens AgentIdentityViewDialog","status":"passed","title":"clicking identity name opens AgentIdentityViewDialog","duration":265.5168000000049,"failureMessages":[],"meta":{},"tags":[]},{"ancestorTitles":["AgentTypeDetailsDialog"],"fullName":"AgentTypeDetailsDialog role field shows dash when role_id is null","status":"passed","title":"role field shows dash when role_id is null","duration":179.68049999999494,"failureMessages":[],"meta":{},"tags":[]},{"ancestorTitles":["AgentTypeDetailsDialog"],"fullName":"AgentTypeDetailsDialog clicking role name opens AgentRoleViewDialog","status":"passed","title":"clicking role name opens AgentRoleViewDialog","duration":782.9743999999992,"failureMessages":[],"meta":{},"tags":[]},{"ancestorTitles":["AgentTypeDetailsDialog"],"fullName":"AgentTypeDetailsDialog clicking role name opens AgentRoleViewDialog (duplicate guard)","status":"passed","title":"clicking role name opens AgentRoleViewDialog (duplicate guard)","duration":641.8117000000057,"failureMessages":[],"meta":{},"tags":[]},{"ancestorTitles":["AgentTypeDetailsDialog"],"fullName":"AgentTypeDetailsDialog shows PermissionDeniedAlert when agent type fetch fails","status":"passed","title":"shows PermissionDeniedAlert when agent type fetch fails","duration":74.95049999999901,"failureMessages":[],"meta":{},"tags":[]},{"ancestorTitles":["AgentTypeDetailsDialog"],"fullName":"AgentTypeDetailsDialog calls onClose when the close button is clicked","status":"passed","title":"calls onClose when the close button is clicked","duration":123.07239999999729,"failureMessages":[],"meta":{},"tags":[]},{"ancestorTitles":["AgentTypeDetailsDialog"],"fullName":"AgentTypeDetailsDialog resets to Details tab when dialog re-opens","status":"passed","title":"resets to Details tab when dialog re-opens","duration":353.59530000000086,"failureMessages":[],"meta":{},"tags":[]}],"startTime":1782908934356,"endTime":1782908958626.5952,"status":"passed","message":"","name":"C:/Users/rhu/source/personal/coding-workspace/Parthenon/frontend/src/__tests__/AgentTypeDetailsDialog.test.tsx"},{"assertionResults":[{"ancestorTitles":["AgentTypeForm"],"fullName":"AgentTypeForm renders name field","status":"passed","title":"renders name field","duration":1395.6519999999946,"failureMessages":[],"meta":{},"tags":[]},{"ancestorTitles":["AgentTypeForm"],"fullName":"AgentTypeForm renders system_instruction field","status":"passed","title":"renders system_instruction field","duration":454.633600000001,"failureMessages":[],"meta":{},"tags":[]},{"ancestorTitles":["AgentTypeForm"],"fullName":"AgentTypeForm renders identity_id dropdown","status":"passed","title":"renders identity_id dropdown","duration":389.04939999999624,"failureMessages":[],"meta":{},"tags":[]},{"ancestorTitles":["AgentTypeForm"],"fullName":"AgentTypeForm renders role_id dropdown","status":"passed","title":"renders role_id dropdown","duration":440.3035000000018,"failureMessages":[],"meta":{},"tags":[]},{"ancestorTitles":["AgentTypeForm"],"fullName":"AgentTypeForm renders input_type dropdown with all three options","status":"passed","title":"renders input_type dropdown with all three options","duration":336.46340000000055,"failureMessages":[],"meta":{},"tags":[]},{"ancestorTitles":["AgentTypeForm"],"fullName":"AgentTypeForm renders output_type dropdown for non-conversation agents","status":"passed","title":"renders output_type dropdown for non-conversation agents","duration":495.74230000000534,"failureMessages":[],"meta":{},"tags":[]},{"ancestorTitles":["AgentTypeForm"],"fullName":"AgentTypeForm does NOT render old mode field","status":"passed","title":"does NOT render old mode field","duration":460.13149999999587,"failureMessages":[],"meta":{},"tags":[]},{"ancestorTitles":["AgentTypeForm"],"fullName":"AgentTypeForm does NOT render max_instances field","status":"passed","title":"does NOT render max_instances field","duration":454.3885999999984,"failureMessages":[],"meta":{},"tags":[]},{"ancestorTitles":["AgentTypeForm"],"fullName":"AgentTypeForm does NOT render sop_id field","status":"passed","title":"does NOT render sop_id field","duration":369.84730000000127,"failureMessages":[],"meta":{},"tags":[]},{"ancestorTitles":["AgentTypeForm"],"fullName":"AgentTypeForm shows input schema field when input_type is typed","status":"passed","title":"shows input schema field when input_type is typed","duration":508.1172000000006,"failureMessages":[],"meta":{},"tags":[]},{"ancestorTitles":["AgentTypeForm"],"fullName":"AgentTypeForm does NOT show input schema field for input_type=none","status":"passed","title":"does NOT show input schema field for input_type=none","duration":345.02240000000165,"failureMessages":[],"meta":{},"tags":[]},{"ancestorTitles":["AgentTypeForm"],"fullName":"AgentTypeForm does NOT show output_type field for input_type=conversation","status":"passed","title":"does NOT show output_type field for input_type=conversation","duration":287.1126000000004,"failureMessages":[],"meta":{},"tags":[]},{"ancestorTitles":["AgentTypeForm"],"fullName":"AgentTypeForm keeps the guardrail editor collapsed by default","status":"passed","title":"keeps the guardrail editor collapsed by default","duration":629.485099999998,"failureMessages":[],"meta":{},"tags":[]},{"ancestorTitles":["AgentTypeForm"],"fullName":"AgentTypeForm switches the guardrail section copy for conversational agents","status":"passed","title":"switches the guardrail section copy for conversational agents","duration":359.59539999999834,"failureMessages":[],"meta":{},"tags":[]},{"ancestorTitles":["AgentTypeForm"],"fullName":"AgentTypeForm shows token enforcement controls for non-conversational agents","status":"passed","title":"shows token enforcement controls for non-conversational agents","duration":409.53510000000097,"failureMessages":[],"meta":{},"tags":[]},{"ancestorTitles":["AgentTypeForm"],"fullName":"AgentTypeForm renders model_id dropdown","status":"passed","title":"renders model_id dropdown","duration":323.07830000000104,"failureMessages":[],"meta":{},"tags":[]},{"ancestorTitles":["AgentTypeForm"],"fullName":"AgentTypeForm populates model_id dropdown from all model configs enabled_models","status":"passed","title":"populates model_id dropdown from all model configs enabled_models","duration":341.93359999999666,"failureMessages":[],"meta":{},"tags":[]},{"ancestorTitles":["AgentTypeForm"],"fullName":"AgentTypeForm shows empty state hint when no models are enabled across any config","status":"passed","title":"shows empty state hint when no models are enabled across any config","duration":266.3472000000038,"failureMessages":[],"meta":{},"tags":[]},{"ancestorTitles":["AgentTypeForm"],"fullName":"AgentTypeForm does NOT render model_config_id field","status":"passed","title":"does NOT render model_config_id field","duration":261.3649000000005,"failureMessages":[],"meta":{},"tags":[]},{"ancestorTitles":["AgentTypeForm"],"fullName":"AgentTypeForm does NOT render model_name sub-selector","status":"passed","title":"does NOT render model_name sub-selector","duration":270.9319999999934,"failureMessages":[],"meta":{},"tags":[]},{"ancestorTitles":["AgentTypeForm"],"fullName":"AgentTypeForm aggregates enabled_models from multiple configs into a single flat list","status":"passed","title":"aggregates enabled_models from multiple configs into a single flat list","duration":229.9623999999967,"failureMessages":[],"meta":{},"tags":[]},{"ancestorTitles":["AgentTypeForm"],"fullName":"AgentTypeForm renders identity selector before role selector in DOM order","status":"passed","title":"renders identity selector before role selector in DOM order","duration":193.12019999999757,"failureMessages":[],"meta":{},"tags":[]},{"ancestorTitles":["AgentTypeForm"],"fullName":"AgentTypeForm calls onChange with empty role_id when identity selection changes","status":"passed","title":"calls onChange with empty role_id when identity selection changes","duration":251.45120000000315,"failureMessages":[],"meta":{},"tags":[]},{"ancestorTitles":["AgentTypeForm"],"fullName":"AgentTypeForm role dropdown reflects available roles (API call fires for roles)","status":"passed","title":"role dropdown reflects available roles (API call fires for roles)","duration":254.93439999999828,"failureMessages":[],"meta":{},"tags":[]},{"ancestorTitles":["AgentTypeForm"],"fullName":"AgentTypeForm renders bindings section title","status":"passed","title":"renders bindings section title","duration":250.7826999999961,"failureMessages":[],"meta":{},"tags":[]},{"ancestorTitles":["AgentTypeForm"],"fullName":"AgentTypeForm shows empty state when no bindings configured","status":"passed","title":"shows empty state when no bindings configured","duration":242.255799999999,"failureMessages":[],"meta":{},"tags":[]},{"ancestorTitles":["AgentTypeForm"],"fullName":"AgentTypeForm renders SOP bindings in the list","status":"passed","title":"renders SOP bindings in the list","duration":501.9354000000021,"failureMessages":[],"meta":{},"tags":[]},{"ancestorTitles":["AgentTypeForm"],"fullName":"AgentTypeForm renders skill bindings in the list","status":"passed","title":"renders skill bindings in the list","duration":461.5971999999965,"failureMessages":[],"meta":{},"tags":[]},{"ancestorTitles":["AgentTypeForm"],"fullName":"AgentTypeForm add binding button is disabled when no role selected","status":"passed","title":"add binding button is disabled when no role selected","duration":616.0463000000018,"failureMessages":[],"meta":{},"tags":[]},{"ancestorTitles":["AgentTypeForm"],"fullName":"AgentTypeForm remove binding handler fires onChange","status":"passed","title":"remove binding handler fires onChange","duration":466.33920000000217,"failureMessages":[],"meta":{},"tags":[]},{"ancestorTitles":["AgentTypeForm"],"fullName":"AgentTypeForm reorder buttons work","status":"passed","title":"reorder buttons work","duration":467.51900000000023,"failureMessages":[],"meta":{},"tags":[]},{"ancestorTitles":["AgentTypeForm"],"fullName":"AgentTypeForm does NOT render old primary_sop_id field","status":"passed","title":"does NOT render old primary_sop_id field","duration":259.84019999999873,"failureMessages":[],"meta":{},"tags":[]},{"ancestorTitles":["AgentTypeForm"],"fullName":"AgentTypeForm renders output data type selector dropdown","status":"passed","title":"renders output data type selector dropdown","duration":305.3412000000026,"failureMessages":[],"meta":{},"tags":[]},{"ancestorTitles":["AgentTypeForm"],"fullName":"AgentTypeForm renders data type hint text","status":"passed","title":"renders data type hint text","duration":266.91879999999946,"failureMessages":[],"meta":{},"tags":[]},{"ancestorTitles":["AgentTypeForm"],"fullName":"AgentTypeForm shows data type options and calls onChange when selected","status":"passed","title":"shows data type options and calls onChange when selected","duration":556.0391999999993,"failureMessages":[],"meta":{},"tags":[]},{"ancestorTitles":["AgentTypeForm"],"fullName":"AgentTypeForm default output_type is typed and data type dropdown is visible","status":"passed","title":"default output_type is typed and data type dropdown is visible","duration":260.26570000000356,"failureMessages":[],"meta":{},"tags":[]},{"ancestorTitles":["AgentTypeForm"],"fullName":"AgentTypeForm hides data type dropdown when output_type is markdown","status":"passed","title":"hides data type dropdown when output_type is markdown","duration":227.14830000000075,"failureMessages":[],"meta":{},"tags":[]},{"ancestorTitles":["AgentTypeForm"],"fullName":"AgentTypeForm does not show data type dropdown when output_type is auto (legacy)","status":"passed","title":"does not show data type dropdown when output_type is auto (legacy)","duration":227.26260000000184,"failureMessages":[],"meta":{},"tags":[]},{"ancestorTitles":["AgentTypeForm"],"fullName":"AgentTypeForm hides entire output section for conversational agents","status":"passed","title":"hides entire output section for conversational agents","duration":255.3663000000015,"failureMessages":[],"meta":{},"tags":[]},{"ancestorTitles":["AgentTypeForm"],"fullName":"AgentTypeForm clears output_data_type_id when switching from typed to markdown","status":"passed","title":"clears output_data_type_id when switching from typed to markdown","duration":446.56440000000293,"failureMessages":[],"meta":{},"tags":[]},{"ancestorTitles":["AgentTypeForm"],"fullName":"AgentTypeForm switching from markdown to typed shows data type dropdown","status":"passed","title":"switching from markdown to typed shows data type dropdown","duration":334.92890000000625,"failureMessages":[],"meta":{},"tags":[]},{"ancestorTitles":["AgentTypeForm"],"fullName":"AgentTypeForm output type selector only shows typed and markdown options","status":"passed","title":"output type selector only shows typed and markdown options","duration":302.2332000000024,"failureMessages":[],"meta":{},"tags":[]}],"startTime":1782908950461,"endTime":1782908966641.2332,"status":"passed","message":"","name":"C:/Users/rhu/source/personal/coding-workspace/Parthenon/frontend/src/__tests__/AgentTypeForm.test.tsx"},{"assertionResults":[{"ancestorTitles":["API_CONFIG"],"fullName":"API_CONFIG should export BASE_URL as a string","status":"passed","title":"should export BASE_URL as a string","duration":4.892699999998513,"failureMessages":[],"meta":{},"tags":[]},{"ancestorTitles":["API_CONFIG"],"fullName":"API_CONFIG should export WS_BASE_URL as a string","status":"passed","title":"should export WS_BASE_URL as a string","duration":0.6437999999998283,"failureMessages":[],"meta":{},"tags":[]},{"ancestorTitles":["API_CONFIG"],"fullName":"API_CONFIG should export TIMEOUT_MS as a positive number","status":"passed","title":"should export TIMEOUT_MS as a positive number","duration":1.0645999999997002,"failureMessages":[],"meta":{},"tags":[]}],"startTime":1782909075239,"endTime":1782909075246.0647,"status":"passed","message":"","name":"C:/Users/rhu/source/personal/coding-workspace/Parthenon/frontend/src/__tests__/api-config.test.ts"},{"assertionResults":[{"ancestorTitles":["AppShell — sidebar structure"],"fullName":"AppShell — sidebar structure renders Dashboard as a standalone top-level entry (one per drawer, not inside any group)","status":"passed","title":"renders Dashboard as a standalone top-level entry (one per drawer, not inside any group)","duration":14337.964199999999,"failureMessages":[],"meta":{},"tags":[]},{"ancestorTitles":["AppShell — sidebar structure"],"fullName":"AppShell — sidebar structure renders the three new group labels (Agents, Integrations, System)","status":"passed","title":"renders the three new group labels (Agents, Integrations, System)","duration":472.0584000000017,"failureMessages":[],"meta":{},"tags":[]},{"ancestorTitles":["AppShell — sidebar structure"],"fullName":"AppShell — sidebar structure does not render the legacy \"AI Agent\" group label","status":"passed","title":"does not render the legacy \"AI Agent\" group label","duration":440.26000000000204,"failureMessages":[],"meta":{},"tags":[]},{"ancestorTitles":["AppShell — sidebar structure"],"fullName":"AppShell — sidebar structure renders Agents child label \"nav.agentRoles\" under the Agents group","status":"passed","title":"renders Agents child label \"nav.agentRoles\" under the Agents group","duration":457.9343000000008,"failureMessages":[],"meta":{},"tags":[]},{"ancestorTitles":["AppShell — sidebar structure"],"fullName":"AppShell — sidebar structure renders Agents child label \"nav.agentIdentities\" under the Agents group","status":"passed","title":"renders Agents child label \"nav.agentIdentities\" under the Agents group","duration":471.46659999999974,"failureMessages":[],"meta":{},"tags":[]},{"ancestorTitles":["AppShell — sidebar structure"],"fullName":"AppShell — sidebar structure renders Agents child label \"nav.agentTypes\" under the Agents group","status":"passed","title":"renders Agents child label \"nav.agentTypes\" under the Agents group","duration":456.44690000000264,"failureMessages":[],"meta":{},"tags":[]},{"ancestorTitles":["AppShell — sidebar structure"],"fullName":"AppShell — sidebar structure renders Agents child label \"nav.runtimeControl\" under the Agents group","status":"passed","title":"renders Agents child label \"nav.runtimeControl\" under the Agents group","duration":350.00359999999637,"failureMessages":[],"meta":{},"tags":[]},{"ancestorTitles":["AppShell — sidebar structure"],"fullName":"AppShell — sidebar structure renders Agents child label \"nav.skills\" under the Agents group","status":"passed","title":"renders Agents child label \"nav.skills\" under the Agents group","duration":340.10839999999735,"failureMessages":[],"meta":{},"tags":[]},{"ancestorTitles":["AppShell — sidebar structure"],"fullName":"AppShell — sidebar structure renders Agents child label \"nav.sops\" under the Agents group","status":"passed","title":"renders Agents child label \"nav.sops\" under the Agents group","duration":402.53139999999985,"failureMessages":[],"meta":{},"tags":[]},{"ancestorTitles":["AppShell — sidebar structure"],"fullName":"AppShell — sidebar structure renders Agents child label \"nav.modelConfigs\" under the Agents group","status":"passed","title":"renders Agents child label \"nav.modelConfigs\" under the Agents group","duration":361.44550000000163,"failureMessages":[],"meta":{},"tags":[]},{"ancestorTitles":["AppShell — sidebar structure"],"fullName":"AppShell — sidebar structure renders Agents child label \"nav.schedules\" under the Agents group","status":"passed","title":"renders Agents child label \"nav.schedules\" under the Agents group","duration":325.10020000000077,"failureMessages":[],"meta":{},"tags":[]},{"ancestorTitles":["AppShell — sidebar structure"],"fullName":"AppShell — sidebar structure renders Agents child label \"nav.agentTrails\" under the Agents group","status":"passed","title":"renders Agents child label \"nav.agentTrails\" under the Agents group","duration":325.2713999999978,"failureMessages":[],"meta":{},"tags":[]},{"ancestorTitles":["AppShell — sidebar structure"],"fullName":"AppShell — sidebar structure renders Integrations child label \"nav.mcpHub\" under the Integrations group","status":"passed","title":"renders Integrations child label \"nav.mcpHub\" under the Integrations group","duration":301.55769999999757,"failureMessages":[],"meta":{},"tags":[]},{"ancestorTitles":["AppShell — sidebar structure"],"fullName":"AppShell — sidebar structure renders Integrations child label \"nav.notifications\" under the Integrations group","status":"passed","title":"renders Integrations child label \"nav.notifications\" under the Integrations group","duration":404.1895000000004,"failureMessages":[],"meta":{},"tags":[]},{"ancestorTitles":["AppShell — sidebar structure"],"fullName":"AppShell — sidebar structure renders System child label \"nav.observability\" under the System group","status":"passed","title":"renders System child label \"nav.observability\" under the System group","duration":434.29069999999774,"failureMessages":[],"meta":{},"tags":[]},{"ancestorTitles":["AppShell — sidebar structure"],"fullName":"AppShell — sidebar structure renders System child label \"nav.permissions\" under the System group","status":"passed","title":"renders System child label \"nav.permissions\" under the System group","duration":401.14940000000206,"failureMessages":[],"meta":{},"tags":[]},{"ancestorTitles":["AppShell — sidebar structure"],"fullName":"AppShell — sidebar structure renders System child label \"nav.systemConfig\" under the System group","status":"passed","title":"renders System child label \"nav.systemConfig\" under the System group","duration":330.1751000000004,"failureMessages":[],"meta":{},"tags":[]},{"ancestorTitles":["AppShell — sidebar structure"],"fullName":"AppShell — sidebar structure renders the Agents group with exactly 9 children (in declaration order)","status":"passed","title":"renders the Agents group with exactly 9 children (in declaration order)","duration":372.57390000000305,"failureMessages":[],"meta":{},"tags":[]},{"ancestorTitles":["AppShell — sidebar structure"],"fullName":"AppShell — sidebar structure renders the Integrations group with exactly 2 children (in declaration order)","status":"passed","title":"renders the Integrations group with exactly 2 children (in declaration order)","duration":351.87659999999596,"failureMessages":[],"meta":{},"tags":[]},{"ancestorTitles":["AppShell — sidebar structure"],"fullName":"AppShell — sidebar structure renders the System group with exactly 3 children (in declaration order)","status":"passed","title":"renders the System group with exactly 3 children (in declaration order)","duration":322.9907000000021,"failureMessages":[],"meta":{},"tags":[]},{"ancestorTitles":["AppShell — i18n catalog"],"fullName":"AppShell — i18n catalog defines the three new group-label keys in en.json","status":"passed","title":"defines the three new group-label keys in en.json","duration":1.1875,"failureMessages":[],"meta":{},"tags":[]},{"ancestorTitles":["AppShell — i18n catalog"],"fullName":"AppShell — i18n catalog does not contain the legacy \"nav.aiAgent\" key","status":"passed","title":"does not contain the legacy \"nav.aiAgent\" key","duration":0.5679999999993015,"failureMessages":[],"meta":{},"tags":[]},{"ancestorTitles":["AppShell — i18n catalog"],"fullName":"AppShell — i18n catalog defines every labelKey referenced by NAV_GROUPS and STANDALONE_ITEMS","status":"passed","title":"defines every labelKey referenced by NAV_GROUPS and STANDALONE_ITEMS","duration":1.6416000000026543,"failureMessages":[],"meta":{},"tags":[]},{"ancestorTitles":["AppShell — app bar & outlet"],"fullName":"AppShell — app bar & outlet renders the app bar title","status":"passed","title":"renders the app bar title","duration":268.26550000000134,"failureMessages":[],"meta":{},"tags":[]},{"ancestorTitles":["AppShell — app bar & outlet"],"fullName":"AppShell — app bar & outlet renders the outlet placeholder","status":"passed","title":"renders the outlet placeholder","duration":291.15320000000065,"failureMessages":[],"meta":{},"tags":[]},{"ancestorTitles":["AppShell — sidebar interactions"],"fullName":"AppShell — sidebar interactions clicking a child item calls navigate with the child path","status":"passed","title":"clicking a child item calls navigate with the child path","duration":289.51199999999517,"failureMessages":[],"meta":{},"tags":[]},{"ancestorTitles":["AppShell — sidebar interactions"],"fullName":"AppShell — sidebar interactions the Integrations group is locked open — clicking the header has no effect","status":"passed","title":"the Integrations group is locked open — clicking the header has no effect","duration":424.7184999999954,"failureMessages":[],"meta":{},"tags":[]},{"ancestorTitles":["AppShell — sidebar interactions"],"fullName":"AppShell — sidebar interactions clicking one group header does not collapse other groups (Integrations is locked open)","status":"passed","title":"clicking one group header does not collapse other groups (Integrations is locked open)","duration":665.1774000000005,"failureMessages":[],"meta":{},"tags":[]},{"ancestorTitles":["AppShell — sidebar interactions"],"fullName":"AppShell — sidebar interactions marks the active child item with the MUI selected class","status":"passed","title":"marks the active child item with the MUI selected class","duration":342.4886000000042,"failureMessages":[],"meta":{},"tags":[]},{"ancestorTitles":["AppShell — sidebar interactions"],"fullName":"AppShell — sidebar interactions marks the active group header as selected when any child is active","status":"passed","title":"marks the active group header as selected when any child is active","duration":317.39630000000034,"failureMessages":[],"meta":{},"tags":[]},{"ancestorTitles":["AppShell — sidebar interactions"],"fullName":"AppShell — sidebar interactions auto-expands a group when navigated directly to a child route","status":"passed","title":"auto-expands a group when navigated directly to a child route","duration":342.28220000000147,"failureMessages":[],"meta":{},"tags":[]},{"ancestorTitles":["AppShell — sidebar interactions"],"fullName":"AppShell — sidebar interactions clicking Dashboard (standalone) navigates to /dashboard","status":"passed","title":"clicking Dashboard (standalone) navigates to /dashboard","duration":279.2957999999999,"failureMessages":[],"meta":{},"tags":[]}],"startTime":1782908934275,"endTime":1782908959161.296,"status":"passed","message":"","name":"C:/Users/rhu/source/personal/coding-workspace/Parthenon/frontend/src/__tests__/AppShell.test.tsx"},{"assertionResults":[{"ancestorTitles":["CloneRoleDialog"],"fullName":"CloneRoleDialog pre-fills name with \"Copy of {source name}\"","status":"passed","title":"pre-fills name with \"Copy of {source name}\"","duration":15222.1829,"failureMessages":[],"meta":{},"tags":[]},{"ancestorTitles":["CloneRoleDialog"],"fullName":"CloneRoleDialog pre-fills description from source role","status":"passed","title":"pre-fills description from source role","duration":84.90489999999409,"failureMessages":[],"meta":{},"tags":[]},{"ancestorTitles":["CloneRoleDialog"],"fullName":"CloneRoleDialog Submit button is disabled when name is empty","status":"passed","title":"Submit button is disabled when name is empty","duration":196.26959999999963,"failureMessages":[],"meta":{},"tags":[]},{"ancestorTitles":["CloneRoleDialog"],"fullName":"CloneRoleDialog submitting calls cloneRole mutation with correct data","status":"passed","title":"submitting calls cloneRole mutation with correct data","duration":164.51549999999406,"failureMessages":[],"meta":{},"tags":[]},{"ancestorTitles":["CloneRoleDialog"],"fullName":"CloneRoleDialog API error is shown inline (Dialog Error Handling Standard)","status":"passed","title":"API error is shown inline (Dialog Error Handling Standard)","duration":148.1753000000026,"failureMessages":[],"meta":{},"tags":[]},{"ancestorTitles":["CloneRoleDialog"],"fullName":"CloneRoleDialog Cancel button calls onClose","status":"passed","title":"Cancel button calls onClose","duration":160.22550000000047,"failureMessages":[],"meta":{},"tags":[]},{"ancestorTitles":["CloneRoleDialog"],"fullName":"CloneRoleDialog form resets when dialog is reopened with a different source role","status":"passed","title":"form resets when dialog is reopened with a different source role","duration":167.24269999999524,"failureMessages":[],"meta":{},"tags":[]}],"startTime":1782908975857,"endTime":1782908992001.2427,"status":"passed","message":"","name":"C:/Users/rhu/source/personal/coding-workspace/Parthenon/frontend/src/__tests__/CloneRoleDialog.test.tsx"},{"assertionResults":[{"ancestorTitles":["ConversationDelegationVisibility"],"fullName":"ConversationDelegationVisibility renders exact delegation label and waiting indicator","status":"passed","title":"renders exact delegation label and waiting indicator","duration":961.113400000002,"failureMessages":[],"meta":{},"tags":[]},{"ancestorTitles":["ConversationDelegationVisibility"],"fullName":"ConversationDelegationVisibility shows delegation intro and active progress while 
[...]
sonal/coding-workspace/Parthenon/frontend/src/__tests__/app/AppRouter.test.tsx"},{"assertionResults":[{"ancestorTitles":["ChannelListPage — data loaded"],"fullName":"ChannelListPage — data loaded renders channel names from hook data","status":"passed","title":"renders channel names from hook data","duration":16857.9862,"failureMessages":[],"meta":{},"tags":[]},{"ancestorTitles":["ChannelListPage — data loaded"],"fullName":"ChannelListPage — data loaded renders add channel button","status":"passed","title":"renders add channel button","duration":348.3972999999969,"failureMessages":[],"meta":{},"tags":[]},{"ancestorTitles":["ChannelListPage — data loaded"],"fullName":"ChannelListPage — data loaded renders channel type chip labels","status":"passed","title":"renders channel type chip labels","duration":465.10429999999906,"failureMessages":[],"meta":{},"tags":[]},{"ancestorTitles":["ChannelListPage — data loaded"],"fullName":"ChannelListPage — data loaded opens dialog in create mode when add button is clicked","status":"passed","title":"opens dialog in create mode when add button is clicked","duration":1190.8601000000053,"failureMessages":[],"meta":{},"tags":[]},{"ancestorTitles":["ChannelListPage — loading state"],"fullName":"ChannelListPage — loading state shows loading indicator when isLoading is true","status":"passed","title":"shows loading indicator when isLoading is true","duration":1026.0619000000006,"failureMessages":[],"meta":{},"tags":[]},{"ancestorTitles":["ChannelListPage — error state"],"fullName":"ChannelListPage — error state displays error alert when hook returns an error","status":"passed","title":"displays error alert when hook returns an error","duration":429.1644000000015,"failureMessages":[],"meta":{},"tags":[]},{"ancestorTitles":["ChannelListPage — empty state"],"fullName":"ChannelListPage — empty state shows empty state message when channels list is empty","status":"passed","title":"shows empty state message when channels list is empty","duration":250.0324999999939,"failureMessages":[],"meta":{},"tags":[]}],"startTime":1782908975056,"endTime":1782908995627.0325,"status":"passed","message":"","name":"C:/Users/rhu/source/personal/coding-workspace/Parthenon/frontend/src/__tests__/notifications/ChannelListPage.test.tsx"},{"assertionResults":[{"ancestorTitles":["NotificationLogPage — data loaded"],"fullName":"NotificationLogPage — data loaded renders log entries from API","status":"passed","title":"renders log entries from API","duration":15241.4915,"failureMessages":[],"meta":{},"tags":[]},{"ancestorTitles":["NotificationLogPage — data loaded"],"fullName":"NotificationLogPage — data loaded renders status filter chips for all status options","status":"passed","title":"renders status filter chips for all status options","duration":344.4786000000022,"failureMessages":[],"meta":{},"tags":[]},{"ancestorTitles":["NotificationLogPage — data loaded"],"fullName":"NotificationLogPage — data loaded opens detail drawer when a log row is clicked","status":"passed","title":"opens detail drawer when a log row is clicked","duration":434.6044000000038,"failureMessages":[],"meta":{},"tags":[]},{"ancestorTitles":["NotificationLogPage — data loaded"],"fullName":"NotificationLogPage — data loaded renders pagination controls","status":"passed","title":"renders pagination controls","duration":863.4383000000016,"failureMessages":[],"meta":{},"tags":[]},{"ancestorTitles":["NotificationLogPage — loading state"],"fullName":"NotificationLogPage — loading state shows loading indicator while fetching logs","status":"passed","title":"shows loading indicator while fetching logs","duration":88.51030000000173,"failureMessages":[],"meta":{},"tags":[]},{"ancestorTitles":["NotificationLogPage — error state"],"fullName":"NotificationLogPage — error state shows error alert when API call fails","status":"passed","title":"shows error alert when API call fails","duration":118.57799999999406,"failureMessages":[],"meta":{},"tags":[]},{"ancestorTitles":["NotificationLogPage — empty state"],"fullName":"NotificationLogPage — empty state renders without crash when log list is empty","status":"passed","title":"renders without crash when log list is empty","duration":250.9765000000043,"failureMessages":[],"meta":{},"tags":[]}],"startTime":1782908973602,"endTime":1782908990945.9766,"status":"passed","message":"","name":"C:/Users/rhu/source/personal/coding-workspace/Parthenon/frontend/src/__tests__/notifications/NotificationLogPage.test.tsx"},{"assertionResults":[{"ancestorTitles":["RecipientGroupListPage — data loaded"],"fullName":"RecipientGroupListPage — data loaded renders group names from hook data","status":"passed","title":"renders group names from hook data","duration":14810.410299999996,"failureMessages":[],"meta":{},"tags":[]},{"ancestorTitles":["RecipientGroupListPage — data loaded"],"fullName":"RecipientGroupListPage — data loaded renders group slug in monospace cell","status":"passed","title":"renders group slug in monospace cell","duration":115.78289999999834,"failureMessages":[],"meta":{},"tags":[]},{"ancestorTitles":["RecipientGroupListPage — data loaded"],"fullName":"RecipientGroupListPage — data loaded renders channel count for each group","status":"passed","title":"renders channel count for each group","duration":109.8330999999962,"failureMessages":[],"meta":{},"tags":[]},{"ancestorTitles":["RecipientGroupListPage — data loaded"],"fullName":"RecipientGroupListPage — data loaded renders add group button","status":"passed","title":"renders add group button","duration":200.20380000000296,"failureMessages":[],"meta":{},"tags":[]},{"ancestorTitles":["RecipientGroupListPage — loading state"],"fullName":"RecipientGroupListPage — loading state shows loading indicator when isLoading is true","status":"passed","title":"shows loading indicator when isLoading is true","duration":38.67020000000048,"failureMessages":[],"meta":{},"tags":[]},{"ancestorTitles":["RecipientGroupListPage — error state"],"fullName":"RecipientGroupListPage — error state displays error alert when hook returns an error","status":"passed","title":"displays error alert when hook returns an error","duration":68.36180000000604,"failureMessages":[],"meta":{},"tags":[]},{"ancestorTitles":["RecipientGroupListPage — empty state"],"fullName":"RecipientGroupListPage — empty state shows empty state message when groups list is empty","status":"passed","title":"shows empty state message when groups list is empty","duration":79.24550000000454,"failureMessages":[],"meta":{},"tags":[]}],"startTime":1782908971129,"endTime":1782908986563.2456,"status":"passed","message":"","name":"C:/Users/rhu/source/personal/coding-workspace/Parthenon/frontend/src/__tests__/notifications/RecipientGroupListPage.test.tsx"},{"assertionResults":[{"ancestorTitles":["Slug Validation"],"fullName":"Slug Validation agent type name rejects uppercase characters","status":"passed","title":"agent type name rejects uppercase characters","duration":1150.4061000000002,"failureMessages":[],"meta":{},"tags":[]},{"ancestorTitles":["Slug Validation"],"fullName":"Slug Validation agent type name rejects spaces","status":"passed","title":"agent type name rejects spaces","duration":421.5233999999982,"failureMessages":[],"meta":{},"tags":[]},{"ancestorTitles":["Slug Validation"],"fullName":"Slug Validation agent type name accepts lowercase alphanumeric hyphen values","status":"passed","title":"agent type name accepts lowercase alphanumeric hyphen values","duration":394.200499999999,"failureMessages":[],"meta":{},"tags":[]},{"ancestorTitles":["Slug Validation"],"fullName":"Slug Validation agent type slug validation matches the backend pattern","status":"passed","title":"agent type slug validation matches the backend pattern","duration":1194.1829999999973,"failureMessages":[],"meta":{},"tags":[]},{"ancestorTitles":["Slug Validation"],"fullName":"Slug Validation mcp server name validates the slug pattern","status":"passed","title":"mcp server name validates the slug pattern","duration":1137.127800000002,"failureMessages":[],"meta":{},"tags":[]},{"ancestorTitles":["Slug Validation"],"fullName":"Slug Validation mcp server slug blocks save until the value is slug-safe","status":"passed","title":"mcp server slug blocks save until the value is slug-safe","duration":799.7885000000024,"failureMessages":[],"meta":{},"tags":[]}],"startTime":1782909027149,"endTime":1782909032247.7886,"status":"passed","message":"","name":"C:/Users/rhu/source/personal/coding-workspace/Parthenon/frontend/src/__tests__/features/slug-validation.test.tsx"},{"assertionResults":[{"ancestorTitles":["GitHub Pages showcase static content"],"fullName":"GitHub Pages showcase static content contains architecture and walkthrough sections in site/index.html","status":"passed","title":"contains architecture and walkthrough sections in site/index.html","duration":4.66150000000016,"failureMessages":[],"meta":{},"tags":[]},{"ancestorTitles":["GitHub Pages showcase static content"],"fullName":"GitHub Pages showcase static content references all five screenshot placeholders","status":"skipped","title":"references all five screenshot placeholders","failureMessages":[],"meta":{},"tags":[]}],"startTime":1782909075342,"endTime":1782909075346.6616,"status":"passed","message":"","name":"C:/Users/rhu/source/personal/coding-workspace/Parthenon/frontend/src/__tests__/service-decomposition/github-pages-showcase.test.ts"},{"assertionResults":[{"ancestorTitles":["Issue 1 — System Tools Displayed Twice (FIX-20260518-140000)","Data layer: broken list_all_tools() response contains duplicates"],"fullName":"Issue 1 — System Tools Displayed Twice (FIX-20260518-140000) Data layer: broken list_all_tools() response contains duplicates BROKEN response has 6 tool entries instead of 3 unique tools","status":"passed","title":"BROKEN response has 6 tool entries instead of 3 unique tools","duration":4.752800000000207,"failureMessages":[],"meta":{},"tags":[]},{"ancestorTitles":["Issue 1 — System Tools Displayed Twice (FIX-20260518-140000)","Data layer: broken list_all_tools() response contains duplicates"],"fullName":"Issue 1 — System Tools Displayed Twice (FIX-20260518-140000) Data layer: broken list_all_tools() response contains duplicates save_result tool appears exactly once in a correctly deduplicated response","status":"passed","title":"save_result tool appears exactly once in a correctly deduplicated response","duration":1.1048000000009779,"failureMessages":[],"meta":{},"tags":[]},{"ancestorTitles":["Issue 1 — System Tools Displayed Twice (FIX-20260518-140000)","Data layer: broken list_all_tools() response contains duplicates"],"fullName":"Issue 1 — System Tools Displayed Twice (FIX-20260518-140000) Data layer: broken list_all_tools() response contains duplicates all three system tools appear exactly twice in the broken response","status":"passed","title":"all three system tools appear exactly twice in the broken response","duration":1.9046999999991385,"failureMessages":[],"meta":{},"tags":[]},{"ancestorTitles":["Issue 1 — System Tools Displayed Twice (FIX-20260518-140000)","UI layer: SkillEditor toolsByServer grouping shows duplicates"],"fullName":"Issue 1 — System Tools Displayed Twice (FIX-20260518-140000) UI layer: SkillEditor toolsByServer grouping shows duplicates correct (deduplicated) API response produces no duplicates — golden path","status":"passed","title":"correct (deduplicated) API response produces no duplicates — golden path","duration":1.0270000000000437,"failureMessages":[],"meta":{},"tags":[]}],"startTime":1782909074847,"endTime":1782909074857.027,"status":"passed","message":"","name":"C:/Users/rhu/source/personal/coding-workspace/Parthenon/frontend/src/__tests__/service-decomposition/issue-1-skill-deduplication.test.tsx"},{"assertionResults":[{"ancestorTitles":["Issue 3 — AgentRoleDialog: SOP→Skill Auto-Selection (FIX-20260518-140000)"],"fullName":"Issue 3 — AgentRoleDialog: SOP→Skill Auto-Selection (FIX-20260518-140000) auto-checks required skill when its SOP is selected","status":"passed","title":"auto-checks required skill when its SOP is selected","duration":15701.805200000003,"failureMessages":[],"meta":{},"tags":[]},{"ancestorTitles":["Issue 3 — AgentRoleDialog: SOP→Skill Auto-Selection (FIX-20260518-140000)"],"fullName":"Issue 3 — AgentRoleDialog: SOP→Skill Auto-Selection (FIX-20260518-140000) makes required skill checkbox disabled (read-only) when its SOP is selected","status":"passed","title":"makes required skill checkbox disabled (read-only) when its SOP is selected","duration":967.6140000000014,"failureMessages":[],"meta":{},"tags":[]},{"ancestorTitles":["Issue 3 — AgentRoleDialog: SOP→Skill Auto-Selection (FIX-20260518-140000)"],"fullName":"Issue 3 — AgentRoleDialog: SOP→Skill Auto-Selection (FIX-20260518-140000) does NOT disable optional skills when a SOP is selected","status":"passed","title":"does NOT disable optional skills when a SOP is selected","duration":996.357299999996,"failureMessages":[],"meta":{},"tags":[]},{"ancestorTitles":["Issue 3 — AgentRoleDialog: SOP→Skill Auto-Selection (FIX-20260518-140000)"],"fullName":"Issue 3 — AgentRoleDialog: SOP→Skill Auto-Selection (FIX-20260518-140000) un-checks and re-enables required skill when SOP is deselected","status":"passed","title":"un-checks and re-enables required skill when SOP is deselected","duration":765.3090999999986,"failureMessages":[],"meta":{},"tags":[]}],"startTime":1782908933954,"endTime":1782908952385.309,"status":"passed","message":"","name":"C:/Users/rhu/source/personal/coding-workspace/Parthenon/frontend/src/__tests__/service-decomposition/issue-3-sop-skill-autoselect.test.tsx"},{"assertionResults":[{"ancestorTitles":["CompletionStep"],"fullName":"CompletionStep renders success message","status":"passed","title":"renders success message","duration":273.0099000000009,"failureMessages":[],"meta":{},"tags":[]},{"ancestorTitles":["CompletionStep"],"fullName":"CompletionStep Go to Login button calls onGoToLogin","status":"passed","title":"Go to Login button calls onGoToLogin","duration":37.371500000001106,"failureMessages":[],"meta":{},"tags":[]}],"startTime":1782909064294,"endTime":1782909064605.3716,"status":"passed","message":"","name":"C:/Users/rhu/source/personal/coding-workspace/Parthenon/frontend/src/__tests__/features/setup/CompletionStep.test.tsx"},{"assertionResults":[{"ancestorTitles":["ExternalOidcConfigStep"],"fullName":"ExternalOidcConfigStep renders all fields","status":"passed","title":"renders all fields","duration":362.93940000000293,"failureMessages":[],"meta":{},"tags":[]},{"ancestorTitles":["ExternalOidcConfigStep"],"fullName":"ExternalOidcConfigStep onChange fires on oidcDiscoveryUrl input","status":"passed","title":"onChange fires on oidcDiscoveryUrl input","duration":62.96069999999963,"failureMessages":[],"meta":{},"tags":[]},{"ancestorTitles":["ExternalOidcConfigStep"],"fullName":"ExternalOidcConfigStep onChange fires on clientId input","status":"passed","title":"onChange fires on clientId input","duration":44.965400000000955,"failureMessages":[],"meta":{},"tags":[]}],"startTime":1782909063863,"endTime":1782909064333.9653,"status":"passed","message":"","name":"C:/Users/rhu/source/personal/coding-workspace/Parthenon/frontend/src/__tests__/features/setup/ExternalOidcConfigStep.test.tsx"},{"assertionResults":[{"ancestorTitles":["KeycloakConfigStep"],"fullName":"KeycloakConfigStep renders all fields","status":"passed","title":"renders all fields","duration":355.54639999999927,"failureMessages":[],"meta":{},"tags":[]},{"ancestorTitles":["KeycloakConfigStep"],"fullName":"KeycloakConfigStep onChange fires on keycloakUrl input","status":"passed","title":"onChange fires on keycloakUrl input","duration":56.466599999999744,"failureMessages":[],"meta":{},"tags":[]},{"ancestorTitles":["KeycloakConfigStep"],"fullName":"KeycloakConfigStep onChange fires on realm input","status":"passed","title":"onChange fires on realm input","duration":36.88090000000011,"failureMessages":[],"meta":{},"tags":[]}],"startTime":1782909043520,"endTime":1782909043968.8809,"status":"passed","message":"","name":"C:/Users/rhu/source/personal/coding-workspace/Parthenon/frontend/src/__tests__/features/setup/KeycloakConfigStep.test.tsx"},{"assertionResults":[{"ancestorTitles":["ProviderSelectionStep"],"fullName":"ProviderSelectionStep renders all provider radio options","status":"passed","title":"renders all provider radio options","duration":203.52890000000116,"failureMessages":[],"meta":{},"tags":[]},{"ancestorTitles":["ProviderSelectionStep"],"fullName":"ProviderSelectionStep onChange fires with correct value","status":"passed","title":"onChange fires with correct value","duration":54.916300000000774,"failureMessages":[],"meta":{},"tags":[]}],"startTime":1782909065530,"endTime":1782909065788.9163,"status":"passed","message":"","name":"C:/Users/rhu/source/personal/coding-workspace/Parthenon/frontend/src/__tests__/features/setup/ProviderSelectionStep.test.tsx"},{"assertionResults":[{"ancestorTitles":["SetupWizard"],"fullName":"SetupWizard renders provider selection step initially","status":"passed","title":"renders provider selection step initially","duration":496.21659999999974,"failureMessages":[],"meta":{},"tags":[]},{"ancestorTitles":["SetupWizard"],"fullName":"SetupWizard advances to keycloak config step on Next","status":"passed","title":"advances to keycloak config step on Next","duration":634.0417000000016,"failureMessages":[],"meta":{},"tags":[]},{"ancestorTitles":["SetupWizard"],"fullName":"SetupWizard shows external OIDC form when Azure EntraID selected","status":"passed","title":"shows external OIDC form when Azure EntraID selected","duration":371.4271000000008,"failureMessages":[],"meta":{},"tags":[]},{"ancestorTitles":["SetupWizard"],"fullName":"SetupWizard submit button disabled until required fields are filled","status":"passed","title":"submit button disabled until required fields are filled","duration":231.59380000000237,"failureMessages":[],"meta":{},"tags":[]},{"ancestorTitles":["SetupWizard"],"fullName":"SetupWizard submit triggers API call and navigates to completion on success","status":"passed","title":"submit triggers API call and navigates to completion on success","duration":662.6763999999966,"failureMessages":[],"meta":{},"tags":[]},{"ancestorTitles":["SetupWizard"],"fullName":"SetupWizard shows keycloak unreachable error on 502","status":"passed","title":"shows keycloak unreachable error on 502","duration":520.607799999998,"failureMessages":[],"meta":{},"tags":[]}],"startTime":1782909030246,"endTime":1782909033163.608,"status":"passed","message":"","name":"C:/Users/rhu/source/personal/coding-workspace/Parthenon/frontend/src/__tests__/features/setup/SetupWizard.test.tsx"},{"assertionResults":[{"ancestorTitles":["VerificationStep"],"fullName":"VerificationStep shows spinner when isLoading=true","status":"passed","title":"shows spinner when isLoading=true","duration":202.4419999999991,"failureMessages":[],"meta":{},"tags":[]},{"ancestorTitles":["VerificationStep"],"fullName":"VerificationStep shows error when error prop is set","status":"passed","title":"shows error when error prop is set","duration":38.65179999999964,"failureMessages":[],"meta":{},"tags":[]},{"ancestorTitles":["VerificationStep"],"fullName":"VerificationStep shows error when result.success=false","status":"passed","title":"shows error when result.success=false","duration":14.398600000000442,"failureMessages":[],"meta":{},"tags":[]},{"ancestorTitles":["VerificationStep"],"fullName":"VerificationStep renders nothing when not loading and result.success=true","status":"passed","title":"renders nothing when not loading and result.success=true","duration":5.144199999998818,"failureMessages":[],"meta":{},"tags":[]}],"startTime":1782909064852,"endTime":1782909065112.1443,"status":"passed","message":"","name":"C:/Users/rhu/source/personal/coding-workspace/Parthenon/frontend/src/__tests__/features/setup/VerificationStep.test.tsx"}]}