{"numTotalTestSuites":200,"numPassedTestSuites":185,"numFailedTestSuites":14,"numPendingTestSuites":1,"numTotalTests":687,"numPassedTests":664,"numFailedTests":16,"numPendingTests":5,"numTodoTests":0,"snapshot":{"added":0,"failure":false,"filesAdded":0,"filesRemoved":0,"filesRemovedList":[],"filesUnmatched":0,"filesUpdated":0,"matched":0,"total":0,"unchecked":0,"uncheckedKeysByFile":[],"unmatched":0,"updated":0,"didUpdate":false},"startTime":1779881098539,"success":false,"testResults":[{"assertionResults":[{"ancestorTitles":["AccessRequestsPage"],"fullName":"AccessRequestsPage renders without crashing","status":"passed","title":"renders without crashing","duration":10100.0426,"failureMessages":[],"meta":{},"tags":[]},{"ancestorTitles":["AccessRequestsPage"],"fullName":"AccessRequestsPage renders tabs for pending and my requests","status":"passed","title":"renders tabs for pending and my requests","duration":151.4777000000031,"failureMessages":[],"meta":{},"tags":[]},{"ancestorTitles":["MyRequestsTab — group-optional behaviour"],"fullName":"MyRequestsTab — group-optional behaviour renders informational alert (not group list) when useGroups returns empty array","status":"passed","title":"renders informational alert (not group list) when useGroups returns empty array","duration":487.8032999999996,"failureMessages":[],"meta":{},"tags":[]},{"ancestorTitles":["MyRequestsTab — group-optional behaviour"],"fullName":"MyRequestsTab — group-optional behaviour renders group selection list when useGroups returns non-empty data","status":"passed","title":"renders group selection list when useGroups returns non-empty data","duration":282.6769999999997,"failureMessages":[],"meta":{},"tags":[]},{"ancestorTitles":["PendingRequestsTab — group-optional behaviour"],"fullName":"PendingRequestsTab — group-optional behaviour renders \"Unassigned\" chip for a request with no group_id","status":"passed","title":"renders \"Unassigned\" chip for a request with no group_id","duration":152.7309000000023,"failureMessages":[],"meta":{},"tags":[]},{"ancestorTitles":["PendingRequestsTab — group-optional behaviour"],"fullName":"PendingRequestsTab — group-optional behaviour approve dialog renders group dropdown when approveTarget.group_id is absent","status":"passed","title":"approve dialog renders group dropdown when approveTarget.group_id is absent","duration":387.2616999999991,"failureMessages":[],"meta":{},"tags":[]}],"startTime":1779881137943,"endTime":1779881149506.2617,"status":"passed","message":"","name":"C:/Users/rhu/source/personal/coding-workspace/Parthenon/frontend/src/__tests__/AccessRequestsPage.test.tsx"},{"assertionResults":[{"ancestorTitles":["AddStatementDialog"],"fullName":"AddStatementDialog resource type dropdown is populated from useResourceTypes data","status":"passed","title":"resource type dropdown is populated from useResourceTypes data","duration":11023.6292,"failureMessages":[],"meta":{},"tags":[]},{"ancestorTitles":["AddStatementDialog"],"fullName":"AddStatementDialog Effect dropdown contains Allow and Deny options","status":"passed","title":"Effect dropdown contains Allow and Deny options","duration":205.71630000000005,"failureMessages":[],"meta":{},"tags":[]},{"ancestorTitles":["AddStatementDialog"],"fullName":"AddStatementDialog Save button is disabled when resource type or actions are empty","status":"passed","title":"Save button is disabled when resource type or actions are empty","duration":266.96749999999884,"failureMessages":[],"meta":{},"tags":[]},{"ancestorTitles":["AddStatementDialog"],"fullName":"AddStatementDialog Add Tag Condition button is present","status":"passed","title":"Add Tag Condition button is present","duration":134.76959999999963,"failureMessages":[],"meta":{},"tags":[]},{"ancestorTitles":["AddStatementDialog"],"fullName":"AddStatementDialog Cancel button calls onClose","status":"passed","title":"Cancel button calls onClose","duration":202.80579999999827,"failureMessages":[],"meta":{},"tags":[]},{"ancestorTitles":["AddStatementDialog"],"fullName":"AddStatementDialog API error is shown inline (Dialog Error Handling Standard)","status":"passed","title":"API error is shown inline (Dialog Error Handling Standard)","duration":122.58020000000033,"failureMessages":[],"meta":{},"tags":[]},{"ancestorTitles":["AddStatementDialog"],"fullName":"AddStatementDialog form resets when dialog is reopened","status":"passed","title":"form resets when dialog is reopened","duration":121.42029999999795,"failureMessages":[],"meta":{},"tags":[]},{"ancestorTitles":["AddStatementDialog"],"fullName":"AddStatementDialog renders resource IDs section with Add Resource ID button","status":"passed","title":"renders resource IDs section with Add Resource ID button","duration":215.02920000000086,"failureMessages":[],"meta":{},"tags":[]},{"ancestorTitles":["AddStatementDialog"],"fullName":"AddStatementDialog Add Resource ID button is disabled when no resource type selected","status":"passed","title":"Add Resource ID button is disabled when no resource type selected","duration":263.8107000000018,"failureMessages":[],"meta":{},"tags":[]},{"ancestorTitles":["AddStatementDialog"],"fullName":"AddStatementDialog populates all form fields in edit mode from editingPolicy prop","status":"passed","title":"populates all form fields in edit mode from editingPolicy prop","duration":379.77230000000054,"failureMessages":[],"meta":{},"tags":[]},{"ancestorTitles":["AddStatementDialog"],"fullName":"AddStatementDialog calls useUpdatePolicyStatement (not create) when saving in edit mode","status":"passed","title":"calls useUpdatePolicyStatement (not create) when saving in edit mode","duration":258.3621999999996,"failureMessages":[],"meta":{},"tags":[]}],"startTime":1779881112807,"endTime":1779881126003.3623,"status":"passed","message":"","name":"C:/Users/rhu/source/personal/coding-workspace/Parthenon/frontend/src/__tests__/AddStatementDialog.test.tsx"},{"assertionResults":[{"ancestorTitles":["AgentIdentityDialog"],"fullName":"AgentIdentityDialog renders create dialog title","status":"passed","title":"renders create dialog title","duration":10587.297400000001,"failureMessages":[],"meta":{},"tags":[]},{"ancestorTitles":["AgentIdentityDialog"],"fullName":"AgentIdentityDialog renders OAuth instructions and Sign In as Agent button","status":"passed","title":"renders OAuth instructions and Sign In as Agent button","duration":44.48620000000301,"failureMessages":[],"meta":{},"tags":[]},{"ancestorTitles":["AgentIdentityDialog"],"fullName":"AgentIdentityDialog renders OAuth note about bootstrap config","status":"passed","title":"renders OAuth note about bootstrap config","duration":43.318999999999505,"failureMessages":[],"meta":{},"tags":[]},{"ancestorTitles":["AgentIdentityDialog"],"fullName":"AgentIdentityDialog calls GET authorize endpoint when Sign In as Agent button is clicked","status":"passed","title":"calls GET authorize endpoint when Sign In as Agent button is clicked","duration":69.35139999999956,"failureMessages":[],"meta":{},"tags":[]},{"ancestorTitles":["AgentIdentityDialog"],"fullName":"AgentIdentityDialog calls onSaved and onClose when OAuth success message is received","status":"passed","title":"calls onSaved and onClose when OAuth success message is received","duration":79.67009999999937,"failureMessages":[],"meta":{},"tags":[]},{"ancestorTitles":["AgentIdentityDialog"],"fullName":"AgentIdentityDialog shows error when OAuth error message is received","status":"passed","title":"shows error when OAuth error message is received","duration":93.12530000000334,"failureMessages":[],"meta":{},"tags":[]}],"startTime":1779881140177,"endTime":1779881151095.1252,"status":"passed","message":"","name":"C:/Users/rhu/source/personal/coding-workspace/Parthenon/frontend/src/__tests__/AgentIdentityDialog.test.tsx"},{"assertionResults":[{"ancestorTitles":["AgentIdentityListPage"],"fullName":"AgentIdentityListPage renders the page heading","status":"passed","title":"renders the page heading","duration":10823.970500000001,"failureMessages":[],"meta":{},"tags":[]},{"ancestorTitles":["AgentIdentityListPage"],"fullName":"AgentIdentityListPage renders identity names from API data","status":"passed","title":"renders identity names from API data","duration":271.6411999999982,"failureMessages":[],"meta":{},"tags":[]},{"ancestorTitles":["AgentIdentityListPage"],"fullName":"AgentIdentityListPage renders realm_name column","status":"passed","title":"renders realm_name column","duration":150.16389999999956,"failureMessages":[],"meta":{},"tags":[]},{"ancestorTitles":["AgentIdentityListPage"],"fullName":"AgentIdentityListPage renders realm_username column","status":"passed","title":"renders realm_username column","duration":133.85699999999997,"failureMessages":[],"meta":{},"tags":[]},{"ancestorTitles":["AgentIdentityListPage"],"fullName":"AgentIdentityListPage renders realm values for each identity row","status":"passed","title":"renders realm values for each identity row","duration":116.63940000000002,"failureMessages":[],"meta":{},"tags":[]},{"ancestorTitles":["AgentIdentityListPage"],"fullName":"AgentIdentityListPage renders status chips","status":"passed","title":"renders status chips","duration":157.89519999999902,"failureMessages":[],"meta":{},"tags":[]},{"ancestorTitles":["AgentIdentityListPage"],"fullName":"AgentIdentityListPage renders token active chip when token_expires_at is in the future","status":"passed","title":"renders token active chip when token_expires_at is in the future","duration":113.94219999999768,"failureMessages":[],"meta":{},"tags":[]},{"ancestorTitles":["AgentIdentityListPage"],"fullName":"AgentIdentityListPage renders no-token indicator when token_expires_at is null","status":"passed","title":"renders no-token indicator when token_expires_at is null","duration":159.34920000000056,"failureMessages":[],"meta":{},"tags":[]},{"ancestorTitles":["AgentIdentityListPage"],"fullName":"AgentIdentityListPage renders OAuth section column header","status":"skipped","title":"renders OAuth section column header","failureMessages":[],"meta":{},"tags":[]},{"ancestorTitles":["AgentIdentityListPage"],"fullName":"AgentIdentityListPage renders Add Identity button","status":"passed","title":"renders Add Identity button","duration":37.45969999999943,"failureMessages":[],"meta":{},"tags":[]},{"ancestorTitles":["AgentIdentityListPage"],"fullName":"AgentIdentityListPage opens AgentIdentityDialog when Add Identity is clicked","status":"passed","title":"opens AgentIdentityDialog when Add Identity is clicked","duration":677.2484000000004,"failureMessages":[],"meta":{},"tags":[]},{"ancestorTitles":["AgentIdentityListPage — conditional action buttons"],"fullName":"AgentIdentityListPage — conditional action buttons shows green refresh button when refresh token is valid","status":"passed","title":"shows green refresh button when refresh token is valid","duration":107.800900000002,"failureMessages":[],"meta":{},"tags":[]},{"ancestorTitles":["AgentIdentityListPage — conditional action buttons"],"fullName":"AgentIdentityListPage — conditional action buttons shows red reauth button when refresh token is invalid","status":"passed","title":"shows red reauth button when refresh token is invalid","duration":200.2443000000021,"failureMessages":[],"meta":{},"tags":[]},{"ancestorTitles":["AgentIdentityListPage — conditional action buttons"],"fullName":"AgentIdentityListPage — conditional action buttons refresh button calls refresh-token endpoint","status":"passed","title":"refresh button calls refresh-token endpoint","duration":368.2417999999998,"failureMessages":[],"meta":{},"tags":[]},{"ancestorTitles":["AgentIdentityListPage — conditional action buttons"],"fullName":"AgentIdentityListPage — conditional action buttons reauth button calls reauth-url endpoint and opens popup","status":"passed","title":"reauth button calls reauth-url endpoint and opens popup","duration":256.3230000000003,"failureMessages":[],"meta":{},"tags":[]}],"startTime":1779881111682,"endTime":1779881125259.323,"status":"passed","message":"","name":"C:/Users/rhu/source/personal/coding-workspace/Parthenon/frontend/src/__tests__/AgentIdentityListPage.test.tsx"},{"assertionResults":[{"ancestorTitles":["AgentIdentityViewDialog"],"fullName":"AgentIdentityViewDialog shows loading spinner while identity is fetching","status":"passed","title":"shows loading spinner while identity is fetching","duration":10689.761600000002,"failureMessages":[],"meta":{},"tags":[]},{"ancestorTitles":["AgentIdentityViewDialog"],"fullName":"AgentIdentityViewDialog renders identity name and realm when loaded","status":"passed","title":"renders identity name and realm when loaded","duration":123.03039999999964,"failureMessages":[],"meta":{},"tags":[]},{"ancestorTitles":["AgentIdentityViewDialog"],"fullName":"AgentIdentityViewDialog renders Edit button","status":"passed","title":"renders Edit button","duration":99.47390000000087,"failureMessages":[],"meta":{},"tags":[]},{"ancestorTitles":["AgentIdentityViewDialog"],"fullName":"AgentIdentityViewDialog clicking Edit closes dialog and navigates to /agents/identities","status":"passed","title":"clicking Edit closes dialog and navigates to /agents/identities","duration":116.41180000000168,"failureMessages":[],"meta":{},"tags":[]},{"ancestorTitles":["AgentIdentityViewDialog"],"fullName":"AgentIdentityViewDialog Close button calls onClose","status":"passed","title":"Close button calls onClose","duration":81.79590000000098,"failureMessages":[],"meta":{},"tags":[]},{"ancestorTitles":["AgentIdentityViewDialog"],"fullName":"AgentIdentityViewDialog shows PermissionDeniedAlert when identity fetch fails","status":"passed","title":"shows PermissionDeniedAlert when identity fetch fails","duration":52.45130000000063,"failureMessages":[],"meta":{},"tags":[]},{"ancestorTitles":["AgentIdentityViewDialog"],"fullName":"AgentIdentityViewDialog does not fetch when identityId is null","status":"passed","title":"does not fetch when identityId is null","duration":23.144499999998516,"failureMessages":[],"meta":{},"tags":[]}],"startTime":1779881136569,"endTime":1779881147756.1445,"status":"passed","message":"","name":"C:/Users/rhu/source/personal/coding-workspace/Parthenon/frontend/src/__tests__/AgentIdentityViewDialog.test.tsx"},{"assertionResults":[{"ancestorTitles":["AgentInstanceDashboardPage"],"fullName":"AgentInstanceDashboardPage renders all instances from the API in the table","status":"passed","title":"renders all instances from the API in the table","duration":10377.146,"failureMessages":[],"meta":{},"tags":[]},{"ancestorTitles":["AgentInstanceDashboardPage"],"fullName":"AgentInstanceDashboardPage renders status chip for each instance row","status":"passed","title":"renders status chip for each instance row","duration":196.11709999999948,"failureMessages":[],"meta":{},"tags":[]},{"ancestorTitles":["AgentInstanceDashboardPage"],"fullName":"AgentInstanceDashboardPage renders submitted timestamp column","status":"passed","title":"renders submitted timestamp column","duration":166.93219999999928,"failureMessages":[],"meta":{},"tags":[]},{"ancestorTitles":["AgentInstanceDashboardPage"],"fullName":"AgentInstanceDashboardPage renders completedAt column header","status":"passed","title":"renders completedAt column header","duration":165.1830000000009,"failureMessages":[],"meta":{},"tags":[]},{"ancestorTitles":["AgentInstanceDashboardPage"],"fullName":"AgentInstanceDashboardPage shows status filter dropdown","status":"passed","title":"shows status filter dropdown","duration":78.07060000000274,"failureMessages":[],"meta":{},"tags":[]},{"ancestorTitles":["AgentInstanceDashboardPage"],"fullName":"AgentInstanceDashboardPage passes status query param when status filter is set","status":"passed","title":"passes status query param when status filter is set","duration":74.51559999999881,"failureMessages":[],"meta":{},"tags":[]},{"ancestorTitles":["AgentInstanceDashboardPage"],"fullName":"AgentInstanceDashboardPage shows time range filter inputs","status":"passed","title":"shows time range filter inputs","duration":70.15749999999753,"failureMessages":[],"meta":{},"tags":[]},{"ancestorTitles":["AgentInstanceDashboardPage"],"fullName":"AgentInstanceDashboardPage shows empty state when no instances match filters","status":"passed","title":"shows empty state when no instances match filters","duration":120.5109999999986,"failureMessages":[],"meta":{},"tags":[]},{"ancestorTitles":["AgentInstanceDashboardPage"],"fullName":"AgentInstanceDashboardPage clicking instance row navigates to detail page","status":"passed","title":"clicking instance row navigates to detail page","duration":599.954700000002,"failureMessages":[],"meta":{},"tags":[]},{"ancestorTitles":["AgentInstanceDashboardPage"],"fullName":"AgentInstanceDashboardPage shows clear filters button when filters are active","status":"passed","title":"shows clear filters button when filters are active","duration":192.97029999999722,"failureMessages":[],"meta":{},"tags":[]}],"startTime":1779881120639,"endTime":1779881132681.9702,"status":"passed","message":"","name":"C:/Users/rhu/source/personal/coding-workspace/Parthenon/frontend/src/__tests__/AgentInstanceDashboard.test.tsx"},{"assertionResults":[{"ancestorTitles":["AgentManagementPage"],"fullName":"AgentManagementPage renders the page heading","status":"passed","title":"renders the page heading","duration":11328.794300000001,"failureMessages":[],"meta":{},"tags":[]},{"ancestorTitles":["AgentManagementPage"],"fullName":"AgentManagementPage renders the agent type from mock data","status":"passed","title":"renders the agent type from mock data","duration":84.50240000000122,"failureMessages":[],"meta":{},"tags":[]},{"ancestorTitles":["AgentManagementPage"],"fullName":"AgentManagementPage renders input_type chip for agent type","status":"passed","title":"renders input_type chip for agent type","duration":97.60949999999866,"failureMessages":[],"meta":{},"tags":[]},{"ancestorTitles":["AgentManagementPage"],"fullName":"AgentManagementPage does not render old mode or max_instances fields","status":"passed","title":"does not render old mode or max_instances fields","duration":56.650399999998626,"failureMessages":[],"meta":{},"tags":[]},{"ancestorTitles":["AgentManagementPage"],"fullName":"AgentManagementPage renders Create Agent Type button","status":"passed","title":"renders Create Agent Type button","duration":294.40220000000045,"failureMessages":[],"meta":{},"tags":[]},{"ancestorTitles":["AgentManagementPage"],"fullName":"AgentManagementPage opens dialog when Create Agent Type is clicked","status":"passed","title":"opens dialog when Create Agent Type is clicked","duration":1620.8712000000014,"failureMessages":[],"meta":{},"tags":[]},{"ancestorTitles":["AgentManagementPage"],"fullName":"AgentManagementPage renders Launch (PlayArrow) button per agent type row","status":"passed","title":"renders Launch (PlayArrow) button per agent type row","duration":111.84470000000147,"failureMessages":[],"meta":{},"tags":[]},{"ancestorTitles":["AgentManagementPage"],"fullName":"AgentManagementPage opens AgentJobLaunchDialog when Launch is clicked","status":"passed","title":"opens AgentJobLaunchDialog when Launch is clicked","duration":314.83699999999953,"failureMessages":[],"meta":{},"tags":[]},{"ancestorTitles":["AgentManagementPage"],"fullName":"AgentManagementPage opens ConversationDialog when Launch is clicked for conversation agent","status":"passed","title":"opens ConversationDialog when Launch is clicked for conversation agent","duration":182.09700000000157,"failureMessages":[],"meta":{},"tags":[]},{"ancestorTitles":["AgentManagementPage"],"fullName":"AgentManagementPage renders Edit button per agent type row","status":"passed","title":"renders Edit button per agent type row","duration":136.38709999999992,"failureMessages":[],"meta":{},"tags":[]},{"ancestorTitles":["AgentManagementPage — post-save navigation"],"fullName":"AgentManagementPage — post-save navigation opens AgentTypeDetailsDialog after successful create (agent has plan)","status":"passed","title":"opens AgentTypeDetailsDialog after successful create (agent has plan)","duration":2160.0116000000016,"failureMessages":[],"meta":{},"tags":[]},{"ancestorTitles":["AgentManagementPage — post-save navigation"],"fullName":"AgentManagementPage — post-save navigation opens AgentTypeDetailsDialog after save even without a plan","status":"passed","title":"opens AgentTypeDetailsDialog after save even without a plan","duration":1711.390000000003,"failureMessages":[],"meta":{},"tags":[]},{"ancestorTitles":["AgentManagementPage — role and identity columns"],"fullName":"AgentManagementPage — role and identity columns renders Role column header","status":"passed","title":"renders Role column header","duration":72.95409999999902,"failureMessages":[],"meta":{},"tags":[]},{"ancestorTitles":["AgentManagementPage — role and identity columns"],"fullName":"AgentManagementPage — role and identity columns renders Identity column header","status":"passed","title":"renders Identity column header","duration":76.4362000000001,"failureMessages":[],"meta":{},"tags":[]},{"ancestorTitles":["AgentManagementPage — role and identity columns"],"fullName":"AgentManagementPage — role and identity columns shows dash in Role column when role_id is null","status":"passed","title":"shows dash in Role column when role_id is null","duration":59.470900000000256,"failureMessages":[],"meta":{},"tags":[]},{"ancestorTitles":["AgentManagementPage — role and identity columns"],"fullName":"AgentManagementPage — role and identity columns shows role name in Role column when resolved from API","status":"passed","title":"shows role name in Role column when resolved from API","duration":111.19450000000143,"failureMessages":[],"meta":{},"tags":[]},{"ancestorTitles":["AgentManagementPage — row click opens AgentTypeDetailsDialog"],"fullName":"AgentManagementPage — row click opens AgentTypeDetailsDialog opens a dialog when an agent type row is clicked","status":"passed","title":"opens a dialog when an agent type row is clicked","duration":176.60090000000127,"failureMessages":[],"meta":{},"tags":[]},{"ancestorTitles":["AgentManagementPage — row click opens AgentTypeDetailsDialog"],"fullName":"AgentManagementPage — row click opens AgentTypeDetailsDialog passes the correct agentTypeId to AgentTypeDetailsDialog on row click","status":"passed","title":"passes the correct agentTypeId to AgentTypeDetailsDialog on row click","duration":165.44060000000172,"failureMessages":[],"meta":{},"tags":[]},{"ancestorTitles":["AgentManagementPage — row click opens AgentTypeDetailsDialog"],"fullName":"AgentManagementPage — row click opens AgentTypeDetailsDialog action buttons (Launch, Edit) do not open details dialog due to stopPropagation","status":"passed","title":"action buttons (Launch, Edit) do not open details dialog due to stopPropagation","duration":530.1347999999998,"failureMessages":[],"meta":{},"tags":[]},{"ancestorTitles":["AgentManagementPage — Default SOP field available for all input types"],"fullName":"AgentManagementPage — Default SOP field available for all input types Default SOP dropdown is visible in create dialog for typed-input agent","status":"passed","title":"Default SOP dropdown is visible in create dialog for typed-input agent","duration":446.0550000000003,"failureMessages":[],"meta":{},"tags":[]}],"startTime":1779881109649,"endTime":1779881129390.055,"status":"passed","message":"","name":"C:/Users/rhu/source/personal/coding-workspace/Parthenon/frontend/src/__tests__/AgentManagementPage.test.tsx"},{"assertionResults":[{"ancestorTitles":["AgentOAuthCallbackPage"],"fullName":"AgentOAuthCallbackPage renders a loading spinner while processing","status":"passed","title":"renders a loading spinner while processing","duration":6510.0458,"failureMessages":[],"meta":{},"tags":[]},{"ancestorTitles":["AgentOAuthCallbackPage"],"fullName":"AgentOAuthCallbackPage posts AGENT_OAUTH_SUCCESS to opener when callback succeeds","status":"passed","title":"posts AGENT_OAUTH_SUCCESS to opener when callback succeeds","duration":39.82550000000083,"failureMessages":[],"meta":{},"tags":[]},{"ancestorTitles":["AgentOAuthCallbackPage"],"fullName":"AgentOAuthCallbackPage posts AGENT_OAUTH_ERROR when IdP returns an error param","status":"passed","title":"posts AGENT_OAUTH_ERROR when IdP returns an error param","duration":16.311100000000806,"failureMessages":[],"meta":{},"tags":[]},{"ancestorTitles":["AgentOAuthCallbackPage"],"fullName":"AgentOAuthCallbackPage posts AGENT_OAUTH_ERROR when code or state params are missing","status":"passed","title":"posts AGENT_OAUTH_ERROR when code or state params are missing","duration":14.822899999999208,"failureMessages":[],"meta":{},"tags":[]},{"ancestorTitles":["AgentOAuthCallbackPage"],"fullName":"AgentOAuthCallbackPage posts AGENT_OAUTH_ERROR when backend callback API fails","status":"passed","title":"posts AGENT_OAUTH_ERROR when backend callback API fails","duration":93.21219999999994,"failureMessages":[],"meta":{},"tags":[]}],"startTime":1779881152496,"endTime":1779881159171.2122,"status":"passed","message":"","name":"C:/Users/rhu/source/personal/coding-workspace/Parthenon/frontend/src/__tests__/AgentOAuthCallbackPage.test.tsx"},{"assertionResults":[{"ancestorTitles":["AgentRoleDialog"],"fullName":"AgentRoleDialog renders create dialog title when editRole is null","status":"passed","title":"renders create dialog title when editRole is null","duration":10953.9823,"failureMessages":[],"meta":{},"tags":[]},{"ancestorTitles":["AgentRoleDialog"],"fullName":"AgentRoleDialog renders edit dialog title when editRole is provided","status":"passed","title":"renders edit dialog title when editRole is provided","duration":296.9298000000017,"failureMessages":[],"meta":{},"tags":[]},{"ancestorTitles":["AgentRoleDialog"],"fullName":"AgentRoleDialog pre-populates name field when editing","status":"passed","title":"pre-populates name field when editing","duration":276.630000000001,"failureMessages":[],"meta":{},"tags":[]},{"ancestorTitles":["AgentRoleDialog"],"fullName":"AgentRoleDialog clears dialogError on open","status":"passed","title":"clears dialogError on open","duration":230.84479999999894,"failureMessages":[],"meta":{},"tags":[]},{"ancestorTitles":["AgentRoleDialog"],"fullName":"AgentRoleDialog calls onSaved after successful create","status":"passed","title":"calls onSaved after successful create","duration":304.79089999999997,"failureMessages":[],"meta":{},"tags":[]},{"ancestorTitles":["AgentRoleDialog"],"fullName":"AgentRoleDialog shows PermissionDeniedAlert when API call fails with 403","status":"passed","title":"shows PermissionDeniedAlert when API call fails with 403","duration":568.8447999999989,"failureMessages":[],"meta":{},"tags":[]},{"ancestorTitles":["AgentRoleDialog"],"fullName":"AgentRoleDialog Save button remains enabled when preview fetch fails","status":"passed","title":"Save button remains enabled when preview fetch fails","duration":182.41049999999814,"failureMessages":[],"meta":{},"tags":[]},{"ancestorTitles":["AgentRoleDialog"],"fullName":"AgentRoleDialog shows allowed agent type preview hint in create mode","status":"passed","title":"shows allowed agent type preview hint in create mode","duration":195.04599999999846,"failureMessages":[],"meta":{},"tags":[]},{"ancestorTitles":["AgentRoleDialog"],"fullName":"AgentRoleDialog renders allowed agent type preview chips for selected SOPs in edit mode","status":"passed","title":"renders allowed agent type preview chips for selected SOPs in edit mode","duration":917.8428999999996,"failureMessages":[],"meta":{},"tags":[]},{"ancestorTitles":["AgentRoleDialog"],"fullName":"AgentRoleDialog requests allowed agent types using the selected SOP ids","status":"passed","title":"requests allowed agent types using the selected SOP ids","duration":745.8662000000004,"failureMessages":[],"meta":{},"tags":[]},{"ancestorTitles":["AgentRoleDialog"],"fullName":"AgentRoleDialog shows the empty allowed agent type state when the preview response is empty","status":"passed","title":"shows the empty allowed agent type state when the preview response is empty","duration":205.1169000000009,"failureMessages":[],"meta":{},"tags":[]},{"ancestorTitles":["AgentRoleDialog"],"fullName":"AgentRoleDialog refreshes the allowed agent type preview when SOP selection changes","status":"passed","title":"refreshes the allowed agent type preview when SOP selection changes","duration":1261.3626000000004,"failureMessages":[],"meta":{},"tags":[]}],"startTime":1779881111899,"endTime":1779881128039.3625,"status":"passed","message":"","name":"C:/Users/rhu/source/personal/coding-workspace/Parthenon/frontend/src/__tests__/AgentRoleDialog.test.tsx"},{"assertionResults":[{"ancestorTitles":["AgentRoleListPage"],"fullName":"AgentRoleListPage renders the page heading","status":"passed","title":"renders the page heading","duration":9939.9965,"failureMessages":[],"meta":{},"tags":[]},{"ancestorTitles":["AgentRoleListPage"],"fullName":"AgentRoleListPage renders role names from API data","status":"passed","title":"renders role names from API data","duration":229.2413000000015,"failureMessages":[],"meta":{},"tags":[]},{"ancestorTitles":["AgentRoleListPage"],"fullName":"AgentRoleListPage renders SOP count chips for each role","status":"passed","title":"renders SOP count chips for each role","duration":117.8172999999988,"failureMessages":[],"meta":{},"tags":[]},{"ancestorTitles":["AgentRoleListPage"],"fullName":"AgentRoleListPage renders Add Role button","status":"passed","title":"renders Add Role button","duration":34.231299999999464,"failureMessages":[],"meta":{},"tags":[]},{"ancestorTitles":["AgentRoleListPage"],"fullName":"AgentRoleListPage opens AgentRoleDialog when Add Role is clicked","status":"passed","title":"opens AgentRoleDialog when Add Role is clicked","duration":931.2924000000021,"failureMessages":[],"meta":{},"tags":[]},{"ancestorTitles":["AgentRoleListPage"],"fullName":"AgentRoleListPage shows loading state","status":"passed","title":"shows loading state","duration":22.965799999998126,"failureMessages":[],"meta":{},"tags":[]}],"startTime":1779881161564,"endTime":1779881172839.9658,"status":"passed","message":"","name":"C:/Users/rhu/source/personal/coding-workspace/Parthenon/frontend/src/__tests__/AgentRoleListPage.test.tsx"},{"assertionResults":[{"ancestorTitles":["AgentRoleViewDialog"],"fullName":"AgentRoleViewDialog shows loading spinner while role is fetching","status":"passed","title":"shows loading spinner while role is fetching","duration":10770.734000000002,"failureMessages":[],"meta":{},"tags":[]},{"ancestorTitles":["AgentRoleViewDialog"],"fullName":"AgentRoleViewDialog renders role name and description when loaded","status":"passed","title":"renders role name and description when loaded","duration":215.28610000000117,"failureMessages":[],"meta":{},"tags":[]},{"ancestorTitles":["AgentRoleViewDialog"],"fullName":"AgentRoleViewDialog renders SOP count chip when sop_ids are populated","status":"passed","title":"renders SOP count chip when sop_ids are populated","duration":119.67250000000058,"failureMessages":[],"meta":{},"tags":[]},{"ancestorTitles":["AgentRoleViewDialog"],"fullName":"AgentRoleViewDialog renders Edit button enabled when role is loaded","status":"passed","title":"renders Edit button enabled when role is loaded","duration":149.4298000000017,"failureMessages":[],"meta":{},"tags":[]},{"ancestorTitles":["AgentRoleViewDialog"],"fullName":"AgentRoleViewDialog Edit button is disabled before role data loads","status":"passed","title":"Edit button is disabled before role data loads","duration":51.34089999999924,"failureMessages":[],"meta":{},"tags":[]},{"ancestorTitles":["AgentRoleViewDialog"],"fullName":"AgentRoleViewDialog clicking Edit opens AgentRoleDialog in edit mode","status":"passed","title":"clicking Edit opens AgentRoleDialog in edit mode","duration":177.93889999999737,"failureMessages":[],"meta":{},"tags":[]},{"ancestorTitles":["AgentRoleViewDialog"],"fullName":"AgentRoleViewDialog Close button calls onClose","status":"passed","title":"Close button calls onClose","duration":99.29630000000179,"failureMessages":[],"meta":{},"tags":[]},{"ancestorTitles":["AgentRoleViewDialog"],"fullName":"AgentRoleViewDialog shows PermissionDeniedAlert when role fetch fails","status":"passed","title":"shows PermissionDeniedAlert when role fetch fails","duration":100.14879999999903,"failureMessages":[],"meta":{},"tags":[]},{"ancestorTitles":["AgentRoleViewDialog"],"fullName":"AgentRoleViewDialog does not fetch when roleId is null","status":"passed","title":"does not fetch when roleId is null","duration":45.27510000000257,"failureMessages":[],"meta":{},"tags":[]}],"startTime":1779881112443,"endTime":1779881124173.2751,"status":"passed","message":"","name":"C:/Users/rhu/source/personal/coding-workspace/Parthenon/frontend/src/__tests__/AgentRoleViewDialog.test.tsx"},{"assertionResults":[{"ancestorTitles":["AgentJobLaunchDialog"],"fullName":"AgentJobLaunchDialog renders launch button for input_type=none (no input fields)","status":"passed","title":"renders launch button for input_type=none (no input fields)","duration":11226.800599999999,"failureMessages":[],"meta":{},"tags":[]},{"ancestorTitles":["AgentJobLaunchDialog"],"fullName":"AgentJobLaunchDialog renders JSON input area for input_type=typed","status":"skipped","title":"renders JSON input area for input_type=typed","failureMessages":[],"meta":{},"tags":[]},{"ancestorTitles":["AgentJobLaunchDialog"],"fullName":"AgentJobLaunchDialog renders message textarea for input_type=conversation","status":"passed","title":"renders message textarea for input_type=conversation","duration":277.6386999999995,"failureMessages":[],"meta":{},"tags":[]},{"ancestorTitles":["AgentJobLaunchDialog"],"fullName":"AgentJobLaunchDialog calls onLaunched with session ID on successful submit","status":"passed","title":"calls onLaunched with session ID on successful submit","duration":107.83940000000075,"failureMessages":[],"meta":{},"tags":[]},{"ancestorTitles":["AgentJobLaunchDialog"],"fullName":"AgentJobLaunchDialog shows PermissionDeniedAlert when API call fails","status":"passed","title":"shows PermissionDeniedAlert when API call fails","duration":123.77280000000246,"failureMessages":[],"meta":{},"tags":[]},{"ancestorTitles":["AgentJobLaunchDialog"],"fullName":"AgentJobLaunchDialog clears error on dialog open","status":"passed","title":"clears error on dialog open","duration":54.65819999999803,"failureMessages":[],"meta":{},"tags":[]}],"startTime":1779881140165,"endTime":1779881151957.6582,"status":"passed","message":"","name":"C:/Users/rhu/source/personal/coding-workspace/Parthenon/frontend/src/__tests__/AgentSessionLaunchDialog.test.tsx"},{"assertionResults":[{"ancestorTitles":["AgentJobPage"],"fullName":"AgentJobPage shows loading spinner initially","status":"passed","title":"shows loading spinner initially","duration":10625.947499999998,"failureMessages":[],"meta":{},"tags":[]},{"ancestorTitles":["AgentJobPage"],"fullName":"AgentJobPage shows queued status chip for queued session","status":"passed","title":"shows queued status chip for queued session","duration":253.6813000000002,"failureMessages":[],"meta":{},"tags":[]},{"ancestorTitles":["AgentJobPage"],"fullName":"AgentJobPage shows completed status and result for completed session","status":"passed","title":"shows completed status and result for completed session","duration":114.22540000000299,"failureMessages":[],"meta":{},"tags":[]},{"ancestorTitles":["AgentJobPage"],"fullName":"AgentJobPage shows error message for failed session","status":"passed","title":"shows error message for failed session","duration":103.57870000000185,"failureMessages":[],"meta":{},"tags":[]},{"ancestorTitles":["AgentJobPage"],"fullName":"AgentJobPage sets up polling interval for non-terminal session","status":"passed","title":"sets up polling interval for non-terminal session","duration":57.66330000000016,"failureMessages":[],"meta":{},"tags":[]},{"ancestorTitles":["AgentJobPage"],"fullName":"AgentJobPage stops polling when session reaches completed status","status":"passed","title":"stops polling when session reaches completed status","duration":110.98860000000059,"failureMessages":[],"meta":{},"tags":[]},{"ancestorTitles":["AgentJobPage"],"fullName":"AgentJobPage clears polling interval on unmount","status":"passed","title":"clears polling interval on unmount","duration":58.450300000000425,"failureMessages":[],"meta":{},"tags":[]},{"ancestorTitles":["AgentJobPage"],"fullName":"AgentJobPage renders chat interface for conversational agent session","status":"passed","title":"renders chat interface for conversational agent session","duration":280.89080000000104,"failureMessages":[],"meta":{},"tags":[]},{"ancestorTitles":["AgentJobPage"],"fullName":"AgentJobPage renders message history in chat interface for conversational agent","status":"passed","title":"renders message history in chat interface for conversational agent","duration":176.40859999999884,"failureMessages":[],"meta":{},"tags":[]}],"startTime":1779881112595,"endTime":1779881124377.4087,"status":"passed","message":"","name":"C:/Users/rhu/source/personal/coding-workspace/Parthenon/frontend/src/__tests__/AgentSessionPage.test.tsx"},{"assertionResults":[{"ancestorTitles":["AgentTypeDetailsDialog"],"fullName":"AgentTypeDetailsDialog shows loading spinner when data is loading","status":"passed","title":"shows loading spinner when data is loading","duration":11142.792099999999,"failureMessages":[],"meta":{},"tags":[]},{"ancestorTitles":["AgentTypeDetailsDialog"],"fullName":"AgentTypeDetailsDialog shows dialog title key when agent type is not loaded yet","status":"passed","title":"shows dialog title key when agent type is not loaded yet","duration":123.17099999999846,"failureMessages":[],"meta":{},"tags":[]},{"ancestorTitles":["AgentTypeDetailsDialog"],"fullName":"AgentTypeDetailsDialog renders agent type name in dialog title after loading","status":"passed","title":"renders agent type name in dialog title after loading","duration":323.3666999999987,"failureMessages":[],"meta":{},"tags":[]},{"ancestorTitles":["AgentTypeDetailsDialog"],"fullName":"AgentTypeDetailsDialog renders Details tab with correct field values","status":"failed","title":"renders Details tab with correct field values","duration":160.84930000000168,"failureMessages":["TestingLibraryElementError: Unable to find an element with the text: 1000k tokens. This could be because the text is broken up by multiple elements. In this case, you can provide a function for your text matcher to make your matcher more flexible.\n\nIgnored nodes: comments, script, style\n\u001b[36m<body\u001b[39m\n  \u001b[33mstyle\u001b[39m=\u001b[32m\"padding-right: 1024px; overflow: hidden;\"\u001b[39m\n\u001b[36m>\u001b[39m\n  \u001b[36m<div\u001b[39m\n    \u001b[33maria-hidden\u001b[39m=\u001b[32m\"true\"\u001b[39m\n  \u001b[36m/>\u001b[39m\n  \u001b[36m<div\u001b[39m\n    \u001b[33mclass\u001b[39m=\u001b[32m\"MuiDialog-root MuiModal-root css-1424xw8-MuiModal-root-MuiDialog-root\"\u001b[39m\n    \u001b[33mrole\u001b[39m=\u001b[32m\"presentation\"\u001b[39m\n  \u001b[36m>\u001b[39m\n    \u001b[36m<div\u001b[39m\n      \u001b[33maria-hidden\u001b[39m=\u001b[32m\"true\"\u001b[39m\n      \u001b[33mclass\u001b[39m=\u001b[32m\"MuiBackdrop-root MuiModal-backdrop MuiDialog-backdrop css-1cennmq-MuiBackdrop-root-MuiDialog-backdrop\"\u001b[39m\n      \u001b[33mstyle\u001b[39m=\u001b[32m\"opacity: 1; transition: opacity 225ms cubic-bezier(0.4, 0, 0.2, 1) 0ms;\"\u001b[39m\n    \u001b[36m/>\u001b[39m\n    \u001b[36m<div\u001b[39m\n      \u001b[33mdata-testid\u001b[39m=\u001b[32m\"sentinelStart\"\u001b[39m\n      \u001b[33mtabindex\u001b[39m=\u001b[32m\"0\"\u001b[39m\n    \u001b[36m/>\u001b[39m\n    \u001b[36m<div\u001b[39m\n      \u001b[33mclass\u001b[39m=\u001b[32m\"MuiDialog-container MuiDialog-scrollPaper css-19do60a-MuiDialog-container\"\u001b[39m\n      \u001b[33mrole\u001b[39m=\u001b[32m\"presentation\"\u001b[39m\n      \u001b[33mstyle\u001b[39m=\u001b[32m\"opacity: 1; transition: opacity 225ms cubic-bezier(0.4, 0, 0.2, 1) 0ms;\"\u001b[39m\n      \u001b[33mtabindex\u001b[39m=\u001b[32m\"-1\"\u001b[39m\n    \u001b[36m>\u001b[39m\n      \u001b[36m<div\u001b[39m\n        \u001b[33maria-labelledby\u001b[39m=\u001b[32m\"_r_c_\"\u001b[39m\n        \u001b[33maria-modal\u001b[39m=\u001b[32m\"true\"\u001b[39m\n        \u001b[33mclass\u001b[39m=\u001b[32m\"MuiPaper-root MuiPaper-elevation MuiPaper-rounded MuiPaper-elevation24 MuiDialog-paper MuiDialog-paperScrollPaper MuiDialog-paperWidthXl MuiDialog-paperFullWidth css-nwbaqb-MuiPaper-root-MuiDialog-paper\"\u001b[39m\n        \u001b[33mrole\u001b[39m=\u001b[32m\"dialog\"\u001b[39m\n        \u001b[33mstyle\u001b[39m=\u001b[32m\"--Paper-shadow: 0px 11px 15px -7px rgba(0,0,0,0.2),0px 24px 38px 3px rgba(0,0,0,0.14),0px 9px 46px 8px rgba(0,0,0,0.12);\"\u001b[39m\n      \u001b[36m>\u001b[39m\n        \u001b[36m<h2\u001b[39m\n          \u001b[33mclass\u001b[39m=\u001b[32m\"MuiTypography-root MuiTypography-h6 MuiDialogTitle-root css-1pm9s6p-MuiTypography-root-MuiDialogTitle-root\"\u001b[39m\n          \u001b[33mid\u001b[39m=\u001b[32m\"_r_c_\"\u001b[39m\n        \u001b[36m>\u001b[39m\n          \u001b[36m<span\u001b[39m\n            \u001b[33mclass\u001b[39m=\u001b[32m\"MuiTypography-root MuiTypography-h6 css-1miy0lu-MuiTypography-root\"\u001b[39m\n          \u001b[36m>\u001b[39m\n            \u001b[0mResearch Agent\u001b[0m\n          \u001b[36m</span>\u001b[39m\n          \u001b[36m<div\u001b[39m\n            \u001b[33mclass\u001b[39m=\u001b[32m\"MuiBox-root css-0\"\u001b[39m\n          \u001b[36m>\u001b[39m\n            \u001b[36m<button\u001b[39m\n              \u001b[33maria-label\u001b[39m=\u001b[32m\"app.edit\"\u001b[39m\n              \u001b[33mclass\u001b[39m=\u001b[32m\"MuiButtonBase-root MuiIconButton-root MuiIconButton-sizeSmall css-155wbr6-MuiButtonBase-root-MuiIconButton-root\"\u001b[39m\n              \u001b[33mdata-mui-internal-clone-element\u001b[39m=\u001b[32m\"true\"\u001b[39m\n              \u001b[33mtabindex\u001b[39m=\u001b[32m\"0\"\u001b[39m\n              \u001b[33mtype\u001b[39m=\u001b[32m\"button\"\u001b[39m\n            \u001b[36m>\u001b[39m\n              \u001b[36m<svg\u001b[39m\n                \u001b[33maria-hidden\u001b[39m=\u001b[32m\"true\"\u001b[39m\n                \u001b[33mclass\u001b[39m=\u001b[32m\"MuiSvgIcon-root MuiSvgIcon-fontSizeMedium css-1umw9bq-MuiSvgIcon-root\"\u001b[39m\n                \u001b[33mdata-testid\u001b[39m=\u001b[32m\"EditIcon\"\u001b[39m\n                \u001b[33mfocusable\u001b[39m=\u001b[32m\"false\"\u001b[39m\n                \u001b[33mviewBox\u001b[39m=\u001b[32m\"0 0 24 24\"\u001b[39m\n              \u001b[36m>\u001b[39m\n                \u001b[36m<path\u001b[39m\n                  \u001b[33md\u001b[39m=\u001b[32m\"M3 17.25V21h3.75L17.81 9.94l-3.75-3.75zM20.71 7.04c.39-.39.39-1.02 0-1.41l-2.34-2.34a.996.996 0 0 0-1.41 0l-1.83 1.83 3.75 3.75z\"\u001b[39m\n                \u001b[36m/>\u001b[39m\n              \u001b[36m</svg>\u001b[39m\n            \u001b[36m</button>\u001b[39m\n            \u001b[36m<button\u001b[39m\n              \u001b[33maria-label\u001b[39m=\u001b[32m\"app.close\"\u001b[39m\n              \u001b[33mclass\u001b[39m=\u001b[32m\"MuiButtonBase-root MuiIconButton-root MuiIconButton-sizeSmall css-155wbr6-MuiButtonBase-root-MuiIconButton-root\"\u001b[39m\n              \u001b[33mdata-mui-internal-clone-element\u001b[39m=\u001b[32m\"true\"\u001b[39m\n              \u001b[33mtabindex\u001b[39m=\u001b[32m\"0\"\u001b[39m\n              \u001b[33mtype\u001b[39m=\u001b[32m\"button\"\u001b[39m\n            \u001b[36m>\u001b[39m\n              \u001b[36m<svg\u001b[39m\n                \u001b[33maria-hidden\u001b[39m=\u001b[32m\"true\"\u001b[39m\n                \u001b[33mclass\u001b[39m=\u001b[32m\"MuiSvgIcon-root MuiSvgIcon-fontSizeMedium css-1umw9bq-MuiSvgIcon-root\"\u001b[39m\n                \u001b[33mdata-testid\u001b[39m=\u001b[32m\"CloseIcon\"\u001b[39m\n                \u001b[33mfocusable\u001b[39m=\u001b[32m\"false\"\u001b[39m\n                \u001b[33mviewBox\u001b[39m=\u001b[32m\"0 0 24 24\"\u001b[39m\n              \u001b[36m>\u001b[39m\n                \u001b[36m<path\u001b[39m\n                  \u001b[33md\u001b[39m=\u001b[32m\"M19 6.41 17.59 5 12 10.59 6.41 5 5 6.41 10.59 12 5 17.59 6.41 19 12 13.41 17.59 19 19 17.59 13.41 12z\"\u001b[39m\n                \u001b[36m/>\u001b[39m\n              \u001b[36m</svg>\u001b[39m\n            \u001b[36m</button>\u001b[39m\n          \u001b[36m</div>\u001b[39m\n        \u001b[36m</h2>\u001b[39m\n        \u001b[36m<div\u001b[39m\n          \u001b[33mclass\u001b[39m=\u001b[32m\"MuiDialogContent-root MuiDialogContent-dividers css-1noi74-MuiDialogContent-root\"\u001b[39m\n        \u001b[36m>\u001b[39m\n          \u001b[36m<div\u001b[39m\n            \u001b[33mclass\u001b[39m=\u001b[32m\"MuiBox-root css-1yn5s25\"\u001b[39m\n          \u001b[36m>\u001b[39m\n            \u001b[36m<div\u001b[39m\n              \u001b[33mclass\u001b[39m=\u001b[32m\"MuiTabs-root css-jhczcq-MuiTabs-root\"\u001b[39m\n            \u001b[36m>\u001b[39m\n              \u001b[36m<div\u001b[39m\n                \u001b[33mclass\u001b[39m=\u001b[32m\"MuiTabs-scroller MuiTabs-fixed css-s2t35c-MuiTabs-scroller\"\u001b[39m\n                \u001b[33mstyle\u001b[39m=\u001b[32m\"overflow: hidden; margin-bottom: 0px;\"\u001b[39m\n              \u001b[36m>\u001b[39m\n                \u001b[36m<div\u001b[39m\n                  \u001b[33maria-label\u001b[39m=\u001b[32m\"agents.types.dialogTitle\"\u001b[39m\n                  \u001b[33mclass\u001b[39m=\u001b[32m\"MuiTabs-list MuiTabs-flexContainer css-hzcega-MuiTabs-list\"\u001b[39m\n                  \u001b[33mrole\u001b[39m=\u001b[32m\"tablist\"\u001b[39m\n                \u001b[36m>\u001b[39m\n                  \u001b[36m<button\u001b[39m\n                    \u001b[33maria-controls\u001b[39m=\u001b[32m\"agent-details-tabpanel-0\"\u001b[39m\n                    \u001b[33maria-selected\u001b[39m=\u001b[32m\"true\"\u001b[39m\n                    \u001b[33mclass\u001b[39m=\u001b[32m\"MuiButtonBase-root MuiTab-root MuiTab-textColorPrimary Mui-selected css-1usuzwp-MuiButtonBase-root-MuiTab-root\"\u001b[39m\n                    \u001b[33mid\u001b[39m=\u001b[32m\"agent-details-tab-0\"\u001b[39m\n                    \u001b[33mrole\u001b[39m=\u001b[32m\"tab\"\u001b[39m\n                    \u001b[33mtabindex\u001b[39m=\u001b[32m\"0\"\u001b[39m\n                    \u001b[33mtype\u001b[39m=\u001b[32m\"button\"\u001b[39m\n                  \u001b[36m>\u001b[39m\n                    \u001b[0magents.types.detailsTab\u001b[0m\n                  \u001b[36m</button>\u001b[39m\n                  \u001b[36m<button\u001b[39m\n                    \u001b[33maria-controls\u001b[39m=\u001b[32m\"agent-details-tabpanel-1\"\u001b[39m\n                    \u001b[33maria-selected\u001b[39m=\u001b[32m\"false\"\u001b[39m\n                    \u001b[33mclass\u001b[39m=\u001b[32m\"MuiButtonBase-root MuiTab-root MuiTab-textColorPrimary css-1usuzwp-MuiButtonBase-root-MuiTab-root\"\u001b[39m\n                    \u001b[33mid\u001b[39m=\u001b[32m\"agent-details-tab-1\"\u001b[39m\n                    \u001b[33mrole\u001b[39m=\u001b[32m\"tab\"\u001b[39m\n                    \u001b[33mtabindex\u001b[39m=\u001b[32m\"-1\"\u001b[39m\n                    \u001b[33mtype\u001b[39m=\u001b[32m\"button\"\u001b[39m\n                  \u001b[36m>\u001b[39m\n                    \u001b[0magents.types.agentPreviewTab\u001b[0m\n                  \u001b[36m</button>\u001b[39m\n                  \u001b[36m<button\u001b[39m\n                    \u001b[33maria-controls\u001b[39m=\u001b[32m\"agent-details-tabpanel-2\"\u001b[39m\n                    \u001b[33maria-selected\u001b[39m=\u001b[32m\"false\"\u001b[39m\n ...\n    at Object.getElementError (C:\\Users\\rhu\\source\\personal\\coding-workspace\\Parthenon\\frontend\\node_modules\\@testing-library\\dom\\dist\\config.js:37:19)\n    at C:\\Users\\rhu\\source\\personal\\coding-workspace\\Parthenon\\frontend\\node_modules\\@testing-library\\dom\\dist\\query-helpers.js:76:38\n    at C:\\Users\\rhu\\source\\personal\\coding-workspace\\Parthenon\\frontend\\node_modules\\@testing-library\\dom\\dist\\query-helpers.js:52:17\n    at C:\\Users\\rhu\\source\\personal\\coding-workspace\\Parthenon\\frontend\\node_modules\\@testing-library\\dom\\dist\\query-helpers.js:95:19\n    at C:/Users/rhu/source/personal/coding-workspace/Parthenon/frontend/src/__tests__/AgentTypeDetailsDialog.test.tsx:224:19\n    at processTicksAndRejections (node:internal/process/task_queues:105:5)\n    at file:///C:/Users/rhu/source/personal/coding-workspace/Parthenon/frontend/node_modules/@vitest/runner/dist/chunk-artifact.js:1903:20"],"meta":{},"tags":[]},{"ancestorTitles":["AgentTypeDetailsDialog"],"fullName":"AgentTypeDetailsDialog renders three tabs","status":"passed","title":"renders three tabs","duration":157.49400000000242,"failureMessages":[],"meta":{},"tags":[]},{"ancestorTitles":["AgentTypeDetailsDialog"],"fullName":"AgentTypeDetailsDialog keeps Start Chat action visible when switching tabs for conversation agents","status":"failed","title":"keeps Start Chat action visible when switching tabs for conversation agents","duration":705.2703000000001,"failureMessages":["TestingLibraryElementError: Unable to find an accessible element with the role \"button\" and name \"agents.types.startChat\"\n\nHere are the accessible roles:\n\n  presentation:\n\n  Name \"\":\n  \u001b[36m<div\u001b[39m\n    \u001b[33mclass\u001b[39m=\u001b[32m\"MuiDialog-root MuiModal-root css-1424xw8-MuiModal-root-MuiDialog-root\"\u001b[39m\n    \u001b[33mrole\u001b[39m=\u001b[32m\"presentation\"\u001b[39m\n  \u001b[36m/>\u001b[39m\n\n  Name \"\":\n  \u001b[36m<div\u001b[39m\n    \u001b[33mclass\u001b[39m=\u001b[32m\"MuiDialog-container MuiDialog-scrollPaper css-19do60a-MuiDialog-container\"\u001b[39m\n    \u001b[33mrole\u001b[39m=\u001b[32m\"presentation\"\u001b[39m\n    \u001b[33mstyle\u001b[39m=\u001b[32m\"opacity: 1; transition: opacity 225ms cubic-bezier(0.4, 0, 0.2, 1) 0ms;\"\u001b[39m\n    \u001b[33mtabindex\u001b[39m=\u001b[32m\"-1\"\u001b[39m\n  \u001b[36m/>\u001b[39m\n\n  --------------------------------------------------\n  dialog:\n\n  Name \"Research Agent\":\n  \u001b[36m<div\u001b[39m\n    \u001b[33maria-labelledby\u001b[39m=\u001b[32m\"_r_o_\"\u001b[39m\n    \u001b[33maria-modal\u001b[39m=\u001b[32m\"true\"\u001b[39m\n    \u001b[33mclass\u001b[39m=\u001b[32m\"MuiPaper-root MuiPaper-elevation MuiPaper-rounded MuiPaper-elevation24 MuiDialog-paper MuiDialog-paperScrollPaper MuiDialog-paperWidthXl MuiDialog-paperFullWidth css-nwbaqb-MuiPaper-root-MuiDialog-paper\"\u001b[39m\n    \u001b[33mrole\u001b[39m=\u001b[32m\"dialog\"\u001b[39m\n    \u001b[33mstyle\u001b[39m=\u001b[32m\"--Paper-shadow: 0px 11px 15px -7px rgba(0,0,0,0.2),0px 24px 38px 3px rgba(0,0,0,0.14),0px 9px 46px 8px rgba(0,0,0,0.12);\"\u001b[39m\n  \u001b[36m/>\u001b[39m\n\n  --------------------------------------------------\n  heading:\n\n  Name \"Research Agent\":\n  \u001b[36m<h2\u001b[39m\n    \u001b[33mclass\u001b[39m=\u001b[32m\"MuiTypography-root MuiTypography-h6 MuiDialogTitle-root css-1pm9s6p-MuiTypography-root-MuiDialogTitle-root\"\u001b[39m\n    \u001b[33mid\u001b[39m=\u001b[32m\"_r_o_\"\u001b[39m\n  \u001b[36m/>\u001b[39m\n\n  Name \"agents.plan.topology\":\n  \u001b[36m<h6\u001b[39m\n    \u001b[33mclass\u001b[39m=\u001b[32m\"MuiTypography-root MuiTypography-subtitle2 MuiTypography-gutterBottom css-a3u038-MuiTypography-root\"\u001b[39m\n  \u001b[36m/>\u001b[39m\n\n  Name \"agents.types.agentSops\":\n  \u001b[36m<h6\u001b[39m\n    \u001b[33mclass\u001b[39m=\u001b[32m\"MuiTypography-root MuiTypography-subtitle2 MuiTypography-gutterBottom css-a3u038-MuiTypography-root\"\u001b[39m\n  \u001b[36m/>\u001b[39m\n\n  Name \"agents.types.agentSkills\":\n  \u001b[36m<h6\u001b[39m\n    \u001b[33mclass\u001b[39m=\u001b[32m\"MuiTypography-root MuiTypography-subtitle2 MuiTypography-gutterBottom css-a3u038-MuiTypography-root\"\u001b[39m\n  \u001b[36m/>\u001b[39m\n\n  --------------------------------------------------\n  button:\n\n  Name \"app.edit\":\n  \u001b[36m<button\u001b[39m\n    \u001b[33maria-label\u001b[39m=\u001b[32m\"app.edit\"\u001b[39m\n    \u001b[33mclass\u001b[39m=\u001b[32m\"MuiButtonBase-root MuiIconButton-root MuiIconButton-sizeSmall css-155wbr6-MuiButtonBase-root-MuiIconButton-root\"\u001b[39m\n    \u001b[33mdata-mui-internal-clone-element\u001b[39m=\u001b[32m\"true\"\u001b[39m\n    \u001b[33mtabindex\u001b[39m=\u001b[32m\"0\"\u001b[39m\n    \u001b[33mtype\u001b[39m=\u001b[32m\"button\"\u001b[39m\n  \u001b[36m/>\u001b[39m\n\n  Name \"app.close\":\n  \u001b[36m<button\u001b[39m\n    \u001b[33maria-label\u001b[39m=\u001b[32m\"app.close\"\u001b[39m\n    \u001b[33mclass\u001b[39m=\u001b[32m\"MuiButtonBase-root MuiIconButton-root MuiIconButton-sizeSmall css-155wbr6-MuiButtonBase-root-MuiIconButton-root\"\u001b[39m\n    \u001b[33mdata-mui-internal-clone-element\u001b[39m=\u001b[32m\"true\"\u001b[39m\n    \u001b[33mtabindex\u001b[39m=\u001b[32m\"0\"\u001b[39m\n    \u001b[33mtype\u001b[39m=\u001b[32m\"button\"\u001b[39m\n  \u001b[36m/>\u001b[39m\n\n  Name \"Regenerate plan\":\n  \u001b[36m<button\u001b[39m\n    \u001b[33mclass\u001b[39m=\u001b[32m\"MuiButtonBase-root MuiButton-root MuiButton-outlined MuiButton-outlinedPrimary MuiButton-sizeSmall MuiButton-outlinedSizeSmall MuiButton-colorPrimary MuiButton-root MuiButton-outlined MuiButton-outlinedPrimary MuiButton-sizeSmall MuiButton-outlinedSizeSmall MuiButton-colorPrimary css-wyro15-MuiButtonBase-root-MuiButton-root\"\u001b[39m\n    \u001b[33mtabindex\u001b[39m=\u001b[32m\"0\"\u001b[39m\n    \u001b[33mtype\u001b[39m=\u001b[32m\"button\"\u001b[39m\n  \u001b[36m/>\u001b[39m\n\n  --------------------------------------------------\n  tablist:\n\n  Name \"agents.types.dialogTitle\":\n  \u001b[36m<div\u001b[39m\n    \u001b[33maria-label\u001b[39m=\u001b[32m\"agents.types.dialogTitle\"\u001b[39m\n    \u001b[33mclass\u001b[39m=\u001b[32m\"MuiTabs-list MuiTabs-flexContainer css-hzcega-MuiTabs-list\"\u001b[39m\n    \u001b[33mrole\u001b[39m=\u001b[32m\"tablist\"\u001b[39m\n  \u001b[36m/>\u001b[39m\n\n  --------------------------------------------------\n  tab:\n\n  Name \"agents.types.detailsTab\":\n  \u001b[36m<button\u001b[39m\n    \u001b[33maria-controls\u001b[39m=\u001b[32m\"agent-details-tabpanel-0\"\u001b[39m\n    \u001b[33maria-selected\u001b[39m=\u001b[32m\"false\"\u001b[39m\n    \u001b[33mclass\u001b[39m=\u001b[32m\"MuiButtonBase-root MuiTab-root MuiTab-textColorPrimary css-1usuzwp-MuiButtonBase-root-MuiTab-root\"\u001b[39m\n    \u001b[33mid\u001b[39m=\u001b[32m\"agent-details-tab-0\"\u001b[39m\n    \u001b[33mrole\u001b[39m=\u001b[32m\"tab\"\u001b[39m\n    \u001b[33mtabindex\u001b[39m=\u001b[32m\"-1\"\u001b[39m\n    \u001b[33mtype\u001b[39m=\u001b[32m\"button\"\u001b[39m\n  \u001b[36m/>\u001b[39m\n\n  Name \"agents.types.agentPreviewTab\":\n  \u001b[36m<button\u001b[39m\n    \u001b[33maria-controls\u001b[39m=\u001b[32m\"agent-details-tabpanel-1\"\u001b[39m\n    \u001b[33maria-selected\u001b[39m=\u001b[32m\"true\"\u001b[39m\n    \u001b[33mclass\u001b[39m=\u001b[32m\"MuiButtonBase-root MuiTab-root MuiTab-textColorPrimary Mui-selected css-1usuzwp-MuiButtonBase-root-MuiTab-root\"\u001b[39m\n    \u001b[33mid\u001b[39m=\u001b[32m\"agent-details-tab-1\"\u001b[39m\n    \u001b[33mrole\u001b[39m=\u001b[32m\"tab\"\u001b[39m\n    \u001b[33mtabindex\u001b[39m=\u001b[32m\"0\"\u001b[39m\n    \u001b[33mtype\u001b[39m=\u001b[32m\"button\"\u001b[39m\n  \u001b[36m/>\u001b[39m\n\n  Name \"agents.types.executionLogsTab\":\n  \u001b[36m<button\u001b[39m\n    \u001b[33maria-controls\u001b[39m=\u001b[32m\"agent-details-tabpanel-2\"\u001b[39m\n    \u001b[33maria-selected\u001b[39m=\u001b[32m\"false\"\u001b[39m\n    \u001b[33mclass\u001b[39m=\u001b[32m\"MuiButtonBase-root MuiTab-root MuiTab-textColorPrimary css-1usuzwp-MuiButtonBase-root-MuiTab-root\"\u001b[39m\n    \u001b[33mid\u001b[39m=\u001b[32m\"agent-details-tab-2\"\u001b[39m\n    \u001b[33mrole\u001b[39m=\u001b[32m\"tab\"\u001b[39m\n    \u001b[33mtabindex\u001b[39m=\u001b[32m\"-1\"\u001b[39m\n    \u001b[33mtype\u001b[39m=\u001b[32m\"button\"\u001b[39m\n  \u001b[36m/>\u001b[39m\n\n  Name \"conversations.sessions.tabLabel\":\n  \u001b[36m<button\u001b[39m\n    \u001b[33maria-controls\u001b[39m=\u001b[32m\"agent-details-tabpanel-3\"\u001b[39m\n    \u001b[33maria-selected\u001b[39m=\u001b[32m\"false\"\u001b[39m\n    \u001b[33mclass\u001b[39m=\u001b[32m\"MuiButtonBase-root MuiTab-root MuiTab-textColorPrimary css-1usuzwp-MuiButtonBase-root-MuiTab-root\"\u001b[39m\n    \u001b[33mid\u001b[39m=\u001b[32m\"agent-details-tab-3\"\u001b[39m\n    \u001b[33mrole\u001b[39m=\u001b[32m\"tab\"\u001b[39m\n    \u001b[33mtabindex\u001b[39m=\u001b[32m\"-1\"\u001b[39m\n    \u001b[33mtype\u001b[39m=\u001b[32m\"button\"\u001b[39m\n  \u001b[36m/>\u001b[39m\n\n  --------------------------------------------------\n  tabpanel:\n\n  Name \"agents.types.agentPreviewTab\":\n  \u001b[36m<div\u001b[39m\n    \u001b[33maria-labelledby\u001b[39m=\u001b[32m\"agent-details-tab-1\"\u001b[39m\n    \u001b[33mclass\u001b[39m=\u001b[32m\"MuiBox-root css-1v3caum\"\u001b[39m\n    \u001b[33mid\u001b[39m=\u001b[32m\"agent-details-tabpanel-1\"\u001b[39m\n    \u001b[33mrole\u001b[39m=\u001b[32m\"tabpanel\"\u001b[39m\n  \u001b[36m/>\u001b[39m\n\n  --------------------------------------------------\n  separator:\n\n  Name \"\":\n  \u001b[36m<hr\u001b[39m\n    \u001b[33mclass\u001b[39m=\u001b[32m\"MuiDivider-root MuiDivider-fullWidth css-zzw4lh-MuiDivider-root\"\u001b[39m\n  \u001b[36m/>\u001b[39m\n\n  Name \"\":\n  \u001b[36m<hr\u001b[39m\n    \u001b[33mclass\u001b[39m=\u001b[32m\"MuiDivider-root MuiDivider-fullWidth css-1793vor-MuiDivider-root\"\u001b[39m\n  \u001b[36m/>\u001b[39m\n\n  --------------------------------------------------\n  paragraph:\n\n  Name \"\":\n  \u001b[36m<p\u001b[39m\n    \u001b[33mclass\u001b[39m=\u001b[32m\"MuiTypography-root MuiTypography-body2 css-1nsv8f5-MuiTypography-root\"\u001b[39m\n  \u001b[36m/>\u001b[39m\n\n  Name \"\":\n  \u001b[36m<p\u001b[39m\n    \u001b[33mclass\u001b[39m=\u001b[32m\"MuiTypography-root MuiTypography-body2 css-1wle3ir-MuiTypography-root\"\u001b[39m\n  \u001b[36m/>\u001b[39m\n\n  --------------------------------------------------\n\nIgnored nodes: comments, script, style\n\u001b[36m<body\u001b[39m\n  \u001b[33mstyle\u001b[39m=\u001b[32m\"padding-right: 1024px; overflow: hidden;\"\u001b[39m\n\u001b[36m>\u001b[39m\n  \u001b[36m<div\u001b[39m\n    \u001b[33maria-hidden\u001b[39m=\u001b[32m\"true\"\u001b[39m\n  \u001b[36m/>\u001b[39m\n  \u001b[36m<div\u001b[39m\n    \u001b[33mclass\u001b[39m=\u001b[32m\"MuiDialog-root MuiModal-root css-1424xw8-MuiModal-root-MuiDialog-root\"\u001b[39m\n    \u001b[33mrole\u001b[39m=\u001b[32m\"presentation\"\u001b[39m\n  \u001b[36m>\u001b[39m\n    \u001b[36m<div\u001b[39m\n      \u001b[33maria-hidden\u001b[39m=\u001b[32m\"true\"\u001b[39m\n      \u001b[33mclass\u001b[39m=\u001b[32m\"MuiBackdrop-root MuiModal-backdrop MuiDialog-backdrop css-1cennmq-MuiBackdrop-root-MuiDialog-backdrop\"\u001b[39m\n      \u001b[33mstyle\u001b[39m=\u001b[32m\"opacity: 1; transition: opacity 225ms cubic-bezier(0.4, 0, 0.2, 1) 0ms;\"\u001b[39m\n    \u001b[36m/>\u001b[39m\n    \u001b[36m<div\u001b[39m\n      \u001b[33mdata-testid\u001b[39m=\u001b[32m\"sentinelStart\"\u001b[39m\n      \u001b[33mtabindex\u001b[39m=\u001b[32m\"0\"\u001b[39m\n    \u001b[36m/>\u001b[39m\n    \u001b[36m<div\u001b[39m\n      \u001b[33mclass\u001b[39m=\u001b[32m\"MuiDialog-container MuiDialog-scrollPaper css-19do60a-MuiDialog-container\"\u001b[39m\n      \u001b[33mrole\u001b[39m=\u001b[32m\"presentation\"\u001b[39m\n      \u001b[33mstyle\u001b[39m=\u001b[32m\"opacity: 1; transition: opacity 225ms cubic-bezier(0.4, 0, 0.2, 1) 0ms;\"\u001b[39m\n      \u001b[33mtabindex\u001b[39m=\u001b[32m\"-1\"\u001b[39m\n    \u001b[36m>\u001b[39m\n      \u001b[36m<div\u001b[39m\n        \u001b[33maria-labelledby\u001b[39m=\u001b[32m\"_r_o_\"\u001b[39m\n        \u001b[33maria-modal\u001b[39m=\u001b[32m\"true\"\u001b[39m\n        \u001b[33mclass\u001b[39m=\u001b[32m\"MuiPaper-root MuiPaper-elevation MuiPaper-rounded MuiPaper-elevation24 MuiDialog-paper MuiDialog-paperScrollPaper MuiDialog-paperWidthXl MuiDialog-paperFullWidth css-nwbaqb-MuiPaper-root-MuiDialog-paper\"\u001b[39m\n        \u001b[33mrole\u001b[39m=\u001b[32m\"dialog\"\u001b[39m\n        \u001b[33mstyle\u001b[39m=\u001b[32m\"--Paper-shadow: 0px 11px 15px -7px rgba(0,0,0,0.2),0px 24px 38px 3px rgba(0,0,0,0.14),0px 9px 46px 8px rgba(0,0,0,0.12);\"\u001b[39m\n      \u001b[36m>\u001b[39m\n        \u001b[36m<h2\u001b[39m\n          \u001b[33mclass\u001b[39m=\u001b[32m\"MuiTypography-root MuiTypography-h6 MuiDialogTitle-root css-1pm9s6p-MuiTypography-root-MuiDialogTitle-root\"\u001b[39m\n          \u001b[33mid\u001b[39m=\u001b[32m\"_r_o_\"\u001b[39m\n        \u001b[36m>\u001b[39m\n          \u001b[36m<span\u001b[39m\n            \u001b[33mclass\u001b[39m=\u001b[32m\"MuiTypography-root MuiTypography-h6 css-1miy0lu-MuiTypography-root\"\u001b[39m\n          \u001b[36m>\u001b[39m\n            \u001b[0mResearch Agent\u001b[0m\n          \u001b[36m</span>\u001b[39m\n          \u001b[36m<div\u001b[39m\n            \u001b[33mclass\u001b[39m=\u001b[32m\"MuiBox-root css-0\"\u001b[39m\n          \u001b[36m>\u001b[39m\n            \u001b[36m<button\u001b[39m\n              \u001b[33maria-label\u001b[39m=\u001b[32m\"app.edit\"\u001b[39m\n              \u001b[33mclass\u001b[39m=\u001b[32m\"MuiButtonBase-root MuiIconButton-root MuiIconButton-sizeSmall css-155wbr6-MuiButtonBase-root-MuiIconButton-root\"\u001b[39m\n              \u001b[33mdata-mui-internal-clone-element\u001b[39m=\u001b[32m\"true\"\u001b[39m\n              \u001b[33mtabindex\u001b[39m=\u001b[32m\"0\"\u001b[39m\n              \u001b[33mtype\u001b[39m=\u001b[32m\"button\"\u001b[39m\n            \u001b[36m>\u001b[39m\n              \u001b[36m<svg\u001b[39m\n                \u001b[33maria-hidden\u001b[39m=\u001b[32m\"true\"\u001b[39m\n                \u001b[33mclass\u001b[39m=\u001b[32m\"MuiSvgIcon-root MuiSvgIcon-fontSizeMedium css-1umw9bq-MuiSvgIcon-root\"\u001b[39m\n                \u001b[33mdata-testid\u001b[39m=\u001b[32m\"EditIcon\"\u001b[39m\n                \u001b[33mfocusable\u001b[39m=\u001b[32m\"false\"\u001b[39m\n                \u001b[33mviewBox\u001b[39m=\u001b[32m\"0 0 24 24\"\u001b[39m\n              \u001b[36m>\u001b[39m\n                \u001b[36m<path\u001b[39m\n                  \u001b[33md\u001b[39m=\u001b[32m\"M3 17.25V21h3.75L17.81 9.94l-3.75-3.75zM20.71 7.04c.39-.39.39-1.02 0-1.41l-2.34-2.34a.996.996 0 0 0-1.41 0l-1.83 1.83 3.75 3.75z\"\u001b[39m\n                \u001b[36m/>\u001b[39m\n              \u001b[36m</svg>\u001b[39m\n            \u001b[36m</button>\u001b[39m\n            \u001b[36m<button\u001b[39m\n              \u001b[33maria-label\u001b[39m=\u001b[32m\"app.close\"\u001b[39m\n              \u001b[33mclass\u001b[39m=\u001b[32m\"MuiButtonBase-root MuiIconButton-root MuiIconButton-sizeSmall css-155wbr6-MuiButtonBase-root-MuiIconButton-root\"\u001b[39m\n              \u001b[33mdata-mui-internal-clone-element\u001b[39m=\u001b[32m\"true\"\u001b[39m\n              \u001b[33mtabindex\u001b[39m=\u001b[32m\"0\"\u001b[39m\n              \u001b[33mtype\u001b[39m=\u001b[32m\"button\"\u001b[39m\n            \u001b[36m>\u001b[39m\n              \u001b[36m<svg\u001b[39m\n                \u001b[33maria-hidden\u001b[39m=\u001b[32m\"true\"\u001b[39m\n                \u001b[33mclass\u001b[39m=\u001b[32m\"MuiSvgIcon-root MuiSvgIcon-fontSizeMedium css-1umw9bq-MuiSvgIcon-root\"\u001b[39m\n                \u001b[33mdata-testid\u001b[39m=\u001b[32m\"CloseIcon\"\u001b[39m\n                \u001b[33mfocusable\u001b[39m=\u001b[32m\"false\"\u001b[39m\n                \u001b[33mviewBox\u001b[39m=\u001b[32m\"0 0 24 24\"\u001b[39m\n              \u001b[36m>\u001b[39m\n                \u001b[36m<path\u001b[39m\n                  \u001b[33md\u001b[39m=\u001b[32m\"M19 6.41 17.59 5 12 10.59 6.41 5 5 6.41 10.59 12 5 17.59 6.41 19 12 13.41 17.59 19 19 17.59 13.41 12z\"\u001b[39m\n                \u001b[36m/>\u001b[39m\n              \u001b[36m</svg>\u001b[39m\n            \u001b[36m</button>\u001b[39m\n          \u001b[36m</div>\u001b[39m\n        \u001b[36m</h2>\u001b[39m\n        \u001b[36m<div\u001b[39m\n          \u001b[33mclass\u001b[39m=\u001b[32m\"MuiDialogContent-root MuiDialogContent-dividers css-1noi74-MuiDialogContent-root\"\u001b[39m\n        \u001b[36m>\u001b[39m\n          \u001b[36m<div\u001b[39m\n            \u001b[33mclass\u001b[39m=\u001b[32m\"MuiBox-root css-1yn5s25\"\u001b[39m\n          \u001b[36m>\u001b[39m\n            \u001b[36m<div\u001b[39m\n              \u001b[33mclass\u001b[39m=\u001b[32m\"MuiTabs-root css-jhczcq-MuiTabs-root\"\u001b[39m\n            \u001b[36m>\u001b[39m\n              \u001b[36m<div\u001b[39m\n                \u001b[33mclass\u001b[39m=\u001b[32m\"MuiTabs-scroller MuiTabs-fixed css-s2t35c-MuiTabs-scroller\"\u001b[39m\n                \u001b[33mstyle\u001b[39m=\u001b[32m\"overflow: hidden; margin-bottom: 0px;\"\u001b[39m\n              \u001b[36m>\u001b[39m\n                \u001b[36m<div\u001b[39m\n                  \u001b[33maria-label\u001b[39m=\u001b[32m\"agents.types.dialogTitle\"\u001b[39m\n                  \u001b[33mclass\u001b[39m=\u001b[32m\"MuiTabs-list MuiTabs-flexContainer css-hzcega-MuiTabs-list\"\u001b[39m\n                  \u001b[33mrole\u001b[39m=\u001b[32m\"tablist\"\u001b[39m\n                \u001b[36m>\u001b[39m\n                  \u001b[36m<button\u001b[39m\n                    \u001b[33maria-controls\u001b[39m=\u001b[32m\"agent-details-tabpanel-0\"\u001b[39m\n                    \u001b[33maria-selected\u001b[39m=\u001b[32m\"false\"\u001b[39m\n                    \u001b[33mclass\u001b[39m=\u001b[32m\"MuiButtonBase-root MuiTab-root MuiTab-textColorPrimary css-1usuzwp-MuiButtonBase-root-MuiTab-root\"\u001b[39m\n                    \u001b[33mid\u001b[39m=\u001b[32m\"agent-details-tab-0\"\u001b[39m\n                    \u001b[33mrole\u001b[39m=\u001b[32m\"tab\"\u001b[39m\n                    \u001b[33mtabindex\u001b[39m=\u001b[32m\"-1\"\u001b[39m\n                    \u001b[33mtype\u001b[39m=\u001b[32m\"button\"\u001b[39m\n                  \u001b[36m>\u001b[39m\n                    \u001b[0magents.types.detailsTab\u001b[0m\n                  \u001b[36m</button>\u001b[39m\n                  \u001b[36m<button\u001b[39m\n                    \u001b[33maria-controls\u001b[39m=\u001b[32m\"agent-details-tabpanel-1\"\u001b[39m\n                    \u001b[33maria-selected\u001b[39m=\u001b[32m\"true\"\u001b[39m\n                    \u001b[33mclass\u001b[39m=\u001b[32m\"MuiButtonBase-root MuiTab-root MuiTab-textColorPrimary Mui-selected css-1usuzwp-MuiButtonBase-root-MuiTab-root\"\u001b[39m\n                    \u001b[33mid\u001b[39m=\u001b[32m\"agent-details-tab-1\"\u001b[39m\n                    \u001b[33mrole\u001b[39m=\u001b[32m\"tab\"\u001b[39m\n                    \u001b[33mtabindex\u001b[39m=\u001b[32m\"0\"\u001b[39m\n                    \u001b[33mtype\u001b[39m=\u001b[32m\"button\"\u001b[39m\n                  \u001b[36m>\u001b[39m\n                    \u001b[0magents.types.agentPreviewTab\u001b[0m\n                  \u001b[36m</button>\u001b[39m\n                  \u001b[36m<button\u001b[39m\n                    \u001b[33maria-controls\u001b[39m=\u001b[32m\"agent-details-tabpanel-2\"\u001b[39m\n                    \u001b[33maria-selected\u001b[39m=\u001b[32m\"false\"\u001b[39m\n                    \u001b[33mclass\u001b[39m=\u001b[32m\"MuiButtonBase-root MuiTab-root MuiTab-textColorPrimary css-1usuzwp-MuiButtonBase-root-MuiTab-root\"\u001b[39m\n                    \u001b[33mid\u001b[39m=\u001b[32m\"agent-details-tab-2\"\u001b[39m\n                    \u001b[33mrole\u001b[39m=\u001b[32m\"tab\"\u001b[39m\n                    \u001b[33mtabindex\u001b[39m=\u001b[32m\"-1\"\u001b[39m\n                    \u001b[33mtype\u001b[39m=\u001b[32m\"button\"\u001b[39m\n                  \u001b[36m>\u001b[39m\n                    \u001b[0magents.types.executionLogsTab\u001b[0m\n                  \u001b[36m</button>\u001b[39m\n                  \u001b[36m<button\u001b[39m\n                    \u001b[33maria-controls\u001b[39m=\u001b[32m\"agent-details-tabpanel-3\"\u001b[39m\n                    \u001b[33maria-selected\u001b[39m=\u001b[32m\"false\"\u001b[39m\n                    \u001b[33mclass\u001b[39m=\u001b[32m\"MuiButtonBase-root MuiTab-root MuiTab-textColorPrimary css-1usuzwp-MuiButtonBase-root-MuiTab-root\"\u001b[39m\n                    \u001b[33mid\u001b[39m=\u001b[32m\"agent-details-tab-3\"\u001b[39m\n                    \u001b[33mrole\u001b[39m=\u001b[32m\"tab\"\u001b[39m\n                    \u001b[33mtabindex\u001b[39m=\u001b[32m\"-1\"\u001b[39m\n                    \u001b[33mtype\u001b[39m=\u001b[32m\"button\"\u001b[39m\n                  \u001b[36m>\u001b[39m\n                    \u001b[0mconversations.sessions.tabLabel\u001b[0m\n                  \u001b[36m</button>\u001b[39m\n                \u001b[36m</div>\u001b[39m\n                \u001b[36m<span\u001b[39m\n                  \u001b[33mclass\u001b[39m=\u001b[32m\"MuiTabs-indicator css-1qltlow-MuiTabs-indicator\"\u001b[39m\n                  \u001b[33mstyle\u001b[39m=\u001b[32m\"left: 0px; width: 0px;\"\u001b[39m\n                \u001b[36m/>\u001b[39m\n              \u001b[36m</div>\u001b[39m\n            \u001b[36m</div>\u001b[39m\n          \u001b[36m</div>\u001b[39m\n          \u001b[36m<div\u001b[39m\n            \u001b[33mclass\u001b[39m=\u001b[32m\"MuiBox-root css-1oeodld\"\u001b[39m\n          \u001b[36m>\u001b[39m\n            \u001b[36m<div\u001b[39m\n              \u001b[33maria-labelledby\u001b[39m=\u001b[32m\"agent-details-tab-0\"\u001b[39m\n              \u001b[33mclass\u001b[39m=\u001b[32m\"MuiBox-root css-1v3caum\"\u001b[39m\n              \u001b[33mhidden\u001b[39m=\u001b[32m\"\"\u001b[39m\n              \u001b[33mid\u001b[39m=\u001b[32m\"agent-details-tabpanel-0\"\u001b[39m\n              \u001b[33mrole\u001b[39m=\u001b[32m\"tabpanel\"\u001b[39m\n            \u001b[36m/>\u001b[39m\n            \u001b[36m<div\u001b[39m\n              \u001b[33maria-labelledby\u001b[39m=\u001b[32m\"agent-details-tab-1\"\u001b[39m\n              \u001b[33mclass\u001b[39m=\u001b[32m\"MuiBox-root css-1v3caum\"\u001b[39m\n              \u001b[33mid\u001b[39m=\u001b[32m\"agent-details-tabpanel-1\"\u001b[39m\n              \u001b[33mrole\u001b[39m=\u001b[32m\"tabpanel\"\u001b[39m\n            \u001b[36m>\u001b[39m\n              \u001b[36m<div\u001b[39m\n                \u001b[33mclass\u001b[39m=\u001b[32m\"MuiBox-root css-irrfx6\"\u001b[39m\n              \u001b[36m>\u001b[39m\n                \u001b[36m<button\u001b[39m\n                  \u001b[33mclass\u001b[39m=\u001b[32m\"MuiButtonBase-root MuiButton-root MuiButton-outlined MuiButton-outlinedPrimary MuiButton-sizeSmall MuiButton-outlinedSizeSmall MuiButton-colorPrimary MuiButton-root MuiButton-outlined MuiButton-outlinedPrimary MuiButton-sizeSmall MuiButton-outlinedSizeSmall MuiButton-colorPrimary css-wyro15-MuiButtonBase-root-MuiButton-root\"\u001b[39m\n                  \u001b[33mtabindex\u001b[39m=\u001b[32m\"0\"\u001b[39m\n                  \u001b[33mtype\u001b[39m=\u001b[32m\"button\"\u001b[39m\n                \u001b[36m>\u001b[39m\n                  \u001b[36m<span\u001b[39m\n                    \u001b[33mclass\u001b[39m=\u001b[32m\"MuiButton-icon MuiButton-startIcon MuiButton-iconSizeSmall css-d8i980-MuiButton-startIcon\"\u001b[39m\n                  \u001b[36m>\u001b[39m\n                    \u001b[36m<svg\u001b[39m\n                      \u001b[33maria-hidden\u001b[39m=\u001b[32m\"true\"\u001b[39m\n                      \u001b[33mclass\u001b[39m=\u001b[32m\"MuiSvgIcon-root MuiSvgIcon-fontSizeMedium css-1umw9bq-MuiSvgIcon-root\"\u001b[39m\n                      \u001b[33mdata-testid\u001b[39m=\u001b[32m\"RefreshIcon\"\u001b[39m\n                      \u001b[33mfocusable\u001b[39m=\u001b[32m\"false\"\u001b[39m\n                      \u001b[33mviewBox\u001b[39m=\u001b[32m\"0 0 24 24\"\u001b[39m\n                    \u001b[36m>\u001b[39m\n                      \u001b[36m<path\u001b[39m\n                        \u001b[33md\u001b[39m=\u001b[32m\"M17.65 6.35C16.2 4.9 14.21 4 12 4c-4.42 0-7.99 3.58-7.99 8s3.57 8 7.99 8c3.73 0 6.84-2.55 7.73-6h-2.08c-.82 2.33-3.04 4-5.65 4-3.31 0-6-2.69-6-6s2.69-6 6-6c1.66 0 3.14.69 4.22 1.78L13 11h7V4z\"\u001b[39m\n                      \u001b[36m/>\u001b[39m\n                    \u001b[36m</svg>\u001b[39m\n                  \u001b[36m</span>\u001b[39m\n                  \u001b[0mRegenerate plan\u001b[0m\n                \u001b[36m</button>\u001b[39m\n              \u001b[36m</div>\u001b[39m\n              \u001b[36m<div\u001b[39m\n                \u001b[33mclass\u001b[39m=\u001b[32m\"MuiBox-root css-0\"\u001b[39m\n              \u001b[36m>\u001b[39m\n                \u001b[36m<h6\u001b[39m\n                  \u001b[33mclass\u001b[39m=\u001b[32m\"MuiTypography-root MuiTypography-subtitle2 MuiTypography-gutterBottom css-a3u038-MuiTypography-root\"\u001b[39m\n                \u001b[36m>\u001b[39m\n                  \u001b[0magents.plan.topology\u001b[0m\n                \u001b[36m</h6>\u001b[39m\n                \u001b[36m<div\u001b[39m\n                  \u001b[33mdata-testid\u001b[39m=\u001b[32m\"topology-diagram\"\u001b[39m\n                \u001b[36m/>\u001b[39m\n                \u001b[36m<hr\u001b[39m\n                  \u001b[33mclass\u001b[39m=\u001b[32m\"MuiDivider-root MuiDivider-fullWidth css-zzw4lh-MuiDivider-root\"\u001b[39m\n                \u001b[36m/>\u001b[39m\n                \u001b[36m<h6\u001b[39m\n                  \u001b[33mclass\u001b[39m=\u001b[32m\"MuiTypography-root MuiTypography-subtitle2 MuiTypography-gutterBottom css-a3u038-MuiTypography-root\"\u001b[39m\n                \u001b[36m>\u001b[39m\n                  \u001b[0magents.types.agentSops\u001b[0m\n                \u001b[36m</h6>\u001b[39m\n                \u001b[36m<p\u001b[39m\n                  \u001b[33mclass\u001b[39m=\u001b[32m\"MuiTypography-root MuiTypography-body2 css-1nsv8f5-MuiTypography-root\"\u001b[39m\n                \u001b[36m>\u001b[39m\n                  \u001b[0magents.types.noSopsAssigned\u001b[0m\n                \u001b[36m</p>\u001b[39m\n                \u001b[36m<hr\u001b[39m\n                  \u001b[33mclass\u001b[39m=\u001b[32m\"MuiDivider-root MuiDivider-fullWidth css-1793vor-MuiDivider-root\"\u001b[39m\n                \u001b[36m/>\u001b[39m\n                \u001b[36m<h6\u001b[39m\n                  \u001b[33mclass\u001b[39m=\u001b[32m\"MuiTypography-root MuiTypography-subtitle2 MuiTypography-gutterBottom css-a3u038-MuiTypography-root\"\u001b[39m\n                \u001b[36m>\u001b[39m\n                  \u001b[0magents.types.agentSkills\u001b[0m\n                \u001b[36m</h6>\u001b[39m\n                \u001b[36m<p\u001b[39m\n                  \u001b[33mclass\u001b[39m=\u001b[32m\"MuiTypography-root MuiTypography-body2 css-1wle3ir-MuiTypography-root\"\u001b[39m\n                \u001b[36m>\u001b[39m\n                  \u001b[0magents.types.noSkillsAssigned\u001b[0m\n                \u001b[36m</p>\u001b[39m\n              \u001b[36m</div>\u001b[39m\n            \u001b[36m</div>\u001b[39m\n            \u001b[36m<div\u001b[39m\n              \u001b[33maria-labelledby\u001b[39m=\u001b[32m\"agent-details-tab-2\"\u001b[39m\n              \u001b[33mclass\u001b[39m=\u001b[32m\"MuiBox-root css-1v3caum\"\u001b[39m\n              \u001b[33mhidden\u001b[39m=\u001b[32m\"\"\u001b[39m\n              \u001b[33mid\u001b[39m=\u001b[32m\"agent-details-tabpanel-2\"\u001b[39m\n              \u001b[33mrole\u001b[39m=\u001b[32m\"tabpanel\"\u001b[39m\n            \u001b[36m/>\u001b[39m\n            \u001b[36m<div\u001b[39m\n              \u001b[33maria-labelledby\u001b[39m=\u001b[32m\"agent-details-tab-3\"\u001b[39m\n              \u001b[33mclass\u001b[39m=\u001b[32m\"MuiBox-root css-1v3caum\"\u001b[39m\n              \u001b[33mhidden\u001b[39m=\u001b[32m\"\"\u001b[39m\n              \u001b[33mid\u001b[39m=\u001b[32m\"agent-details-tabpanel-3\"\u001b[39m\n              \u001b[33mrole\u001b[39m=\u001b[32m\"tabpanel\"\u001b[39m\n            \u001b[36m/>\u001b[39m\n          \u001b[36m</div>\u001b[39m\n        \u001b[36m</div>\u001b[39m\n      \u001b[36m</div>\u001b[39m\n    \u001b[36m</div>\u001b[39m\n    \u001b[36m<div\u001b[39m\n      \u001b[33mdata-testid\u001b[39m=\u001b[32m\"sentinelEnd\"\u001b[39m\n      \u001b[33mtabindex\u001b[39m=\u001b[32m\"0\"\u001b[39m\n    \u001b[36m/>\u001b[39m\n  \u001b[36m</div>\u001b[39m\n\u001b[36m</body>\u001b[39m\n    at Object.getElementError (C:\\Users\\rhu\\source\\personal\\coding-workspace\\Parthenon\\frontend\\node_modules\\@testing-library\\dom\\dist\\config.js:37:19)\n    at C:\\Users\\rhu\\source\\personal\\coding-workspace\\Parthenon\\frontend\\node_modules\\@testing-library\\dom\\dist\\query-helpers.js:76:38\n    at C:\\Users\\rhu\\source\\personal\\coding-workspace\\Parthenon\\frontend\\node_modules\\@testing-library\\dom\\dist\\query-helpers.js:52:17\n    at C:\\Users\\rhu\\source\\personal\\coding-workspace\\Parthenon\\frontend\\node_modules\\@testing-library\\dom\\dist\\query-helpers.js:95:19\n    at C:/Users/rhu/source/personal/coding-workspace/Parthenon/frontend/src/__tests__/AgentTypeDetailsDialog.test.tsx:256:19\n    at file:///C:/Users/rhu/source/personal/coding-workspace/Parthenon/frontend/node_modules/@vitest/runner/dist/chunk-artifact.js:1903:20"],"meta":{},"tags":[]},{"ancestorTitles":["AgentTypeDetailsDialog"],"fullName":"AgentTypeDetailsDialog shows no-plan placeholder on Agent Preview tab when plan is null","status":"passed","title":"shows no-plan placeholder on Agent Preview tab when plan is null","duration":226.2465000000011,"failureMessages":[],"meta":{},"tags":[]},{"ancestorTitles":["AgentTypeDetailsDialog"],"fullName":"AgentTypeDetailsDialog shows plan content on Agent Preview tab when plan is populated","status":"passed","title":"shows plan content on Agent Preview tab when plan is populated","duration":241.0711999999985,"failureMessages":[],"meta":{},"tags":[]},{"ancestorTitles":["AgentTypeDetailsDialog"],"fullName":"AgentTypeDetailsDialog shows regenerate plan button on Agent Preview tab","status":"passed","title":"shows regenerate plan button on Agent Preview tab","duration":202.9314000000013,"failureMessages":[],"meta":{},"tags":[]},{"ancestorTitles":["AgentTypeDetailsDialog"],"fullName":"AgentTypeDetailsDialog shows a stale plan warning when the role has newer updates","status":"passed","title":"shows a stale plan warning when the role has newer updates","duration":317.85999999999694,"failureMessages":[],"meta":{},"tags":[]},{"ancestorTitles":["AgentTypeDetailsDialog"],"fullName":"AgentTypeDetailsDialog calls the regenerate-plan endpoint when the button is clicked","status":"passed","title":"calls the regenerate-plan endpoint when the button is clicked","duration":355.20939999999973,"failureMessages":[],"meta":{},"tags":[]},{"ancestorTitles":["AgentTypeDetailsDialog"],"fullName":"AgentTypeDetailsDialog shows session list on Execution Logs tab","status":"passed","title":"shows session list on Execution Logs tab","duration":530.3496999999988,"failureMessages":[],"meta":{},"tags":[]},{"ancestorTitles":["AgentTypeDetailsDialog"],"fullName":"AgentTypeDetailsDialog shows empty state on Execution Logs tab when no sessions","status":"passed","title":"shows empty state on Execution Logs tab when no sessions","duration":223.1296000000002,"failureMessages":[],"meta":{},"tags":[]},{"ancestorTitles":["AgentTypeDetailsDialog"],"fullName":"AgentTypeD
[...]
1.377999999997,"failureMessages":[],"meta":{},"tags":[]},{"ancestorTitles":["Slug Validation"],"fullName":"Slug Validation mcp server slug blocks save until the value is slug-safe","status":"passed","title":"mcp server slug blocks save until the value is slug-safe","duration":429.07930000000124,"failureMessages":[],"meta":{},"tags":[]}],"startTime":1779881156809,"endTime":1779881160247.0793,"status":"passed","message":"","name":"C:/Users/rhu/source/personal/coding-workspace/Parthenon/frontend/src/__tests__/features/slug-validation.test.tsx"},{"assertionResults":[{"ancestorTitles":["ChannelListPage — data loaded"],"fullName":"ChannelListPage — data loaded renders channel names from hook data","status":"passed","title":"renders channel names from hook data","duration":11201.090500000002,"failureMessages":[],"meta":{},"tags":[]},{"ancestorTitles":["ChannelListPage — data loaded"],"fullName":"ChannelListPage — data loaded renders add channel button","status":"passed","title":"renders add channel button","duration":578.8349999999991,"failureMessages":[],"meta":{},"tags":[]},{"ancestorTitles":["ChannelListPage — data loaded"],"fullName":"ChannelListPage — data loaded renders channel type chip labels","status":"passed","title":"renders channel type chip labels","duration":133.3191999999981,"failureMessages":[],"meta":{},"tags":[]},{"ancestorTitles":["ChannelListPage — data loaded"],"fullName":"ChannelListPage — data loaded opens dialog in create mode when add button is clicked","status":"passed","title":"opens dialog in create mode when add button is clicked","duration":363.067500000001,"failureMessages":[],"meta":{},"tags":[]},{"ancestorTitles":["ChannelListPage — loading state"],"fullName":"ChannelListPage — loading state shows loading indicator when isLoading is true","status":"passed","title":"shows loading indicator when isLoading is true","duration":101.8786,"failureMessages":[],"meta":{},"tags":[]},{"ancestorTitles":["ChannelListPage — error state"],"fullName":"ChannelListPage — error state displays error alert when hook returns an error","status":"passed","title":"displays error alert when hook returns an error","duration":34.23739999999816,"failureMessages":[],"meta":{},"tags":[]},{"ancestorTitles":["ChannelListPage — empty state"],"fullName":"ChannelListPage — empty state shows empty state message when channels list is empty","status":"passed","title":"shows empty state message when channels list is empty","duration":76.60589999999866,"failureMessages":[],"meta":{},"tags":[]}],"startTime":1779881113017,"endTime":1779881125507.606,"status":"passed","message":"","name":"C:/Users/rhu/source/personal/coding-workspace/Parthenon/frontend/src/__tests__/notifications/ChannelListPage.test.tsx"},{"assertionResults":[{"ancestorTitles":["NotificationLogPage — data loaded"],"fullName":"NotificationLogPage — data loaded renders log entries from API","status":"passed","title":"renders log entries from API","duration":10780.4449,"failureMessages":[],"meta":{},"tags":[]},{"ancestorTitles":["NotificationLogPage — data loaded"],"fullName":"NotificationLogPage — data loaded renders status filter chips for all status options","status":"passed","title":"renders status filter chips for all status options","duration":116.22920000000158,"failureMessages":[],"meta":{},"tags":[]},{"ancestorTitles":["NotificationLogPage — data loaded"],"fullName":"NotificationLogPage — data loaded opens detail drawer when a log row is clicked","status":"passed","title":"opens detail drawer when a log row is clicked","duration":427.1987000000008,"failureMessages":[],"meta":{},"tags":[]},{"ancestorTitles":["NotificationLogPage — data loaded"],"fullName":"NotificationLogPage — data loaded renders pagination controls","status":"passed","title":"renders pagination controls","duration":120.08070000000225,"failureMessages":[],"meta":{},"tags":[]},{"ancestorTitles":["NotificationLogPage — loading state"],"fullName":"NotificationLogPage — loading state shows loading indicator while fetching logs","status":"passed","title":"shows loading indicator while fetching logs","duration":46.224300000001676,"failureMessages":[],"meta":{},"tags":[]},{"ancestorTitles":["NotificationLogPage — error state"],"fullName":"NotificationLogPage — error state shows error alert when API call fails","status":"passed","title":"shows error alert when API call fails","duration":93.75040000000081,"failureMessages":[],"meta":{},"tags":[]},{"ancestorTitles":["NotificationLogPage — empty state"],"fullName":"NotificationLogPage — empty state renders without crash when log list is empty","status":"passed","title":"renders without crash when log list is empty","duration":95.70560000000114,"failureMessages":[],"meta":{},"tags":[]}],"startTime":1779881139381,"endTime":1779881151062.7056,"status":"passed","message":"","name":"C:/Users/rhu/source/personal/coding-workspace/Parthenon/frontend/src/__tests__/notifications/NotificationLogPage.test.tsx"},{"assertionResults":[{"ancestorTitles":["RecipientGroupListPage — data loaded"],"fullName":"RecipientGroupListPage — data loaded renders group names from hook data","status":"passed","title":"renders group names from hook data","duration":10641.0837,"failureMessages":[],"meta":{},"tags":[]},{"ancestorTitles":["RecipientGroupListPage — data loaded"],"fullName":"RecipientGroupListPage — data loaded renders group slug in monospace cell","status":"passed","title":"renders group slug in monospace cell","duration":109.48259999999937,"failureMessages":[],"meta":{},"tags":[]},{"ancestorTitles":["RecipientGroupListPage — data loaded"],"fullName":"RecipientGroupListPage — data loaded renders channel count for each group","status":"passed","title":"renders channel count for each group","duration":100.30409999999756,"failureMessages":[],"meta":{},"tags":[]},{"ancestorTitles":["RecipientGroupListPage — data loaded"],"fullName":"RecipientGroupListPage — data loaded renders add group button","status":"passed","title":"renders add group button","duration":217.0456000000013,"failureMessages":[],"meta":{},"tags":[]},{"ancestorTitles":["RecipientGroupListPage — loading state"],"fullName":"RecipientGroupListPage — loading state shows loading indicator when isLoading is true","status":"passed","title":"shows loading indicator when isLoading is true","duration":49.33820000000196,"failureMessages":[],"meta":{},"tags":[]},{"ancestorTitles":["RecipientGroupListPage — error state"],"fullName":"RecipientGroupListPage — error state displays error alert when hook returns an error","status":"passed","title":"displays error alert when hook returns an error","duration":51.77009999999791,"failureMessages":[],"meta":{},"tags":[]},{"ancestorTitles":["RecipientGroupListPage — empty state"],"fullName":"RecipientGroupListPage — empty state shows empty state message when groups list is empty","status":"passed","title":"shows empty state message when groups list is empty","duration":44.26929999999993,"failureMessages":[],"meta":{},"tags":[]}],"startTime":1779881139502,"endTime":1779881150717.2693,"status":"passed","message":"","name":"C:/Users/rhu/source/personal/coding-workspace/Parthenon/frontend/src/__tests__/notifications/RecipientGroupListPage.test.tsx"},{"assertionResults":[{"ancestorTitles":["GitHub Pages showcase static content"],"fullName":"GitHub Pages showcase static content contains architecture and walkthrough sections in site/index.html","status":"passed","title":"contains architecture and walkthrough sections in site/index.html","duration":6.710999999999331,"failureMessages":[],"meta":{},"tags":[]},{"ancestorTitles":["GitHub Pages showcase static content"],"fullName":"GitHub Pages showcase static content references all five screenshot placeholders","status":"failed","title":"references all five screenshot placeholders","duration":19.21309999999903,"failureMessages":["AssertionError: expected '<!doctype html>\\r\\n<html lang=\"en\">\\r…' to contain '/images/placeholder-mcp.svg'\n    at C:/Users/rhu/source/personal/coding-workspace/Parthenon/frontend/src/__tests__/service-decomposition/github-pages-showcase.test.ts:28:18\n    at file:///C:/Users/rhu/source/personal/coding-workspace/Parthenon/frontend/node_modules/@vitest/runner/dist/chunk-artifact.js:302:11\n    at file:///C:/Users/rhu/source/personal/coding-workspace/Parthenon/frontend/node_modules/@vitest/runner/dist/chunk-artifact.js:1903:26\n    at file:///C:/Users/rhu/source/personal/coding-workspace/Parthenon/frontend/node_modules/@vitest/runner/dist/chunk-artifact.js:2326:20\n    at new Promise (<anonymous>)\n    at runWithCancel (file:///C:/Users/rhu/source/personal/coding-workspace/Parthenon/frontend/node_modules/@vitest/runner/dist/chunk-artifact.js:2323:10)\n    at file:///C:/Users/rhu/source/personal/coding-workspace/Parthenon/frontend/node_modules/@vitest/runner/dist/chunk-artifact.js:2305:20\n    at new Promise (<anonymous>)\n    at runWithTimeout (file:///C:/Users/rhu/source/personal/coding-workspace/Parthenon/frontend/node_modules/@vitest/runner/dist/chunk-artifact.js:2272:10)\n    at file:///C:/Users/rhu/source/personal/coding-workspace/Parthenon/frontend/node_modules/@vitest/runner/dist/chunk-artifact.js:2955:64"],"meta":{},"tags":[]}],"startTime":1779881178473,"endTime":1779881178499.2131,"status":"failed","message":"","name":"C:/Users/rhu/source/personal/coding-workspace/Parthenon/frontend/src/__tests__/service-decomposition/github-pages-showcase.test.ts"},{"assertionResults":[{"ancestorTitles":["Issue 1 — System Tools Displayed Twice (FIX-20260518-140000)","Data layer: broken list_all_tools() response contains duplicates"],"fullName":"Issue 1 — System Tools Displayed Twice (FIX-20260518-140000) Data layer: broken list_all_tools() response contains duplicates BROKEN response has 6 tool entries instead of 3 unique tools","status":"passed","title":"BROKEN response has 6 tool entries instead of 3 unique tools","duration":7.320099999999002,"failureMessages":[],"meta":{},"tags":[]},{"ancestorTitles":["Issue 1 — System Tools Displayed Twice (FIX-20260518-140000)","Data layer: broken list_all_tools() response contains duplicates"],"fullName":"Issue 1 — System Tools Displayed Twice (FIX-20260518-140000) Data layer: broken list_all_tools() response contains duplicates save_result tool appears exactly once in a correctly deduplicated response","status":"passed","title":"save_result tool appears exactly once in a correctly deduplicated response","duration":3.456000000000131,"failureMessages":[],"meta":{},"tags":[]},{"ancestorTitles":["Issue 1 — System Tools Displayed Twice (FIX-20260518-140000)","Data layer: broken list_all_tools() response contains duplicates"],"fullName":"Issue 1 — System Tools Displayed Twice (FIX-20260518-140000) Data layer: broken list_all_tools() response contains duplicates all three system tools appear exactly twice in the broken response","status":"passed","title":"all three system tools appear exactly twice in the broken response","duration":5.362999999999374,"failureMessages":[],"meta":{},"tags":[]},{"ancestorTitles":["Issue 1 — System Tools Displayed Twice (FIX-20260518-140000)","UI layer: SkillEditor toolsByServer grouping shows duplicates"],"fullName":"Issue 1 — System Tools Displayed Twice (FIX-20260518-140000) UI layer: SkillEditor toolsByServer grouping shows duplicates correct (deduplicated) API response produces no duplicates — golden path","status":"passed","title":"correct (deduplicated) API response produces no duplicates — golden path","duration":2.1692999999995664,"failureMessages":[],"meta":{},"tags":[]}],"startTime":1779881112418,"endTime":1779881112437.1692,"status":"passed","message":"","name":"C:/Users/rhu/source/personal/coding-workspace/Parthenon/frontend/src/__tests__/service-decomposition/issue-1-skill-deduplication.test.tsx"},{"assertionResults":[{"ancestorTitles":["Issue 3 — AgentRoleDialog: SOP→Skill Auto-Selection (FIX-20260518-140000)"],"fullName":"Issue 3 — AgentRoleDialog: SOP→Skill Auto-Selection (FIX-20260518-140000) auto-checks required skill when its SOP is selected","status":"passed","title":"auto-checks required skill when its SOP is selected","duration":12056.6615,"failureMessages":[],"meta":{},"tags":[]},{"ancestorTitles":["Issue 3 — AgentRoleDialog: SOP→Skill Auto-Selection (FIX-20260518-140000)"],"fullName":"Issue 3 — AgentRoleDialog: SOP→Skill Auto-Selection (FIX-20260518-140000) makes required skill checkbox disabled (read-only) when its SOP is selected","status":"passed","title":"makes required skill checkbox disabled (read-only) when its SOP is selected","duration":564.8568999999989,"failureMessages":[],"meta":{},"tags":[]},{"ancestorTitles":["Issue 3 — AgentRoleDialog: SOP→Skill Auto-Selection (FIX-20260518-140000)"],"fullName":"Issue 3 — AgentRoleDialog: SOP→Skill Auto-Selection (FIX-20260518-140000) does NOT disable optional skills when a SOP is selected","status":"passed","title":"does NOT disable optional skills when a SOP is selected","duration":520.1361999999972,"failureMessages":[],"meta":{},"tags":[]},{"ancestorTitles":["Issue 3 — AgentRoleDialog: SOP→Skill Auto-Selection (FIX-20260518-140000)"],"fullName":"Issue 3 — AgentRoleDialog: SOP→Skill Auto-Selection (FIX-20260518-140000) un-checks and re-enables required skill when SOP is deselected","status":"passed","title":"un-checks and re-enables required skill when SOP is deselected","duration":674.1100000000006,"failureMessages":[],"meta":{},"tags":[]}],"startTime":1779881113441,"endTime":1779881127257.11,"status":"passed","message":"","name":"C:/Users/rhu/source/personal/coding-workspace/Parthenon/frontend/src/__tests__/service-decomposition/issue-3-sop-skill-autoselect.test.tsx"},{"assertionResults":[{"ancestorTitles":["CompletionStep"],"fullName":"CompletionStep renders success message","status":"passed","title":"renders success message","duration":129.32150000000001,"failureMessages":[],"meta":{},"tags":[]},{"ancestorTitles":["CompletionStep"],"fullName":"CompletionStep Go to Login button calls onGoToLogin","status":"passed","title":"Go to Login button calls onGoToLogin","duration":23.80329999999958,"failureMessages":[],"meta":{},"tags":[]}],"startTime":1779881185207,"endTime":1779881185360.8032,"status":"passed","message":"","name":"C:/Users/rhu/source/personal/coding-workspace/Parthenon/frontend/src/__tests__/features/setup/CompletionStep.test.tsx"},{"assertionResults":[{"ancestorTitles":["ExternalOidcConfigStep"],"fullName":"ExternalOidcConfigStep renders all fields","status":"passed","title":"renders all fields","duration":244.742400000001,"failureMessages":[],"meta":{},"tags":[]},{"ancestorTitles":["ExternalOidcConfigStep"],"fullName":"ExternalOidcConfigStep onChange fires on oidcDiscoveryUrl input","status":"passed","title":"onChange fires on oidcDiscoveryUrl input","duration":36.381500000001324,"failureMessages":[],"meta":{},"tags":[]},{"ancestorTitles":["ExternalOidcConfigStep"],"fullName":"ExternalOidcConfigStep onChange fires on clientId input","status":"passed","title":"onChange fires on clientId input","duration":16.565300000000207,"failureMessages":[],"meta":{},"tags":[]}],"startTime":1779881181824,"endTime":1779881182121.5652,"status":"passed","message":"","name":"C:/Users/rhu/source/personal/coding-workspace/Parthenon/frontend/src/__tests__/features/setup/ExternalOidcConfigStep.test.tsx"},{"assertionResults":[{"ancestorTitles":["KeycloakConfigStep"],"fullName":"KeycloakConfigStep renders all fields","status":"passed","title":"renders all fields","duration":257.2497999999996,"failureMessages":[],"meta":{},"tags":[]},{"ancestorTitles":["KeycloakConfigStep"],"fullName":"KeycloakConfigStep onChange fires on keycloakUrl input","status":"passed","title":"onChange fires on keycloakUrl input","duration":61.459500000000844,"failureMessages":[],"meta":{},"tags":[]},{"ancestorTitles":["KeycloakConfigStep"],"fullName":"KeycloakConfigStep onChange fires on realm input","status":"passed","title":"onChange fires on realm input","duration":34.55519999999888,"failureMessages":[],"meta":{},"tags":[]}],"startTime":1779881182369,"endTime":1779881182722.5552,"status":"passed","message":"","name":"C:/Users/rhu/source/personal/coding-workspace/Parthenon/frontend/src/__tests__/features/setup/KeycloakConfigStep.test.tsx"},{"assertionResults":[{"ancestorTitles":["ProviderSelectionStep"],"fullName":"ProviderSelectionStep renders all provider radio options","status":"passed","title":"renders all provider radio options","duration":101.11030000000028,"failureMessages":[],"meta":{},"tags":[]},{"ancestorTitles":["ProviderSelectionStep"],"fullName":"ProviderSelectionStep onChange fires with correct value","status":"passed","title":"onChange fires with correct value","duration":36.76479999999901,"failureMessages":[],"meta":{},"tags":[]}],"startTime":1779881184439,"endTime":1779881184577.765,"status":"passed","message":"","name":"C:/Users/rhu/source/personal/coding-workspace/Parthenon/frontend/src/__tests__/features/setup/ProviderSelectionStep.test.tsx"},{"assertionResults":[{"ancestorTitles":["SetupWizard"],"fullName":"SetupWizard renders provider selection step initially","status":"passed","title":"renders provider selection step initially","duration":352.2319000000025,"failureMessages":[],"meta":{},"tags":[]},{"ancestorTitles":["SetupWizard"],"fullName":"SetupWizard advances to keycloak config step on Next","status":"passed","title":"advances to keycloak config step on Next","duration":495.98070000000007,"failureMessages":[],"meta":{},"tags":[]},{"ancestorTitles":["SetupWizard"],"fullName":"SetupWizard shows external OIDC form when Azure EntraID selected","status":"passed","title":"shows external OIDC form when Azure EntraID selected","duration":302.2998000000007,"failureMessages":[],"meta":{},"tags":[]},{"ancestorTitles":["SetupWizard"],"fullName":"SetupWizard submit button disabled until required fields are filled","status":"passed","title":"submit button disabled until required fields are filled","duration":237.58759999999893,"failureMessages":[],"meta":{},"tags":[]},{"ancestorTitles":["SetupWizard"],"fullName":"SetupWizard submit triggers API call and navigates to completion on success","status":"passed","title":"submit triggers API call and navigates to completion on success","duration":653.5056000000004,"failureMessages":[],"meta":{},"tags":[]},{"ancestorTitles":["SetupWizard"],"fullName":"SetupWizard shows keycloak unreachable error on 502","status":"passed","title":"shows keycloak unreachable error on 502","duration":610.8051000000014,"failureMessages":[],"meta":{},"tags":[]}],"startTime":1779881152140,"endTime":1779881154792.8052,"status":"passed","message":"","name":"C:/Users/rhu/source/personal/coding-workspace/Parthenon/frontend/src/__tests__/features/setup/SetupWizard.test.tsx"},{"assertionResults":[{"ancestorTitles":["VerificationStep"],"fullName":"VerificationStep shows spinner when isLoading=true","status":"passed","title":"shows spinner when isLoading=true","duration":137.3171000000002,"failureMessages":[],"meta":{},"tags":[]},{"ancestorTitles":["VerificationStep"],"fullName":"VerificationStep shows error when error prop is set","status":"passed","title":"shows error when error prop is set","duration":31.103299999998853,"failureMessages":[],"meta":{},"tags":[]},{"ancestorTitles":["VerificationStep"],"fullName":"VerificationStep shows error when result.success=false","status":"passed","title":"shows error when result.success=false","duration":16.235399999999572,"failureMessages":[],"meta":{},"tags":[]},{"ancestorTitles":["VerificationStep"],"fullName":"VerificationStep renders nothing when not loading and result.success=true","status":"passed","title":"renders nothing when not loading and result.success=true","duration":3.964699999998629,"failureMessages":[],"meta":{},"tags":[]}],"startTime":1779881181338,"endTime":1779881181526.9646,"status":"passed","message":"","name":"C:/Users/rhu/source/personal/coding-workspace/Parthenon/frontend/src/__tests__/features/setup/VerificationStep.test.tsx"}]}