{"numTotalTestSuites":4,"numPassedTestSuites":4,"numFailedTestSuites":0,"numPendingTestSuites":0,"numTotalTests":11,"numPassedTests":11,"numFailedTests":0,"numPendingTests":0,"numTodoTests":0,"snapshot":{"added":0,"failure":false,"filesAdded":0,"filesRemoved":0,"filesRemovedList":[],"filesUnmatched":0,"filesUpdated":0,"matched":0,"total":0,"unchecked":0,"uncheckedKeysByFile":[],"unmatched":0,"updated":0,"didUpdate":false},"startTime":1780101119199,"success":true,"testResults":[{"assertionResults":[{"ancestorTitles":["ConversationDelegationVisibility"],"fullName":"ConversationDelegationVisibility renders exact delegation label and waiting indicator","status":"passed","title":"renders exact delegation label and waiting indicator","duration":241.98579999999947,"failureMessages":[],"meta":{},"tags":[]},{"ancestorTitles":["ConversationDelegationVisibility"],"fullName":"ConversationDelegationVisibility shows delegation intro and active progress while waiting even before first agent reply","status":"passed","title":"shows delegation intro and active progress while waiting even before first agent reply","duration":67.29939999999988,"failureMessages":[],"meta":{},"tags":[]},{"ancestorTitles":["ConversationDelegationVisibility"],"fullName":"ConversationDelegationVisibility shows delegation snippets folded by default and expands on demand","status":"passed","title":"shows delegation snippets folded by default and expands on demand","duration":74.9996000000001,"failureMessages":[],"meta":{},"tags":[]},{"ancestorTitles":["ConversationDelegationVisibility"],"fullName":"ConversationDelegationVisibility renders terminal timeout or failure status in chat view","status":"passed","title":"renders terminal timeout or failure status in chat view","duration":32.78430000000026,"failureMessages":[],"meta":{},"tags":[]}],"startTime":1780101125498,"endTime":1780101125915.7842,"status":"passed","message":"","name":"C:/Users/rhu/source/personal/coding-workspace/Parthenon/frontend/src/__tests__/ConversationDelegationVisibility.test.tsx"},{"assertionResults":[{"ancestorTitles":["ConversationDialog"],"fullName":"ConversationDialog waits for the WebSocket connection before sending the first message","status":"passed","title":"waits for the WebSocket connection before sending the first message","duration":396.54739999999947,"failureMessages":[],"meta":{},"tags":[]},{"ancestorTitles":["ConversationDialog"],"fullName":"ConversationDialog keeps conversational guardrail details hidden by default and opens floating hint on demand","status":"passed","title":"keeps conversational guardrail details hidden by default and opens floating hint on demand","duration":129.9385000000002,"failureMessages":[],"meta":{},"tags":[]},{"ancestorTitles":["ConversationDialog"],"fullName":"ConversationDialog restores guardrail hint values from resumed session payload","status":"passed","title":"restores guardrail hint values from resumed session payload","duration":91.50330000000031,"failureMessages":[],"meta":{},"tags":[]},{"ancestorTitles":["ConversationDialog"],"fullName":"ConversationDialog renders delegation and waiting status in the dialog chat area","status":"passed","title":"renders delegation and waiting status in the dialog chat area","duration":77.41880000000037,"failureMessages":[],"meta":{},"tags":[]},{"ancestorTitles":["ConversationDialog"],"fullName":"ConversationDialog renders folded delegation snippet preview in dialog chat area","status":"passed","title":"renders folded delegation snippet preview in dialog chat area","duration":44.746000000000095,"failureMessages":[],"meta":{},"tags":[]},{"ancestorTitles":["ConversationDialog"],"fullName":"ConversationDialog renders using_tool status in the dialog chat area","status":"passed","title":"renders using_tool status in the dialog chat area","duration":49.804700000000594,"failureMessages":[],"meta":{},"tags":[]},{"ancestorTitles":["ConversationDialog"],"fullName":"ConversationDialog renders timeout_or_failed terminal status in the dialog chat area","status":"passed","title":"renders timeout_or_failed terminal status in the dialog chat area","duration":41.28030000000035,"failureMessages":[],"meta":{},"tags":[]}],"startTime":1780101125498,"endTime":1780101126329.2803,"status":"passed","message":"","name":"C:/Users/rhu/source/personal/coding-workspace/Parthenon/frontend/src/__tests__/ConversationDialog.test.tsx"}]}