{"numTotalTestSuites":2,"numPassedTestSuites":2,"numFailedTestSuites":0,"numPendingTestSuites":0,"numTotalTests":3,"numPassedTests":3,"numFailedTests":0,"numPendingTests":0,"numTodoTests":0,"snapshot":{"added":0,"failure":false,"filesAdded":0,"filesRemoved":0,"filesRemovedList":[],"filesUnmatched":0,"filesUpdated":0,"matched":0,"total":0,"unchecked":0,"uncheckedKeysByFile":[],"unmatched":0,"updated":0,"didUpdate":false},"startTime":1780107835272,"success":true,"testResults":[{"assertionResults":[{"ancestorTitles":["delegationHistory utils"],"fullName":"delegationHistory utils keeps receiver session id when duplicate waiting status is deduplicated","status":"passed","title":"keeps receiver session id when duplicate waiting status is deduplicated","duration":3.5572000000001935,"failureMessages":[],"meta":{},"tags":[]},{"ancestorTitles":["delegationHistory utils"],"fullName":"delegationHistory utils does not inject synthetic delegation message before final conductor agent message","status":"passed","title":"does not inject synthetic delegation message before final conductor agent message","duration":0.809400000000096,"failureMessages":[],"meta":{},"tags":[]},{"ancestorTitles":["delegationHistory utils"],"fullName":"delegationHistory utils drops delegation-status-only agent turns represented by cycle bubble","status":"passed","title":"drops delegation-status-only agent turns represented by cycle bubble","duration":0.5441000000000713,"failureMessages":[],"meta":{},"tags":[]}],"startTime":1780107837824,"endTime":1780107837828.5442,"status":"passed","message":"","name":"C:/Users/rhu/source/personal/coding-workspace/Parthenon/frontend/src/__tests__/delegationHistory.test.ts"}]}