{"numTotalTestSuites":5,"numPassedTestSuites":5,"numFailedTestSuites":0,"numPendingTestSuites":0,"numTotalTests":37,"numPassedTests":37,"numFailedTests":0,"numPendingTests":0,"numTodoTests":0,"snapshot":{"added":0,"failure":false,"filesAdded":0,"filesRemoved":0,"filesRemovedList":[],"filesUnmatched":0,"filesUpdated":0,"matched":0,"total":0,"unchecked":0,"uncheckedKeysByFile":[],"unmatched":0,"updated":0,"didUpdate":false},"startTime":1780452220497,"success":true,"testResults":[{"assertionResults":[{"ancestorTitles":["AppShell — sidebar structure"],"fullName":"AppShell — sidebar structure renders Dashboard as a standalone top-level entry (one per drawer, not inside any group)","status":"passed","title":"renders Dashboard as a standalone top-level entry (one per drawer, not inside any group)","duration":3097.9885,"failureMessages":[],"meta":{},"tags":[]},{"ancestorTitles":["AppShell — sidebar structure"],"fullName":"AppShell — sidebar structure renders the three new group labels (Agents, Integrations, System)","status":"passed","title":"renders the three new group labels (Agents, Integrations, System)","duration":191.27790000000005,"failureMessages":[],"meta":{},"tags":[]},{"ancestorTitles":["AppShell — sidebar structure"],"fullName":"AppShell — sidebar structure does not render the legacy \"AI Agent\" group label","status":"passed","title":"does not render the legacy \"AI Agent\" group label","duration":164.27720000000045,"failureMessages":[],"meta":{},"tags":[]},{"ancestorTitles":["AppShell — sidebar structure"],"fullName":"AppShell — sidebar structure renders Agents child label \"nav.agentRoles\" under the Agents group","status":"passed","title":"renders Agents child label \"nav.agentRoles\" under the Agents group","duration":179.67109999999957,"failureMessages":[],"meta":{},"tags":[]},{"ancestorTitles":["AppShell — sidebar structure"],"fullName":"AppShell — sidebar structure renders Agents child label \"nav.agentIdentities\" under the Agents group","status":"passed","title":"renders Agents child label \"nav.agentIdentities\" under the Agents group","duration":172.09510000000046,"failureMessages":[],"meta":{},"tags":[]},{"ancestorTitles":["AppShell — sidebar structure"],"fullName":"AppShell — sidebar structure renders Agents child label \"nav.agentTypes\" under the Agents group","status":"passed","title":"renders Agents child label \"nav.agentTypes\" under the Agents group","duration":126.44580000000042,"failureMessages":[],"meta":{},"tags":[]},{"ancestorTitles":["AppShell — sidebar structure"],"fullName":"AppShell — sidebar structure renders Agents child label \"nav.agentExecutions\" under the Agents group","status":"passed","title":"renders Agents child label \"nav.agentExecutions\" under the Agents group","duration":139.29280000000017,"failureMessages":[],"meta":{},"tags":[]},{"ancestorTitles":["AppShell — sidebar structure"],"fullName":"AppShell — sidebar structure renders Agents child label \"nav.runtimeControl\" under the Agents group","status":"passed","title":"renders Agents child label \"nav.runtimeControl\" under the Agents group","duration":122.77010000000064,"failureMessages":[],"meta":{},"tags":[]},{"ancestorTitles":["AppShell — sidebar structure"],"fullName":"AppShell — sidebar structure renders Agents child label \"nav.agentLogs\" under the Agents group","status":"passed","title":"renders Agents child label \"nav.agentLogs\" under the Agents group","duration":160.67019999999957,"failureMessages":[],"meta":{},"tags":[]},{"ancestorTitles":["AppShell — sidebar structure"],"fullName":"AppShell — sidebar structure renders Agents child label \"nav.skills\" under the Agents group","status":"passed","title":"renders Agents child label \"nav.skills\" under the Agents group","duration":144.64130000000023,"failureMessages":[],"meta":{},"tags":[]},{"ancestorTitles":["AppShell — sidebar structure"],"fullName":"AppShell — sidebar structure renders Agents child label \"nav.sops\" under the Agents group","status":"passed","title":"renders Agents child label \"nav.sops\" under the Agents group","duration":67.0609999999997,"failureMessages":[],"meta":{},"tags":[]},{"ancestorTitles":["AppShell — sidebar structure"],"fullName":"AppShell — sidebar structure renders Agents child label \"nav.modelConfigs\" under the Agents group","status":"passed","title":"renders Agents child label \"nav.modelConfigs\" under the Agents group","duration":75.65549999999985,"failureMessages":[],"meta":{},"tags":[]},{"ancestorTitles":["AppShell — sidebar structure"],"fullName":"AppShell — sidebar structure renders Agents child label \"nav.schedules\" under the Agents group","status":"passed","title":"renders Agents child label \"nav.schedules\" under the Agents group","duration":77.52469999999994,"failureMessages":[],"meta":{},"tags":[]},{"ancestorTitles":["AppShell — sidebar structure"],"fullName":"AppShell — sidebar structure renders Agents child label \"nav.results\" under the Agents group","status":"passed","title":"renders Agents child label \"nav.results\" under the Agents group","duration":45.32939999999962,"failureMessages":[],"meta":{},"tags":[]},{"ancestorTitles":["AppShell — sidebar structure"],"fullName":"AppShell — sidebar structure renders Integrations child label \"nav.mcpHub\" under the Integrations group","status":"passed","title":"renders Integrations child label \"nav.mcpHub\" under the Integrations group","duration":64.33889999999974,"failureMessages":[],"meta":{},"tags":[]},{"ancestorTitles":["AppShell — sidebar structure"],"fullName":"AppShell — sidebar structure renders Integrations child label \"nav.gateway\" under the Integrations group","status":"passed","title":"renders Integrations child label \"nav.gateway\" under the Integrations group","duration":157.79910000000018,"failureMessages":[],"meta":{},"tags":[]},{"ancestorTitles":["AppShell — sidebar structure"],"fullName":"AppShell — sidebar structure renders Integrations child label \"nav.notificationChannels\" under the Integrations group","status":"passed","title":"renders Integrations child label \"nav.notificationChannels\" under the Integrations group","duration":91.60639999999967,"failureMessages":[],"meta":{},"tags":[]},{"ancestorTitles":["AppShell — sidebar structure"],"fullName":"AppShell — sidebar structure renders Integrations child label \"nav.recipientGroups\" under the Integrations group","status":"passed","title":"renders Integrations child label \"nav.recipientGroups\" under the Integrations group","duration":88.21210000000065,"failureMessages":[],"meta":{},"tags":[]},{"ancestorTitles":["AppShell — sidebar structure"],"fullName":"AppShell — sidebar structure renders Integrations child label \"nav.notificationLogs\" under the Integrations group","status":"passed","title":"renders Integrations child label \"nav.notificationLogs\" under the Integrations group","duration":92.84760000000006,"failureMessages":[],"meta":{},"tags":[]},{"ancestorTitles":["AppShell — sidebar structure"],"fullName":"AppShell — sidebar structure renders System child label \"nav.observability\" under the System group","status":"passed","title":"renders System child label \"nav.observability\" under the System group","duration":116.20219999999972,"failureMessages":[],"meta":{},"tags":[]},{"ancestorTitles":["AppShell — sidebar structure"],"fullName":"AppShell — sidebar structure renders System child label \"nav.permissions\" under the System group","status":"passed","title":"renders System child label \"nav.permissions\" under the System group","duration":44.72609999999986,"failureMessages":[],"meta":{},"tags":[]},{"ancestorTitles":["AppShell — sidebar structure"],"fullName":"AppShell — sidebar structure renders System child label \"nav.systemConfig\" under the System group","status":"passed","title":"renders System child label \"nav.systemConfig\" under the System group","duration":48.26509999999871,"failureMessages":[],"meta":{},"tags":[]},{"ancestorTitles":["AppShell — sidebar structure"],"fullName":"AppShell — sidebar structure renders the Agents group with exactly 11 children (in declaration order)","status":"passed","title":"renders the Agents group with exactly 11 children (in declaration order)","duration":82.66150000000016,"failureMessages":[],"meta":{},"tags":[]},{"ancestorTitles":["AppShell — sidebar structure"],"fullName":"AppShell — sidebar structure renders the Integrations group with exactly 5 children (in declaration order)","status":"passed","title":"renders the Integrations group with exactly 5 children (in declaration order)","duration":70.92330000000038,"failureMessages":[],"meta":{},"tags":[]},{"ancestorTitles":["AppShell — sidebar structure"],"fullName":"AppShell — sidebar structure renders the System group with exactly 3 children (in declaration order)","status":"passed","title":"renders the System group with exactly 3 children (in declaration order)","duration":84.6314999999995,"failureMessages":[],"meta":{},"tags":[]},{"ancestorTitles":["AppShell — i18n catalog"],"fullName":"AppShell — i18n catalog defines the three new group-label keys in en.json","status":"passed","title":"defines the three new group-label keys in en.json","duration":0.3842000000004191,"failureMessages":[],"meta":{},"tags":[]},{"ancestorTitles":["AppShell — i18n catalog"],"fullName":"AppShell — i18n catalog does not contain the legacy \"nav.aiAgent\" key","status":"passed","title":"does not contain the legacy \"nav.aiAgent\" key","duration":0.12999999999919964,"failureMessages":[],"meta":{},"tags":[]},{"ancestorTitles":["AppShell — i18n catalog"],"fullName":"AppShell — i18n catalog defines every labelKey referenced by NAV_GROUPS and STANDALONE_ITEMS","status":"passed","title":"defines every labelKey referenced by NAV_GROUPS and STANDALONE_ITEMS","duration":0.4588000000003376,"failureMessages":[],"meta":{},"tags":[]},{"ancestorTitles":["AppShell — app bar & outlet"],"fullName":"AppShell — app bar & outlet renders the app bar title","status":"passed","title":"renders the app bar title","duration":71.03750000000036,"failureMessages":[],"meta":{},"tags":[]},{"ancestorTitles":["AppShell — app bar & outlet"],"fullName":"AppShell — app bar & outlet renders the outlet placeholder","status":"passed","title":"renders the outlet placeholder","duration":66.95470000000023,"failureMessages":[],"meta":{},"tags":[]},{"ancestorTitles":["AppShell — sidebar interactions"],"fullName":"AppShell — sidebar interactions clicking a child item calls navigate with the child path","status":"passed","title":"clicking a child item calls navigate with the child path","duration":145.7369000000017,"failureMessages":[],"meta":{},"tags":[]},{"ancestorTitles":["AppShell — sidebar interactions"],"fullName":"AppShell — sidebar interactions clicking the Integrations group header toggles its body","status":"passed","title":"clicking the Integrations group header toggles its body","duration":434.9340000000011,"failureMessages":[],"meta":{},"tags":[]},{"ancestorTitles":["AppShell — sidebar interactions"],"fullName":"AppShell — sidebar interactions clicking one group header does not collapse other groups","status":"passed","title":"clicking one group header does not collapse other groups","duration":198.8760000000002,"failureMessages":[],"meta":{},"tags":[]},{"ancestorTitles":["AppShell — sidebar interactions"],"fullName":"AppShell — sidebar interactions marks the active child item with the MUI selected class","status":"passed","title":"marks the active child item with the MUI selected class","duration":70.86390000000029,"failureMessages":[],"meta":{},"tags":[]},{"ancestorTitles":["AppShell — sidebar interactions"],"fullName":"AppShell — sidebar interactions marks the active group header as selected when any child is active","status":"passed","title":"marks the active group header as selected when any child is active","duration":78.01790000000074,"failureMessages":[],"meta":{},"tags":[]},{"ancestorTitles":["AppShell — sidebar interactions"],"fullName":"AppShell — sidebar interactions auto-expands a group when navigated directly to a child route","status":"passed","title":"auto-expands a group when navigated directly to a child route","duration":177.93730000000141,"failureMessages":[],"meta":{},"tags":[]},{"ancestorTitles":["AppShell — sidebar interactions"],"fullName":"AppShell — sidebar interactions clicking Dashboard (standalone) navigates to /dashboard","status":"passed","title":"clicking Dashboard (standalone) navigates to /dashboard","duration":132.86189999999988,"failureMessages":[],"meta":{},"tags":[]}],"startTime":1780452223436,"endTime":1780452230522.8618,"status":"passed","message":"","name":"C:/Users/rhu/source/personal/coding-workspace/Parthenon/frontend/src/__tests__/AppShell.test.tsx"}]}