{"numTotalTestSuites":4,"numPassedTestSuites":2,"numFailedTestSuites":2,"numPendingTestSuites":0,"numTotalTests":14,"numPassedTests":13,"numFailedTests":1,"numPendingTests":0,"numTodoTests":0,"snapshot":{"added":0,"failure":false,"filesAdded":0,"filesRemoved":0,"filesRemovedList":[],"filesUnmatched":0,"filesUpdated":0,"matched":0,"total":0,"unchecked":0,"uncheckedKeysByFile":[],"unmatched":0,"updated":0,"didUpdate":false},"startTime":1780105826205,"success":false,"testResults":[{"assertionResults":[{"ancestorTitles":["ConversationDelegationVisibility"],"fullName":"ConversationDelegationVisibility renders exact delegation label and waiting indicator","status":"passed","title":"renders exact delegation label and waiting indicator","duration":220.76080000000002,"failureMessages":[],"meta":{},"tags":[]},{"ancestorTitles":["ConversationDelegationVisibility"],"fullName":"ConversationDelegationVisibility shows delegation intro and active progress while waiting even before first agent reply","status":"passed","title":"shows delegation intro and active progress while waiting even before first agent reply","duration":42.5639000000001,"failureMessages":[],"meta":{},"tags":[]},{"ancestorTitles":["ConversationDelegationVisibility"],"fullName":"ConversationDelegationVisibility shows delegation snippets folded by default and expands on demand","status":"passed","title":"shows delegation snippets folded by default and expands on demand","duration":67.57510000000002,"failureMessages":[],"meta":{},"tags":[]},{"ancestorTitles":["ConversationDelegationVisibility"],"fullName":"ConversationDelegationVisibility renders terminal timeout or failure status in chat view","status":"passed","title":"renders terminal timeout or failure status in chat view","duration":48.19750000000022,"failureMessages":[],"meta":{},"tags":[]},{"ancestorTitles":["ConversationDelegationVisibility"],"fullName":"ConversationDelegationVisibility renders separate progress bubbles per delegation cycle and keeps active cycle isolated from prior content","status":"passed","title":"renders separate progress bubbles per delegation cycle and keeps active cycle isolated from prior content","duration":61.72119999999995,"failureMessages":[],"meta":{},"tags":[]}],"startTime":1780105832417,"endTime":1780105832857.7212,"status":"passed","message":"","name":"C:/Users/rhu/source/personal/coding-workspace/Parthenon/frontend/src/__tests__/ConversationDelegationVisibility.test.tsx"},{"assertionResults":[{"ancestorTitles":["ConversationDialog"],"fullName":"ConversationDialog waits for the WebSocket connection before sending the first message","status":"passed","title":"waits for the WebSocket connection before sending the first message","duration":338.27179999999953,"failureMessages":[],"meta":{},"tags":[]},{"ancestorTitles":["ConversationDialog"],"fullName":"ConversationDialog keeps conversational guardrail details hidden by default and opens floating hint on demand","status":"passed","title":"keeps conversational guardrail details hidden by default and opens floating hint on demand","duration":109.56990000000042,"failureMessages":[],"meta":{},"tags":[]},{"ancestorTitles":["ConversationDialog"],"fullName":"ConversationDialog restores guardrail hint values from resumed session payload","status":"passed","title":"restores guardrail hint values from resumed session payload","duration":85.5630000000001,"failureMessages":[],"meta":{},"tags":[]},{"ancestorTitles":["ConversationDialog"],"fullName":"ConversationDialog shows policy snapshot id from resumed camelCase guardrail payload instead of unknown","status":"passed","title":"shows policy snapshot id from resumed camelCase guardrail payload instead of unknown","duration":74.14770000000044,"failureMessages":[],"meta":{},"tags":[]},{"ancestorTitles":["ConversationDialog"],"fullName":"ConversationDialog renders delegation and waiting status in the dialog chat area","status":"passed","title":"renders delegation and waiting status in the dialog chat area","duration":60.70190000000002,"failureMessages":[],"meta":{},"tags":[]},{"ancestorTitles":["ConversationDialog"],"fullName":"ConversationDialog renders folded delegation snippet preview in dialog chat area","status":"passed","title":"renders folded delegation snippet preview in dialog chat area","duration":33.47810000000027,"failureMessages":[],"meta":{},"tags":[]},{"ancestorTitles":["ConversationDialog"],"fullName":"ConversationDialog renders using_tool status in the dialog chat area","status":"passed","title":"renders using_tool status in the dialog chat area","duration":27.90059999999994,"failureMessages":[],"meta":{},"tags":[]},{"ancestorTitles":["ConversationDialog"],"fullName":"ConversationDialog does not render a duplicate progress indicator when active cycle is already delegating","status":"failed","title":"does not render a duplicate progress indicator when active cycle is already delegating","duration":37.80069999999978,"failureMessages":["AssertionError: expected [ <div …(2)>…(2)</div> ] to have a length of +0 but got 1\n    at Proxy.<anonymous> (file:///C:/Users/rhu/source/personal/coding-workspace/Parthenon/frontend/node_modules/@vitest/expect/dist/index.js:1389:20)\n    at Proxy.<anonymous> (file:///C:/Users/rhu/source/personal/coding-workspace/Parthenon/frontend/node_modules/@vitest/expect/dist/index.js:1156:15)\n    at Proxy.methodWrapper (file:///C:/Users/rhu/source/personal/coding-workspace/Parthenon/frontend/node_modules/chai/index.js:1700:25)\n    at C:/Users/rhu/source/personal/coding-workspace/Parthenon/frontend/src/__tests__/ConversationDialog.test.tsx:432:82\n    at file:///C:/Users/rhu/source/personal/coding-workspace/Parthenon/frontend/node_modules/@vitest/runner/dist/chunk-artifact.js:302:11\n    at file:///C:/Users/rhu/source/personal/coding-workspace/Parthenon/frontend/node_modules/@vitest/runner/dist/chunk-artifact.js:1903:26\n    at file:///C:/Users/rhu/source/personal/coding-workspace/Parthenon/frontend/node_modules/@vitest/runner/dist/chunk-artifact.js:2326:20\n    at new Promise (<anonymous>)\n    at runWithCancel (file:///C:/Users/rhu/source/personal/coding-workspace/Parthenon/frontend/node_modules/@vitest/runner/dist/chunk-artifact.js:2323:10)\n    at file:///C:/Users/rhu/source/personal/coding-workspace/Parthenon/frontend/node_modules/@vitest/runner/dist/chunk-artifact.js:2305:20"],"meta":{},"tags":[]},{"ancestorTitles":["ConversationDialog"],"fullName":"ConversationDialog renders timeout_or_failed terminal status in the dialog chat area","status":"passed","title":"renders timeout_or_failed terminal status in the dialog chat area","duration":37.89469999999983,"failureMessages":[],"meta":{},"tags":[]}],"startTime":1780105832416,"endTime":1780105833221.8948,"status":"failed","message":"","name":"C:/Users/rhu/source/personal/coding-workspace/Parthenon/frontend/src/__tests__/ConversationDialog.test.tsx"}]}