{"numTotalTestSuites":2,"numPassedTestSuites":2,"numFailedTestSuites":0,"numPendingTestSuites":0,"numTotalTests":5,"numPassedTests":5,"numFailedTests":0,"numPendingTests":0,"numTodoTests":0,"snapshot":{"added":0,"failure":false,"filesAdded":0,"filesRemoved":0,"filesRemovedList":[],"filesUnmatched":0,"filesUpdated":0,"matched":0,"total":0,"unchecked":0,"uncheckedKeysByFile":[],"unmatched":0,"updated":0,"didUpdate":false},"startTime":1780106134909,"success":true,"testResults":[{"assertionResults":[{"ancestorTitles":["ConversationDelegationVisibility"],"fullName":"ConversationDelegationVisibility renders exact delegation label and waiting indicator","status":"passed","title":"renders exact delegation label and waiting indicator","duration":331.89750000000004,"failureMessages":[],"meta":{},"tags":[]},{"ancestorTitles":["ConversationDelegationVisibility"],"fullName":"ConversationDelegationVisibility shows delegation intro and active progress while waiting even before first agent reply","status":"passed","title":"shows delegation intro and active progress while waiting even before first agent reply","duration":76.66229999999996,"failureMessages":[],"meta":{},"tags":[]},{"ancestorTitles":["ConversationDelegationVisibility"],"fullName":"ConversationDelegationVisibility shows delegation snippets folded by default and expands on demand","status":"passed","title":"shows delegation snippets folded by default and expands on demand","duration":100.60879999999997,"failureMessages":[],"meta":{},"tags":[]},{"ancestorTitles":["ConversationDelegationVisibility"],"fullName":"ConversationDelegationVisibility renders terminal timeout or failure status in chat view","status":"passed","title":"renders terminal timeout or failure status in chat view","duration":35.64500000000044,"failureMessages":[],"meta":{},"tags":[]},{"ancestorTitles":["ConversationDelegationVisibility"],"fullName":"ConversationDelegationVisibility renders separate progress bubbles per delegation cycle and keeps active cycle isolated from prior content","status":"passed","title":"renders separate progress bubbles per delegation cycle and keeps active cycle isolated from prior content","duration":71.55369999999948,"failureMessages":[],"meta":{},"tags":[]}],"startTime":1780106141863,"endTime":1780106142480.5537,"status":"passed","message":"","name":"C:/Users/rhu/source/personal/coding-workspace/Parthenon/frontend/src/__tests__/ConversationDelegationVisibility.test.tsx"}]}